{"D:\\awsGitRepos\\model\\src\\Lib\\AmortizationSchedule.ts": {"path":"D:\\awsGitRepos\\model\\src\\Lib\\AmortizationSchedule.ts","statementMap":{"0":{"start":{"line":9,"column":21},"end":{"line":12,"column":null}},"1":{"start":{"line":14,"column":2},"end":{"line":14,"column":null}},"2":{"start":{"line":24,"column":2},"end":{"line":24,"column":null}},"3":{"start":{"line":24,"column":28},"end":{"line":24,"column":51}},"4":{"start":{"line":34,"column":2},"end":{"line":34,"column":null}},"5":{"start":{"line":34,"column":30},"end":{"line":34,"column":45}},"6":{"start":{"line":49,"column":23},"end":{"line":49,"column":null}},"7":{"start":{"line":51,"column":2},"end":{"line":56,"column":null}},"8":{"start":{"line":52,"column":52},"end":{"line":52,"column":98}},"9":{"start":{"line":53,"column":51},"end":{"line":53,"column":73}},"10":{"start":{"line":54,"column":46},"end":{"line":54,"column":63}},"11":{"start":{"line":55,"column":47},"end":{"line":55,"column":66}},"12":{"start":{"line":64,"column":2},"end":{"line":68,"column":null}},"13":{"start":{"line":64,"column":15},"end":{"line":64,"column":18}},"14":{"start":{"line":65,"column":4},"end":{"line":67,"column":null}},"15":{"start":{"line":66,"column":6},"end":{"line":66,"column":null}},"16":{"start":{"line":69,"column":2},"end":{"line":69,"column":null}},"17":{"start":{"line":87,"column":6},"end":{"line":87,"column":null}},"18":{"start":{"line":89,"column":22},"end":{"line":89,"column":null}},"19":{"start":{"line":90,"column":22},"end":{"line":90,"column":null}},"20":{"start":{"line":91,"column":22},"end":{"line":91,"column":null}},"21":{"start":{"line":93,"column":2},"end":{"line":103,"column":null}},"22":{"start":{"line":94,"column":4},"end":{"line":96,"column":null}},"23":{"start":{"line":95,"column":6},"end":{"line":95,"column":null}},"24":{"start":{"line":97,"column":4},"end":{"line":99,"column":null}},"25":{"start":{"line":98,"column":6},"end":{"line":98,"column":null}},"26":{"start":{"line":100,"column":4},"end":{"line":102,"column":null}},"27":{"start":{"line":101,"column":6},"end":{"line":101,"column":null}},"28":{"start":{"line":105,"column":2},"end":{"line":105,"column":null}},"29":{"start":{"line":115,"column":2},"end":{"line":117,"column":null}},"30":{"start":{"line":116,"column":4},"end":{"line":116,"column":null}},"31":{"start":{"line":119,"column":44},"end":{"line":119,"column":null}},"32":{"start":{"line":120,"column":15},"end":{"line":120,"column":null}},"33":{"start":{"line":122,"column":2},"end":{"line":124,"column":null}},"34":{"start":{"line":122,"column":15},"end":{"line":122,"column":18}},"35":{"start":{"line":123,"column":4},"end":{"line":123,"column":null}},"36":{"start":{"line":127,"column":2},"end":{"line":129,"column":null}},"37":{"start":{"line":128,"column":4},"end":{"line":128,"column":null}},"38":{"start":{"line":131,"column":2},"end":{"line":131,"column":null}}},"fnMap":{"0":{"name":"formatMonthLabel","decl":{"start":{"line":8,"column":16},"end":{"line":8,"column":33}},"loc":{"start":{"line":8,"column":66},"end":{"line":15,"column":null}},"line":8},"1":{"name":"getPaymentByMonth","decl":{"start":{"line":20,"column":16},"end":{"line":20,"column":null}},"loc":{"start":{"line":23,"column":30},"end":{"line":25,"column":null}},"line":23},"2":{"name":"(anonymous_2)","decl":{"start":{"line":24,"column":23},"end":{"line":24,"column":28}},"loc":{"start":{"line":24,"column":28},"end":{"line":24,"column":51}},"line":24},"3":{"name":"getPaymentsByYear","decl":{"start":{"line":30,"column":16},"end":{"line":30,"column":null}},"loc":{"start":{"line":33,"column":20},"end":{"line":35,"column":null}},"line":33},"4":{"name":"(anonymous_4)","decl":{"start":{"line":34,"column":25},"end":{"line":34,"column":30}},"loc":{"start":{"line":34,"column":30},"end":{"line":34,"column":45}},"line":34},"5":{"name":"getTotalForYear","decl":{"start":{"line":40,"column":16},"end":{"line":40,"column":null}},"loc":{"start":{"line":48,"column":2},"end":{"line":57,"column":null}},"line":48},"6":{"name":"(anonymous_6)","decl":{"start":{"line":52,"column":40},"end":{"line":52,"column":41}},"loc":{"start":{"line":52,"column":52},"end":{"line":52,"column":98}},"line":52},"7":{"name":"(anonymous_7)","decl":{"start":{"line":53,"column":39},"end":{"line":53,"column":40}},"loc":{"start":{"line":53,"column":51},"end":{"line":53,"column":73}},"line":53},"8":{"name":"(anonymous_8)","decl":{"start":{"line":54,"column":34},"end":{"line":54,"column":35}},"loc":{"start":{"line":54,"column":46},"end":{"line":54,"column":63}},"line":54},"9":{"name":"(anonymous_9)","decl":{"start":{"line":55,"column":35},"end":{"line":55,"column":36}},"loc":{"start":{"line":55,"column":47},"end":{"line":55,"column":66}},"line":55},"10":{"name":"getPMIRemovalMonth","decl":{"start":{"line":62,"column":16},"end":{"line":62,"column":35}},"loc":{"start":{"line":62,"column":78},"end":{"line":70,"column":null}},"line":62},"11":{"name":"getMilestonePayments","decl":{"start":{"line":75,"column":16},"end":{"line":75,"column":null}},"loc":{"start":{"line":82,"column":2},"end":{"line":106,"column":null}},"line":82},"12":{"name":"sampleScheduleForChart","decl":{"start":{"line":111,"column":16},"end":{"line":111,"column":null}},"loc":{"start":{"line":114,"column":20},"end":{"line":132,"column":null}},"line":114}},"branchMap":{"0":{"loc":{"start":{"line":65,"column":4},"end":{"line":67,"column":null}},"type":"if","locations":[{"start":{"line":65,"column":4},"end":{"line":67,"column":null}},{"start":{},"end":{}}],"line":65},"1":{"loc":{"start":{"line":65,"column":8},"end":{"line":65,"column":65}},"type":"binary-expr","locations":[{"start":{"line":65,"column":8},"end":{"line":65,"column":39}},{"start":{"line":65,"column":39},"end":{"line":65,"column":65}}],"line":65},"2":{"loc":{"start":{"line":94,"column":4},"end":{"line":96,"column":null}},"type":"if","locations":[{"start":{"line":94,"column":4},"end":{"line":96,"column":null}},{"start":{},"end":{}}],"line":94},"3":{"loc":{"start":{"line":94,"column":8},"end":{"line":94,"column":82}},"type":"binary-expr","locations":[{"start":{"line":94,"column":8},"end":{"line":94,"column":41}},{"start":{"line":94,"column":41},"end":{"line":94,"column":82}}],"line":94},"4":{"loc":{"start":{"line":97,"column":4},"end":{"line":99,"column":null}},"type":"if","locations":[{"start":{"line":97,"column":4},"end":{"line":99,"column":null}},{"start":{},"end":{}}],"line":97},"5":{"loc":{"start":{"line":97,"column":8},"end":{"line":97,"column":77}},"type":"binary-expr","locations":[{"start":{"line":97,"column":8},"end":{"line":97,"column":36}},{"start":{"line":97,"column":36},"end":{"line":97,"column":77}}],"line":97},"6":{"loc":{"start":{"line":100,"column":4},"end":{"line":102,"column":null}},"type":"if","locations":[{"start":{"line":100,"column":4},"end":{"line":102,"column":null}},{"start":{},"end":{}}],"line":100},"7":{"loc":{"start":{"line":100,"column":8},"end":{"line":100,"column":83}},"type":"binary-expr","locations":[{"start":{"line":100,"column":8},"end":{"line":100,"column":42}},{"start":{"line":100,"column":42},"end":{"line":100,"column":83}}],"line":100},"8":{"loc":{"start":{"line":113,"column":2},"end":{"line":113,"column":null}},"type":"default-arg","locations":[{"start":{"line":113,"column":22},"end":{"line":113,"column":null}}],"line":113},"9":{"loc":{"start":{"line":115,"column":2},"end":{"line":117,"column":null}},"type":"if","locations":[{"start":{"line":115,"column":2},"end":{"line":117,"column":null}},{"start":{},"end":{}}],"line":115},"10":{"loc":{"start":{"line":127,"column":2},"end":{"line":129,"column":null}},"type":"if","locations":[{"start":{"line":127,"column":2},"end":{"line":129,"column":null}},{"start":{},"end":{}}],"line":127}},"s":{"0":15,"1":15,"2":5,"3":9,"4":8,"5":17,"6":4,"7":4,"8":5,"9":5,"10":5,"11":5,"12":5,"13":5,"14":4,"15":2,"16":3,"17":4,"18":4,"19":4,"20":4,"21":4,"22":9,"23":2,"24":9,"25":1,"26":9,"27":1,"28":4,"29":8,"30":3,"31":5,"32":5,"33":5,"34":5,"35":570,"36":5,"37":5,"38":5},"f":{"0":15,"1":5,"2":9,"3":8,"4":17,"5":4,"6":5,"7":5,"8":5,"9":5,"10":5,"11":4,"12":8},"b":{"0":[2,2],"1":[4,4],"2":[2,7],"3":[9,6],"4":[1,8],"5":[9,8],"6":[1,8],"7":[9,9],"8":[8],"9":[3,5],"10":[5,0]},"meta":{"lastBranch":11,"lastFunction":13,"lastStatement":39,"seen":{"f:8:16:8:33":0,"s:9:21:12:Infinity":0,"s:14:2:14:Infinity":1,"f:20:16:20:Infinity":1,"s:24:2:24:Infinity":2,"f:24:23:24:28":2,"s:24:28:24:51":3,"f:30:16:30:Infinity":3,"s:34:2:34:Infinity":4,"f:34:25:34:30":4,"s:34:30:34:45":5,"f:40:16:40:Infinity":5,"s:49:23:49:Infinity":6,"s:51:2:56:Infinity":7,"f:52:40:52:41":6,"s:52:52:52:98":8,"f:53:39:53:40":7,"s:53:51:53:73":9,"f:54:34:54:35":8,"s:54:46:54:63":10,"f:55:35:55:36":9,"s:55:47:55:66":11,"f:62:16:62:35":10,"s:64:2:68:Infinity":12,"s:64:15:64:18":13,"b:65:4:67:Infinity:undefined:undefined:undefined:undefined":0,"s:65:4:67:Infinity":14,"b:65:8:65:39:65:39:65:65":1,"s:66:6:66:Infinity":15,"s:69:2:69:Infinity":16,"f:75:16:75:Infinity":11,"s:87:6:87:Infinity":17,"s:89:22:89:Infinity":18,"s:90:22:90:Infinity":19,"s:91:22:91:Infinity":20,"s:93:2:103:Infinity":21,"b:94:4:96:Infinity:undefined:undefined:undefined:undefined":2,"s:94:4:96:Infinity":22,"b:94:8:94:41:94:41:94:82":3,"s:95:6:95:Infinity":23,"b:97:4:99:Infinity:undefined:undefined:undefined:undefined":4,"s:97:4:99:Infinity":24,"b:97:8:97:36:97:36:97:77":5,"s:98:6:98:Infinity":25,"b:100:4:102:Infinity:undefined:undefined:undefined:undefined":6,"s:100:4:102:Infinity":26,"b:100:8:100:42:100:42:100:83":7,"s:101:6:101:Infinity":27,"s:105:2:105:Infinity":28,"f:111:16:111:Infinity":12,"b:113:22:113:Infinity":8,"b:115:2:117:Infinity:undefined:undefined:undefined:undefined":9,"s:115:2:117:Infinity":29,"s:116:4:116:Infinity":30,"s:119:44:119:Infinity":31,"s:120:15:120:Infinity":32,"s:122:2:124:Infinity":33,"s:122:15:122:18":34,"s:123:4:123:Infinity":35,"b:127:2:129:Infinity:undefined:undefined:undefined:undefined":10,"s:127:2:129:Infinity":36,"s:128:4:128:Infinity":37,"s:131:2:131:Infinity":38}}}
,"D:\\awsGitRepos\\model\\src\\Lib\\AnnualProjectionCalculator.ts": {"path":"D:\\awsGitRepos\\model\\src\\Lib\\AnnualProjectionCalculator.ts","statementMap":{"0":{"start":{"line":18,"column":2},"end":{"line":18,"column":null}},"1":{"start":{"line":18,"column":24},"end":{"line":18,"column":null}},"2":{"start":{"line":19,"column":22},"end":{"line":19,"column":null}},"3":{"start":{"line":20,"column":2},"end":{"line":20,"column":null}},"4":{"start":{"line":33,"column":2},"end":{"line":33,"column":null}},"5":{"start":{"line":33,"column":49},"end":{"line":33,"column":null}},"6":{"start":{"line":35,"column":19},"end":{"line":35,"column":null}},"7":{"start":{"line":36,"column":2},"end":{"line":36,"column":null}},"8":{"start":{"line":36,"column":34},"end":{"line":36,"column":null}},"9":{"start":{"line":38,"column":16},"end":{"line":38,"column":null}},"10":{"start":{"line":41,"column":21},"end":{"line":41,"column":null}},"11":{"start":{"line":42,"column":2},"end":{"line":42,"column":null}},"12":{"start":{"line":67,"column":42},"end":{"line":67,"column":null}},"13":{"start":{"line":68,"column":8},"end":{"line":68,"column":null}},"14":{"start":{"line":70,"column":2},"end":{"line":101,"column":null}},"15":{"start":{"line":70,"column":18},"end":{"line":70,"column":21}},"16":{"start":{"line":73,"column":4},"end":{"line":77,"column":null}},"17":{"start":{"line":74,"column":6},"end":{"line":74,"column":null}},"18":{"start":{"line":76,"column":6},"end":{"line":76,"column":null}},"19":{"start":{"line":80,"column":20},"end":{"line":80,"column":null}},"20":{"start":{"line":83,"column":23},"end":{"line":83,"column":null}},"21":{"start":{"line":86,"column":26},"end":{"line":86,"column":null}},"22":{"start":{"line":87,"column":10},"end":{"line":87,"column":null}},"23":{"start":{"line":90,"column":10},"end":{"line":90,"column":null}},"24":{"start":{"line":92,"column":4},"end":{"line":100,"column":null}},"25":{"start":{"line":103,"column":2},"end":{"line":103,"column":null}}},"fnMap":{"0":{"name":"calculateInterpolatedPE","decl":{"start":{"line":12,"column":16},"end":{"line":12,"column":null}},"loc":{"start":{"line":17,"column":10},"end":{"line":21,"column":null}},"line":17},"1":{"name":"calculateImpliedGrowth","decl":{"start":{"line":29,"column":16},"end":{"line":29,"column":null}},"loc":{"start":{"line":32,"column":10},"end":{"line":43,"column":null}},"line":32},"2":{"name":"generateAnnualProjections","decl":{"start":{"line":57,"column":16},"end":{"line":57,"column":null}},"loc":{"start":{"line":66,"column":22},"end":{"line":104,"column":null}},"line":66}},"branchMap":{"0":{"loc":{"start":{"line":18,"column":2},"end":{"line":18,"column":null}},"type":"if","locations":[{"start":{"line":18,"column":2},"end":{"line":18,"column":null}},{"start":{},"end":{}}],"line":18},"1":{"loc":{"start":{"line":33,"column":2},"end":{"line":33,"column":null}},"type":"if","locations":[{"start":{"line":33,"column":2},"end":{"line":33,"column":null}},{"start":{},"end":{}}],"line":33},"2":{"loc":{"start":{"line":33,"column":6},"end":{"line":33,"column":49}},"type":"binary-expr","locations":[{"start":{"line":33,"column":6},"end":{"line":33,"column":32}},{"start":{"line":33,"column":32},"end":{"line":33,"column":49}}],"line":33},"3":{"loc":{"start":{"line":36,"column":2},"end":{"line":36,"column":null}},"type":"if","locations":[{"start":{"line":36,"column":2},"end":{"line":36,"column":null}},{"start":{},"end":{}}],"line":36},"4":{"loc":{"start":{"line":36,"column":6},"end":{"line":36,"column":34}},"type":"binary-expr","locations":[{"start":{"line":36,"column":6},"end":{"line":36,"column":19}},{"start":{"line":36,"column":19},"end":{"line":36,"column":34}}],"line":36},"5":{"loc":{"start":{"line":73,"column":4},"end":{"line":77,"column":null}},"type":"if","locations":[{"start":{"line":73,"column":4},"end":{"line":77,"column":null}},{"start":{"line":75,"column":11},"end":{"line":77,"column":null}}],"line":73},"6":{"loc":{"start":{"line":73,"column":8},"end":{"line":73,"column":59}},"type":"binary-expr","locations":[{"start":{"line":73,"column":8},"end":{"line":73,"column":31}},{"start":{"line":73,"column":31},"end":{"line":73,"column":59}}],"line":73},"7":{"loc":{"start":{"line":86,"column":26},"end":{"line":86,"column":null}},"type":"cond-expr","locations":[{"start":{"line":86,"column":39},"end":{"line":86,"column":54}},{"start":{"line":86,"column":54},"end":{"line":86,"column":null}}],"line":86}},"s":{"0":232,"1":1,"2":231,"3":231,"4":12,"5":3,"6":9,"7":12,"8":3,"9":6,"10":6,"11":6,"12":20,"13":20,"14":20,"15":20,"16":117,"17":12,"18":105,"19":117,"20":117,"21":117,"22":117,"23":117,"24":117,"25":20},"f":{"0":232,"1":12,"2":20},"b":{"0":[1,231],"1":[3,9],"2":[12,11],"3":[3,9],"4":[12,7],"5":[12,105],"6":[117,18],"7":[18,99]},"meta":{"lastBranch":8,"lastFunction":3,"lastStatement":26,"seen":{"f:12:16:12:Infinity":0,"b:18:2:18:Infinity:undefined:undefined:undefined:undefined":0,"s:18:2:18:Infinity":0,"s:18:24:18:Infinity":1,"s:19:22:19:Infinity":2,"s:20:2:20:Infinity":3,"f:29:16:29:Infinity":1,"b:33:2:33:Infinity:undefined:undefined:undefined:undefined":1,"s:33:2:33:Infinity":4,"b:33:6:33:32:33:32:33:49":2,"s:33:49:33:Infinity":5,"s:35:19:35:Infinity":6,"b:36:2:36:Infinity:undefined:undefined:undefined:undefined":3,"s:36:2:36:Infinity":7,"b:36:6:36:19:36:19:36:34":4,"s:36:34:36:Infinity":8,"s:38:16:38:Infinity":9,"s:41:21:41:Infinity":10,"s:42:2:42:Infinity":11,"f:57:16:57:Infinity":2,"s:67:42:67:Infinity":12,"s:68:8:68:Infinity":13,"s:70:2:101:Infinity":14,"s:70:18:70:21":15,"b:73:4:77:Infinity:75:11:77:Infinity":5,"s:73:4:77:Infinity":16,"b:73:8:73:31:73:31:73:59":6,"s:74:6:74:Infinity":17,"s:76:6:76:Infinity":18,"s:80:20:80:Infinity":19,"s:83:23:83:Infinity":20,"s:86:26:86:Infinity":21,"b:86:39:86:54:86:54:86:Infinity":7,"s:87:10:87:Infinity":22,"s:90:10:90:Infinity":23,"s:92:4:100:Infinity":24,"s:103:2:103:Infinity":25}}}
,"D:\\awsGitRepos\\model\\src\\Lib\\GetValuesBasedOnDate.ts": {"path":"D:\\awsGitRepos\\model\\src\\Lib\\GetValuesBasedOnDate.ts","statementMap":{"0":{"start":{"line":14,"column":20},"end":{"line":14,"column":null}},"1":{"start":{"line":16,"column":8},"end":{"line":23,"column":null}},"2":{"start":{"line":18,"column":12},"end":{"line":18,"column":null}},"3":{"start":{"line":19,"column":12},"end":{"line":19,"column":null}},"4":{"start":{"line":22,"column":12},"end":{"line":22,"column":null}},"5":{"start":{"line":24,"column":8},"end":{"line":24,"column":null}},"6":{"start":{"line":29,"column":33},"end":{"line":29,"column":null}},"7":{"start":{"line":31,"column":8},"end":{"line":34,"column":null}},"8":{"start":{"line":33,"column":12},"end":{"line":33,"column":null}},"9":{"start":{"line":36,"column":29},"end":{"line":36,"column":null}},"10":{"start":{"line":47,"column":22},"end":{"line":47,"column":null}},"11":{"start":{"line":48,"column":8},"end":{"line":48,"column":null}},"12":{"start":{"line":53,"column":18},"end":{"line":53,"column":null}},"13":{"start":{"line":55,"column":8},"end":{"line":68,"column":null}},"14":{"start":{"line":55,"column":18},"end":{"line":55,"column":20}},"15":{"start":{"line":57,"column":27},"end":{"line":57,"column":null}},"16":{"start":{"line":58,"column":12},"end":{"line":67,"column":null}},"17":{"start":{"line":60,"column":16},"end":{"line":60,"column":null}},"18":{"start":{"line":65,"column":16},"end":{"line":65,"column":null}},"19":{"start":{"line":66,"column":16},"end":{"line":66,"column":null}},"20":{"start":{"line":69,"column":8},"end":{"line":69,"column":null}},"21":{"start":{"line":74,"column":21},"end":{"line":74,"column":null}},"22":{"start":{"line":76,"column":8},"end":{"line":89,"column":null}},"23":{"start":{"line":76,"column":18},"end":{"line":76,"column":20}},"24":{"start":{"line":78,"column":27},"end":{"line":78,"column":null}},"25":{"start":{"line":79,"column":12},"end":{"line":88,"column":null}},"26":{"start":{"line":82,"column":14},"end":{"line":87,"column":null}},"27":{"start":{"line":85,"column":20},"end":{"line":85,"column":null}},"28":{"start":{"line":90,"column":8},"end":{"line":90,"column":null}},"29":{"start":{"line":95,"column":22},"end":{"line":95,"column":null}},"30":{"start":{"line":97,"column":8},"end":{"line":109,"column":null}},"31":{"start":{"line":97,"column":18},"end":{"line":97,"column":20}},"32":{"start":{"line":99,"column":27},"end":{"line":99,"column":null}},"33":{"start":{"line":100,"column":12},"end":{"line":108,"column":null}},"34":{"start":{"line":103,"column":16},"end":{"line":107,"column":null}},"35":{"start":{"line":105,"column":20},"end":{"line":105,"column":null}},"36":{"start":{"line":110,"column":8},"end":{"line":110,"column":null}},"37":{"start":{"line":115,"column":22},"end":{"line":115,"column":null}},"38":{"start":{"line":116,"column":8},"end":{"line":116,"column":null}},"39":{"start":{"line":122,"column":8},"end":{"line":122,"column":null}},"40":{"start":{"line":128,"column":7},"end":{"line":128,"column":null}},"41":{"start":{"line":134,"column":8},"end":{"line":134,"column":null}}},"fnMap":{"0":{"name":"(anonymous_0)","decl":{"start":{"line":8,"column":4},"end":{"line":8,"column":17}},"loc":{"start":{"line":8,"column":17},"end":{"line":10,"column":null}},"line":8},"1":{"name":"(anonymous_1)","decl":{"start":{"line":12,"column":4},"end":{"line":12,"column":41}},"loc":{"start":{"line":13,"column":4},"end":{"line":25,"column":null}},"line":13},"2":{"name":"(anonymous_2)","decl":{"start":{"line":27,"column":4},"end":{"line":27,"column":31}},"loc":{"start":{"line":28,"column":4},"end":{"line":49,"column":null}},"line":28},"3":{"name":"(anonymous_3)","decl":{"start":{"line":51,"column":4},"end":{"line":51,"column":26}},"loc":{"start":{"line":52,"column":4},"end":{"line":70,"column":null}},"line":52},"4":{"name":"(anonymous_4)","decl":{"start":{"line":72,"column":4},"end":{"line":72,"column":31}},"loc":{"start":{"line":73,"column":4},"end":{"line":91,"column":null}},"line":73},"5":{"name":"(anonymous_5)","decl":{"start":{"line":93,"column":4},"end":{"line":93,"column":32}},"loc":{"start":{"line":94,"column":4},"end":{"line":111,"column":null}},"line":94},"6":{"name":"(anonymous_6)","decl":{"start":{"line":113,"column":4},"end":{"line":113,"column":34}},"loc":{"start":{"line":114,"column":4},"end":{"line":118,"column":null}},"line":114},"7":{"name":"(anonymous_7)","decl":{"start":{"line":120,"column":4},"end":{"line":120,"column":null}},"loc":{"start":{"line":121,"column":4},"end":{"line":124,"column":null}},"line":121},"8":{"name":"(anonymous_8)","decl":{"start":{"line":126,"column":4},"end":{"line":126,"column":null}},"loc":{"start":{"line":127,"column":4},"end":{"line":130,"column":null}},"line":127},"9":{"name":"(anonymous_9)","decl":{"start":{"line":132,"column":4},"end":{"line":132,"column":null}},"loc":{"start":{"line":133,"column":4},"end":{"line":136,"column":null}},"line":133}},"branchMap":{"0":{"loc":{"start":{"line":16,"column":8},"end":{"line":23,"column":null}},"type":"if","locations":[{"start":{"line":16,"column":8},"end":{"line":23,"column":null}},{"start":{"line":21,"column":12},"end":{"line":23,"column":null}}],"line":16},"1":{"loc":{"start":{"line":31,"column":8},"end":{"line":34,"column":null}},"type":"if","locations":[{"start":{"line":31,"column":8},"end":{"line":34,"column":null}},{"start":{},"end":{}}],"line":31},"2":{"loc":{"start":{"line":58,"column":12},"end":{"line":67,"column":null}},"type":"if","locations":[{"start":{"line":58,"column":12},"end":{"line":67,"column":null}},{"start":{"line":63,"column":16},"end":{"line":67,"column":null}}],"line":58},"3":{"loc":{"start":{"line":79,"column":12},"end":{"line":88,"column":null}},"type":"if","locations":[{"start":{"line":79,"column":12},"end":{"line":88,"column":null}},{"start":{},"end":{}}],"line":79},"4":{"loc":{"start":{"line":82,"column":14},"end":{"line":87,"column":null}},"type":"if","locations":[{"start":{"line":82,"column":14},"end":{"line":87,"column":null}},{"start":{},"end":{}}],"line":82},"5":{"loc":{"start":{"line":100,"column":12},"end":{"line":108,"column":null}},"type":"if","locations":[{"start":{"line":100,"column":12},"end":{"line":108,"column":null}},{"start":{},"end":{}}],"line":100},"6":{"loc":{"start":{"line":103,"column":16},"end":{"line":107,"column":null}},"type":"if","locations":[{"start":{"line":103,"column":16},"end":{"line":107,"column":null}},{"start":{},"end":{}}],"line":103}},"s":{"0":5,"1":5,"2":3,"3":3,"4":2,"5":5,"6":3,"7":3,"8":2,"9":1,"10":1,"11":1,"12":8,"13":8,"14":8,"15":17,"16":17,"17":12,"18":5,"19":5,"20":8,"21":4,"22":4,"23":4,"24":8,"25":8,"26":5,"27":4,"28":4,"29":4,"30":4,"31":4,"32":8,"33":8,"34":5,"35":3,"36":4,"37":3,"38":3,"39":3,"40":3,"41":3},"f":{"0":30,"1":5,"2":3,"3":8,"4":4,"5":4,"6":3,"7":3,"8":3,"9":3},"b":{"0":[3,2],"1":[2,1],"2":[12,5],"3":[5,3],"4":[4,1],"5":[5,3],"6":[3,2]},"meta":{"lastBranch":7,"lastFunction":10,"lastStatement":42,"seen":{"f:8:4:8:17":0,"f:12:4:12:41":1,"s:14:20:14:Infinity":0,"b:16:8:23:Infinity:21:12:23:Infinity":0,"s:16:8:23:Infinity":1,"s:18:12:18:Infinity":2,"s:19:12:19:Infinity":3,"s:22:12:22:Infinity":4,"s:24:8:24:Infinity":5,"f:27:4:27:31":2,"s:29:33:29:Infinity":6,"b:31:8:34:Infinity:undefined:undefined:undefined:undefined":1,"s:31:8:34:Infinity":7,"s:33:12:33:Infinity":8,"s:36:29:36:Infinity":9,"s:47:22:47:Infinity":10,"s:48:8:48:Infinity":11,"f:51:4:51:26":3,"s:53:18:53:Infinity":12,"s:55:8:68:Infinity":13,"s:55:18:55:20":14,"s:57:27:57:Infinity":15,"b:58:12:67:Infinity:63:16:67:Infinity":2,"s:58:12:67:Infinity":16,"s:60:16:60:Infinity":17,"s:65:16:65:Infinity":18,"s:66:16:66:Infinity":19,"s:69:8:69:Infinity":20,"f:72:4:72:31":4,"s:74:21:74:Infinity":21,"s:76:8:89:Infinity":22,"s:76:18:76:20":23,"s:78:27:78:Infinity":24,"b:79:12:88:Infinity:undefined:undefined:undefined:undefined":3,"s:79:12:88:Infinity":25,"b:82:14:87:Infinity:undefined:undefined:undefined:undefined":4,"s:82:14:87:Infinity":26,"s:85:20:85:Infinity":27,"s:90:8:90:Infinity":28,"f:93:4:93:32":5,"s:95:22:95:Infinity":29,"s:97:8:109:Infinity":30,"s:97:18:97:20":31,"s:99:27:99:Infinity":32,"b:100:12:108:Infinity:undefined:undefined:undefined:undefined":5,"s:100:12:108:Infinity":33,"b:103:16:107:Infinity:undefined:undefined:undefined:undefined":6,"s:103:16:107:Infinity":34,"s:105:20:105:Infinity":35,"s:110:8:110:Infinity":36,"f:113:4:113:34":6,"s:115:22:115:Infinity":37,"s:116:8:116:Infinity":38,"f:120:4:120:Infinity":7,"s:122:8:122:Infinity":39,"f:126:4:126:Infinity":8,"s:128:7:128:Infinity":40,"f:132:4:132:Infinity":9,"s:134:8:134:Infinity":41}}}
,"D:\\awsGitRepos\\model\\src\\Lib\\InvestmentCalculation.ts": {"path":"D:\\awsGitRepos\\model\\src\\Lib\\InvestmentCalculation.ts","statementMap":{"0":{"start":{"line":37,"column":2},"end":{"line":37,"column":null}},"1":{"start":{"line":37,"column":36},"end":{"line":37,"column":null}},"2":{"start":{"line":39,"column":22},"end":{"line":39,"column":null}},"3":{"start":{"line":40,"column":17},"end":{"line":40,"column":null}},"4":{"start":{"line":42,"column":2},"end":{"line":45,"column":null}},"5":{"start":{"line":44,"column":4},"end":{"line":44,"column":null}},"6":{"start":{"line":47,"column":2},"end":{"line":47,"column":null}},"7":{"start":{"line":59,"column":2},"end":{"line":59,"column":null}},"8":{"start":{"line":59,"column":41},"end":{"line":59,"column":null}},"9":{"start":{"line":61,"column":22},"end":{"line":61,"column":null}},"10":{"start":{"line":62,"column":17},"end":{"line":62,"column":null}},"11":{"start":{"line":64,"column":2},"end":{"line":67,"column":null}},"12":{"start":{"line":66,"column":4},"end":{"line":66,"column":null}},"13":{"start":{"line":69,"column":2},"end":{"line":69,"column":null}},"14":{"start":{"line":79,"column":92},"end":{"line":79,"column":null}},"15":{"start":{"line":81,"column":2},"end":{"line":88,"column":null}},"16":{"start":{"line":82,"column":4},"end":{"line":87,"column":null}},"17":{"start":{"line":90,"column":22},"end":{"line":90,"column":null}},"18":{"start":{"line":91,"column":22},"end":{"line":91,"column":null}},"19":{"start":{"line":92,"column":59},"end":{"line":92,"column":null}},"20":{"start":{"line":94,"column":19},"end":{"line":94,"column":null}},"21":{"start":{"line":95,"column":32},"end":{"line":95,"column":null}},"22":{"start":{"line":98,"column":8},"end":{"line":98,"column":null}},"23":{"start":{"line":99,"column":8},"end":{"line":99,"column":null}},"24":{"start":{"line":101,"column":2},"end":{"line":129,"column":null}},"25":{"start":{"line":101,"column":19},"end":{"line":101,"column":22}},"26":{"start":{"line":103,"column":4},"end":{"line":106,"column":null}},"27":{"start":{"line":104,"column":6},"end":{"line":104,"column":null}},"28":{"start":{"line":105,"column":6},"end":{"line":105,"column":null}},"29":{"start":{"line":109,"column":30},"end":{"line":109,"column":null}},"30":{"start":{"line":110,"column":4},"end":{"line":110,"column":null}},"31":{"start":{"line":112,"column":31},"end":{"line":112,"column":null}},"32":{"start":{"line":115,"column":29},"end":{"line":115,"column":null}},"33":{"start":{"line":116,"column":23},"end":{"line":116,"column":null}},"34":{"start":{"line":117,"column":10},"end":{"line":117,"column":null}},"35":{"start":{"line":119,"column":4},"end":{"line":128,"column":null}},"36":{"start":{"line":131,"column":21},"end":{"line":131,"column":null}},"37":{"start":{"line":132,"column":29},"end":{"line":132,"column":null}},"38":{"start":{"line":133,"column":30},"end":{"line":133,"column":null}},"39":{"start":{"line":135,"column":2},"end":{"line":140,"column":null}},"40":{"start":{"line":163,"column":90},"end":{"line":163,"column":null}},"41":{"start":{"line":165,"column":2},"end":{"line":172,"column":null}},"42":{"start":{"line":166,"column":4},"end":{"line":171,"column":null}},"43":{"start":{"line":174,"column":22},"end":{"line":174,"column":null}},"44":{"start":{"line":175,"column":22},"end":{"line":175,"column":null}},"45":{"start":{"line":176,"column":59},"end":{"line":176,"column":null}},"46":{"start":{"line":178,"column":19},"end":{"line":178,"column":null}},"47":{"start":{"line":179,"column":27},"end":{"line":179,"column":null}},"48":{"start":{"line":182,"column":8},"end":{"line":182,"column":null}},"49":{"start":{"line":183,"column":8},"end":{"line":183,"column":null}},"50":{"start":{"line":185,"column":2},"end":{"line":233,"column":null}},"51":{"start":{"line":185,"column":19},"end":{"line":185,"column":22}},"52":{"start":{"line":187,"column":30},"end":{"line":187,"column":null}},"53":{"start":{"line":188,"column":4},"end":{"line":188,"column":null}},"54":{"start":{"line":189,"column":4},"end":{"line":189,"column":null}},"55":{"start":{"line":193,"column":29},"end":{"line":193,"column":null}},"56":{"start":{"line":194,"column":4},"end":{"line":194,"column":null}},"57":{"start":{"line":197,"column":29},"end":{"line":197,"column":null}},"58":{"start":{"line":198,"column":23},"end":{"line":198,"column":null}},"59":{"start":{"line":199,"column":10},"end":{"line":199,"column":null}},"60":{"start":{"line":201,"column":4},"end":{"line":210,"column":null}},"61":{"start":{"line":213,"column":4},"end":{"line":232,"column":null}},"62":{"start":{"line":215,"column":6},"end":{"line":230,"column":null}},"63":{"start":{"line":215,"column":32},"end":{"line":215,"column":43}},"64":{"start":{"line":216,"column":33},"end":{"line":216,"column":null}},"65":{"start":{"line":217,"column":27},"end":{"line":217,"column":null}},"66":{"start":{"line":218,"column":14},"end":{"line":218,"column":null}},"67":{"start":{"line":220,"column":8},"end":{"line":229,"column":null}},"68":{"start":{"line":231,"column":6},"end":{"line":231,"column":null}},"69":{"start":{"line":235,"column":2},"end":{"line":240,"column":null}},"70":{"start":{"line":254,"column":16},"end":{"line":254,"column":null}},"71":{"start":{"line":255,"column":17},"end":{"line":255,"column":null}},"72":{"start":{"line":256,"column":22},"end":{"line":256,"column":null}},"73":{"start":{"line":257,"column":20},"end":{"line":257,"column":null}},"74":{"start":{"line":259,"column":2},"end":{"line":285,"column":null}},"75":{"start":{"line":259,"column":23},"end":{"line":259,"column":26}},"76":{"start":{"line":260,"column":10},"end":{"line":260,"column":null}},"77":{"start":{"line":262,"column":19},"end":{"line":267,"column":null}},"78":{"start":{"line":269,"column":23},"end":{"line":269,"column":null}},"79":{"start":{"line":271,"column":4},"end":{"line":274,"column":null}},"80":{"start":{"line":272,"column":6},"end":{"line":272,"column":null}},"81":{"start":{"line":273,"column":6},"end":{"line":273,"column":null}},"82":{"start":{"line":276,"column":4},"end":{"line":282,"column":null}},"83":{"start":{"line":278,"column":6},"end":{"line":278,"column":null}},"84":{"start":{"line":281,"column":6},"end":{"line":281,"column":null}},"85":{"start":{"line":284,"column":4},"end":{"line":284,"column":null}},"86":{"start":{"line":287,"column":2},"end":{"line":287,"column":null}},"87":{"start":{"line":295,"column":27},"end":{"line":295,"column":null}},"88":{"start":{"line":296,"column":29},"end":{"line":296,"column":null}},"89":{"start":{"line":299,"column":2},"end":{"line":301,"column":null}},"90":{"start":{"line":300,"column":4},"end":{"line":300,"column":null}},"91":{"start":{"line":303,"column":2},"end":{"line":305,"column":null}},"92":{"start":{"line":304,"column":4},"end":{"line":304,"column":null}},"93":{"start":{"line":307,"column":2},"end":{"line":309,"column":null}},"94":{"start":{"line":308,"column":4},"end":{"line":308,"column":null}},"95":{"start":{"line":311,"column":2},"end":{"line":313,"column":null}},"96":{"start":{"line":312,"column":4},"end":{"line":312,"column":null}},"97":{"start":{"line":315,"column":2},"end":{"line":317,"column":null}},"98":{"start":{"line":316,"column":4},"end":{"line":316,"column":null}},"99":{"start":{"line":319,"column":2},"end":{"line":321,"column":null}},"100":{"start":{"line":320,"column":4},"end":{"line":320,"column":null}},"101":{"start":{"line":323,"column":2},"end":{"line":327,"column":null}}},"fnMap":{"0":{"name":"calculateLumpSumFutureValue","decl":{"start":{"line":32,"column":16},"end":{"line":32,"column":null}},"loc":{"start":{"line":36,"column":10},"end":{"line":48,"column":null}},"line":36},"1":{"name":"calculateMonthlyContributionsFutureValue","decl":{"start":{"line":54,"column":16},"end":{"line":54,"column":null}},"loc":{"start":{"line":58,"column":10},"end":{"line":70,"column":null}},"line":58},"2":{"name":"calculateInvestmentGrowth","decl":{"start":{"line":76,"column":16},"end":{"line":76,"column":null}},"loc":{"start":{"line":78,"column":21},"end":{"line":141,"column":null}},"line":78},"3":{"name":"calculateDrawDownInvestment","decl":{"start":{"line":160,"column":16},"end":{"line":160,"column":null}},"loc":{"start":{"line":162,"column":21},"end":{"line":241,"column":null}},"line":162},"4":{"name":"calculateBreakevenRate","decl":{"start":{"line":247,"column":16},"end":{"line":247,"column":null}},"loc":{"start":{"line":252,"column":10},"end":{"line":288,"column":null}},"line":252},"5":{"name":"validateInvestmentInputs","decl":{"start":{"line":290,"column":16},"end":{"line":290,"column":41}},"loc":{"start":{"line":294,"column":2},"end":{"line":328,"column":null}},"line":294}},"branchMap":{"0":{"loc":{"start":{"line":37,"column":2},"end":{"line":37,"column":null}},"type":"if","locations":[{"start":{"line":37,"column":2},"end":{"line":37,"column":null}},{"start":{},"end":{}}],"line":37},"1":{"loc":{"start":{"line":37,"column":6},"end":{"line":37,"column":36}},"type":"binary-expr","locations":[{"start":{"line":37,"column":6},"end":{"line":37,"column":24}},{"start":{"line":37,"column":24},"end":{"line":37,"column":36}}],"line":37},"2":{"loc":{"start":{"line":42,"column":2},"end":{"line":45,"column":null}},"type":"if","locations":[{"start":{"line":42,"column":2},"end":{"line":45,"column":null}},{"start":{},"end":{}}],"line":42},"3":{"loc":{"start":{"line":59,"column":2},"end":{"line":59,"column":null}},"type":"if","locations":[{"start":{"line":59,"column":2},"end":{"line":59,"column":null}},{"start":{},"end":{}}],"line":59},"4":{"loc":{"start":{"line":59,"column":6},"end":{"line":59,"column":41}},"type":"binary-expr","locations":[{"start":{"line":59,"column":6},"end":{"line":59,"column":29}},{"start":{"line":59,"column":29},"end":{"line":59,"column":41}}],"line":59},"5":{"loc":{"start":{"line":64,"column":2},"end":{"line":67,"column":null}},"type":"if","locations":[{"start":{"line":64,"column":2},"end":{"line":67,"column":null}},{"start":{},"end":{}}],"line":64},"6":{"loc":{"start":{"line":81,"column":2},"end":{"line":88,"column":null}},"type":"if","locations":[{"start":{"line":81,"column":2},"end":{"line":88,"column":null}},{"start":{},"end":{}}],"line":81},"7":{"loc":{"start":{"line":103,"column":4},"end":{"line":106,"column":null}},"type":"if","locations":[{"start":{"line":103,"column":4},"end":{"line":106,"column":null}},{"start":{},"end":{}}],"line":103},"8":{"loc":{"start":{"line":165,"column":2},"end":{"line":172,"column":null}},"type":"if","locations":[{"start":{"line":165,"column":2},"end":{"line":172,"column":null}},{"start":{},"end":{}}],"line":165},"9":{"loc":{"start":{"line":165,"column":6},"end":{"line":165,"column":58}},"type":"binary-expr","locations":[{"start":{"line":165,"column":6},"end":{"line":165,"column":34}},{"start":{"line":165,"column":34},"end":{"line":165,"column":58}}],"line":165},"10":{"loc":{"start":{"line":213,"column":4},"end":{"line":232,"column":null}},"type":"if","locations":[{"start":{"line":213,"column":4},"end":{"line":232,"column":null}},{"start":{},"end":{}}],"line":213},"11":{"loc":{"start":{"line":271,"column":4},"end":{"line":274,"column":null}},"type":"if","locations":[{"start":{"line":271,"column":4},"end":{"line":274,"column":null}},{"start":{},"end":{}}],"line":271},"12":{"loc":{"start":{"line":276,"column":4},"end":{"line":282,"column":null}},"type":"if","locations":[{"start":{"line":276,"column":4},"end":{"line":282,"column":null}},{"start":{"line":279,"column":11},"end":{"line":282,"column":null}}],"line":276},"13":{"loc":{"start":{"line":299,"column":2},"end":{"line":301,"column":null}},"type":"if","locations":[{"start":{"line":299,"column":2},"end":{"line":301,"column":null}},{"start":{},"end":{}}],"line":299},"14":{"loc":{"start":{"line":303,"column":2},"end":{"line":305,"column":null}},"type":"if","locations":[{"start":{"line":303,"column":2},"end":{"line":305,"column":null}},{"start":{},"end":{}}],"line":303},"15":{"loc":{"start":{"line":307,"column":2},"end":{"line":309,"column":null}},"type":"if","locations":[{"start":{"line":307,"column":2},"end":{"line":309,"column":null}},{"start":{},"end":{}}],"line":307},"16":{"loc":{"start":{"line":311,"column":2},"end":{"line":313,"column":null}},"type":"if","locations":[{"start":{"line":311,"column":2},"end":{"line":313,"column":null}},{"start":{},"end":{}}],"line":311},"17":{"loc":{"start":{"line":315,"column":2},"end":{"line":317,"column":null}},"type":"if","locations":[{"start":{"line":315,"column":2},"end":{"line":317,"column":null}},{"start":{},"end":{}}],"line":315},"18":{"loc":{"start":{"line":319,"column":2},"end":{"line":321,"column":null}},"type":"if","locations":[{"start":{"line":319,"column":2},"end":{"line":321,"column":null}},{"start":{},"end":{}}],"line":319}},"s":{"0":9,"1":4,"2":5,"3":5,"4":5,"5":1,"6":4,"7":6,"8":4,"9":2,"10":2,"11":2,"12":1,"13":1,"14":18,"15":18,"16":1,"17":17,"18":17,"19":17,"20":17,"21":17,"22":17,"23":17,"24":17,"25":17,"26":2076,"27":1536,"28":1536,"29":2076,"30":2076,"31":2076,"32":2076,"33":2076,"34":2076,"35":2076,"36":17,"37":17,"38":17,"39":17,"40":229,"41":229,"42":1,"43":228,"44":228,"45":228,"46":228,"47":228,"48":228,"49":228,"50":228,"51":228,"52":42219,"53":42219,"54":42219,"55":42219,"56":42219,"57":42219,"58":42219,"59":42219,"60":42219,"61":42219,"62":105,"63":105,"64":31581,"65":31581,"66":31581,"67":31581,"68":105,"69":228,"70":5,"71":5,"72":5,"73":5,"74":5,"75":5,"76":220,"77":220,"78":220,"79":220,"80":4,"81":4,"82":216,"83":58,"84":158,"85":216,"86":5,"87":11,"88":11,"89":11,"90":2,"91":11,"92":3,"93":11,"94":1,"95":11,"96":2,"97":11,"98":2,"99":11,"100":2,"101":11},"f":{"0":9,"1":6,"2":18,"3":229,"4":5,"5":11},"b":{"0":[4,5],"1":[9,7],"2":[1,4],"3":[4,2],"4":[6,4],"5":[1,1],"6":[1,17],"7":[1536,540],"8":[1,228],"9":[229,229],"10":[105,42114],"11":[4,216],"12":[58,158],"13":[2,9],"14":[3,8],"15":[1,10],"16":[2,9],"17":[2,9],"18":[2,9]},"meta":{"lastBranch":19,"lastFunction":6,"lastStatement":102,"seen":{"f:32:16:32:Infinity":0,"b:37:2:37:Infinity:undefined:undefined:undefined:undefined":0,"s:37:2:37:Infinity":0,"b:37:6:37:24:37:24:37:36":1,"s:37:36:37:Infinity":1,"s:39:22:39:Infinity":2,"s:40:17:40:Infinity":3,"b:42:2:45:Infinity:undefined:undefined:undefined:undefined":2,"s:42:2:45:Infinity":4,"s:44:4:44:Infinity":5,"s:47:2:47:Infinity":6,"f:54:16:54:Infinity":1,"b:59:2:59:Infinity:undefined:undefined:undefined:undefined":3,"s:59:2:59:Infinity":7,"b:59:6:59:29:59:29:59:41":4,"s:59:41:59:Infinity":8,"s:61:22:61:Infinity":9,"s:62:17:62:Infinity":10,"b:64:2:67:Infinity:undefined:undefined:undefined:undefined":5,"s:64:2:67:Infinity":11,"s:66:4:66:Infinity":12,"s:69:2:69:Infinity":13,"f:76:16:76:Infinity":2,"s:79:92:79:Infinity":14,"b:81:2:88:Infinity:undefined:undefined:undefined:undefined":6,"s:81:2:88:Infinity":15,"s:82:4:87:Infinity":16,"s:90:22:90:Infinity":17,"s:91:22:91:Infinity":18,"s:92:59:92:Infinity":19,"s:94:19:94:Infinity":20,"s:95:32:95:Infinity":21,"s:98:8:98:Infinity":22,"s:99:8:99:Infinity":23,"s:101:2:129:Infinity":24,"s:101:19:101:22":25,"b:103:4:106:Infinity:undefined:undefined:undefined:undefined":7,"s:103:4:106:Infinity":26,"s:104:6:104:Infinity":27,"s:105:6:105:Infinity":28,"s:109:30:109:Infinity":29,"s:110:4:110:Infinity":30,"s:112:31:112:Infinity":31,"s:115:29:115:Infinity":32,"s:116:23:116:Infinity":33,"s:117:10:117:Infinity":34,"s:119:4:128:Infinity":35,"s:131:21:131:Infinity":36,"s:132:29:132:Infinity":37,"s:133:30:133:Infinity":38,"s:135:2:140:Infinity":39,"f:160:16:160:Infinity":3,"s:163:90:163:Infinity":40,"b:165:2:172:Infinity:undefined:undefined:undefined:undefined":8,"s:165:2:172:Infinity":41,"b:165:6:165:34:165:34:165:58":9,"s:166:4:171:Infinity":42,"s:174:22:174:Infinity":43,"s:175:22:175:Infinity":44,"s:176:59:176:Infinity":45,"s:178:19:178:Infinity":46,"s:179:27:179:Infinity":47,"s:182:8:182:Infinity":48,"s:183:8:183:Infinity":49,"s:185:2:233:Infinity":50,"s:185:19:185:22":51,"s:187:30:187:Infinity":52,"s:188:4:188:Infinity":53,"s:189:4:189:Infinity":54,"s:193:29:193:Infinity":55,"s:194:4:194:Infinity":56,"s:197:29:197:Infinity":57,"s:198:23:198:Infinity":58,"s:199:10:199:Infinity":59,"s:201:4:210:Infinity":60,"b:213:4:232:Infinity:undefined:undefined:undefined:undefined":10,"s:213:4:232:Infinity":61,"s:215:6:230:Infinity":62,"s:215:32:215:43":63,"s:216:33:216:Infinity":64,"s:217:27:217:Infinity":65,"s:218:14:218:Infinity":66,"s:220:8:229:Infinity":67,"s:231:6:231:Infinity":68,"s:235:2:240:Infinity":69,"f:247:16:247:Infinity":4,"s:254:16:254:Infinity":70,"s:255:17:255:Infinity":71,"s:256:22:256:Infinity":72,"s:257:20:257:Infinity":73,"s:259:2:285:Infinity":74,"s:259:23:259:26":75,"s:260:10:260:Infinity":76,"s:262:19:267:Infinity":77,"s:269:23:269:Infinity":78,"b:271:4:274:Infinity:undefined:undefined:undefined:undefined":11,"s:271:4:274:Infinity":79,"s:272:6:272:Infinity":80,"s:273:6:273:Infinity":81,"b:276:4:282:Infinity:279:11:282:Infinity":12,"s:276:4:282:Infinity":82,"s:278:6:278:Infinity":83,"s:281:6:281:Infinity":84,"s:284:4:284:Infinity":85,"s:287:2:287:Infinity":86,"f:290:16:290:41":5,"s:295:27:295:Infinity":87,"s:296:29:296:Infinity":88,"b:299:2:301:Infinity:undefined:undefined:undefined:undefined":13,"s:299:2:301:Infinity":89,"s:300:4:300:Infinity":90,"b:303:2:305:Infinity:undefined:undefined:undefined:undefined":14,"s:303:2:305:Infinity":91,"s:304:4:304:Infinity":92,"b:307:2:309:Infinity:undefined:undefined:undefined:undefined":15,"s:307:2:309:Infinity":93,"s:308:4:308:Infinity":94,"b:311:2:313:Infinity:undefined:undefined:undefined:undefined":16,"s:311:2:313:Infinity":95,"s:312:4:312:Infinity":96,"b:315:2:317:Infinity:undefined:undefined:undefined:undefined":17,"s:315:2:317:Infinity":97,"s:316:4:316:Infinity":98,"b:319:2:321:Infinity:undefined:undefined:undefined:undefined":18,"s:319:2:321:Infinity":99,"s:320:4:320:Infinity":100,"s:323:2:327:Infinity":101}}}
,"D:\\awsGitRepos\\model\\src\\Lib\\MortgageCalculation.ts": {"path":"D:\\awsGitRepos\\model\\src\\Lib\\MortgageCalculation.ts","statementMap":{"0":{"start":{"line":63,"column":2},"end":{"line":63,"column":null}},"1":{"start":{"line":63,"column":44},"end":{"line":63,"column":null}},"2":{"start":{"line":65,"column":22},"end":{"line":65,"column":null}},"3":{"start":{"line":66,"column":27},"end":{"line":66,"column":null}},"4":{"start":{"line":68,"column":2},"end":{"line":71,"column":null}},"5":{"start":{"line":70,"column":4},"end":{"line":70,"column":null}},"6":{"start":{"line":74,"column":4},"end":{"line":76,"column":null}},"7":{"start":{"line":78,"column":2},"end":{"line":78,"column":null}},"8":{"start":{"line":89,"column":22},"end":{"line":89,"column":null}},"9":{"start":{"line":91,"column":2},"end":{"line":93,"column":null}},"10":{"start":{"line":92,"column":4},"end":{"line":92,"column":null}},"11":{"start":{"line":95,"column":20},"end":{"line":95,"column":null}},"12":{"start":{"line":96,"column":21},"end":{"line":96,"column":null}},"13":{"start":{"line":98,"column":2},"end":{"line":98,"column":null}},"14":{"start":{"line":108,"column":20},"end":{"line":108,"column":null}},"15":{"start":{"line":109,"column":28},"end":{"line":109,"column":null}},"16":{"start":{"line":111,"column":2},"end":{"line":111,"column":null}},"17":{"start":{"line":121,"column":2},"end":{"line":121,"column":null}},"18":{"start":{"line":131,"column":76},"end":{"line":131,"column":null}},"19":{"start":{"line":133,"column":20},"end":{"line":133,"column":null}},"20":{"start":{"line":134,"column":22},"end":{"line":134,"column":null}},"21":{"start":{"line":135,"column":24},"end":{"line":135,"column":null}},"22":{"start":{"line":136,"column":23},"end":{"line":136,"column":null}},"23":{"start":{"line":138,"column":37},"end":{"line":138,"column":null}},"24":{"start":{"line":139,"column":25},"end":{"line":139,"column":null}},"25":{"start":{"line":140,"column":28},"end":{"line":140,"column":null}},"26":{"start":{"line":141,"column":27},"end":{"line":141,"column":null}},"27":{"start":{"line":142,"column":24},"end":{"line":142,"column":null}},"28":{"start":{"line":144,"column":8},"end":{"line":144,"column":null}},"29":{"start":{"line":145,"column":20},"end":{"line":145,"column":null}},"30":{"start":{"line":147,"column":2},"end":{"line":220,"column":null}},"31":{"start":{"line":149,"column":28},"end":{"line":149,"column":null}},"32":{"start":{"line":152,"column":27},"end":{"line":152,"column":null}},"33":{"start":{"line":155,"column":4},"end":{"line":157,"column":null}},"34":{"start":{"line":156,"column":6},"end":{"line":156,"column":null}},"35":{"start":{"line":160,"column":25},"end":{"line":160,"column":null}},"36":{"start":{"line":161,"column":4},"end":{"line":176,"column":null}},"37":{"start":{"line":162,"column":6},"end":{"line":175,"column":null}},"38":{"start":{"line":163,"column":8},"end":{"line":163,"column":null}},"39":{"start":{"line":164,"column":6},"end":{"line":175,"column":null}},"40":{"start":{"line":165,"column":8},"end":{"line":167,"column":null}},"41":{"start":{"line":166,"column":10},"end":{"line":166,"column":null}},"42":{"start":{"line":168,"column":6},"end":{"line":175,"column":null}},"43":{"start":{"line":169,"column":33},"end":{"line":169,"column":null}},"44":{"start":{"line":170,"column":8},"end":{"line":174,"column":null}},"45":{"start":{"line":171,"column":10},"end":{"line":173,"column":null}},"46":{"start":{"line":172,"column":12},"end":{"line":172,"column":null}},"47":{"start":{"line":179,"column":4},"end":{"line":181,"column":null}},"48":{"start":{"line":180,"column":6},"end":{"line":180,"column":null}},"49":{"start":{"line":184,"column":4},"end":{"line":184,"column":null}},"50":{"start":{"line":185,"column":4},"end":{"line":185,"column":null}},"51":{"start":{"line":185,"column":30},"end":{"line":185,"column":null}},"52":{"start":{"line":188,"column":24},"end":{"line":188,"column":null}},"53":{"start":{"line":189,"column":27},"end":{"line":189,"column":null}},"54":{"start":{"line":190,"column":23},"end":{"line":190,"column":null}},"55":{"start":{"line":193,"column":4},"end":{"line":193,"column":null}},"56":{"start":{"line":194,"column":4},"end":{"line":194,"column":null}},"57":{"start":{"line":195,"column":4},"end":{"line":195,"column":null}},"58":{"start":{"line":198,"column":23},"end":{"line":198,"column":null}},"59":{"start":{"line":199,"column":10},"end":{"line":199,"column":null}},"60":{"start":{"line":200,"column":17},"end":{"line":200,"column":null}},"61":{"start":{"line":203,"column":4},"end":{"line":217,"column":null}},"62":{"start":{"line":219,"column":4},"end":{"line":219,"column":null}},"63":{"start":{"line":222,"column":2},"end":{"line":222,"column":null}},"64":{"start":{"line":232,"column":84},"end":{"line":232,"column":null}},"65":{"start":{"line":235,"column":20},"end":{"line":239,"column":null}},"66":{"start":{"line":242,"column":38},"end":{"line":242,"column":null}},"67":{"start":{"line":245,"column":29},"end":{"line":245,"column":null}},"68":{"start":{"line":246,"column":27},"end":{"line":246,"column":null}},"69":{"start":{"line":250,"column":4},"end":{"line":254,"column":null}},"70":{"start":{"line":257,"column":31},"end":{"line":257,"column":null}},"71":{"start":{"line":260,"column":24},"end":{"line":263,"column":null}},"72":{"start":{"line":261,"column":22},"end":{"line":261,"column":null}},"73":{"start":{"line":265,"column":20},"end":{"line":265,"column":null}},"74":{"start":{"line":266,"column":22},"end":{"line":266,"column":null}},"75":{"start":{"line":269,"column":32},"end":{"line":269,"column":null}},"76":{"start":{"line":272,"column":19},"end":{"line":272,"column":null}},"77":{"start":{"line":274,"column":2},"end":{"line":288,"column":null}},"78":{"start":{"line":295,"column":2},"end":{"line":297,"column":null}},"79":{"start":{"line":296,"column":4},"end":{"line":296,"column":null}},"80":{"start":{"line":298,"column":2},"end":{"line":300,"column":null}},"81":{"start":{"line":299,"column":4},"end":{"line":299,"column":null}},"82":{"start":{"line":301,"column":2},"end":{"line":303,"column":null}},"83":{"start":{"line":302,"column":4},"end":{"line":302,"column":null}},"84":{"start":{"line":304,"column":2},"end":{"line":306,"column":null}},"85":{"start":{"line":305,"column":4},"end":{"line":305,"column":null}},"86":{"start":{"line":307,"column":2},"end":{"line":309,"column":null}},"87":{"start":{"line":308,"column":4},"end":{"line":308,"column":null}},"88":{"start":{"line":310,"column":2},"end":{"line":312,"column":null}},"89":{"start":{"line":311,"column":4},"end":{"line":311,"column":null}},"90":{"start":{"line":313,"column":2},"end":{"line":315,"column":null}},"91":{"start":{"line":314,"column":4},"end":{"line":314,"column":null}},"92":{"start":{"line":316,"column":2},"end":{"line":318,"column":null}},"93":{"start":{"line":317,"column":4},"end":{"line":317,"column":null}},"94":{"start":{"line":320,"column":2},"end":{"line":320,"column":null}}},"fnMap":{"0":{"name":"calculateMonthlyPayment","decl":{"start":{"line":58,"column":16},"end":{"line":58,"column":null}},"loc":{"start":{"line":62,"column":10},"end":{"line":79,"column":null}},"line":62},"1":{"name":"calculatePMI","decl":{"start":{"line":84,"column":16},"end":{"line":84,"column":null}},"loc":{"start":{"line":88,"column":48},"end":{"line":99,"column":null}},"line":88},"2":{"name":"calculateDownPaymentAmount","decl":{"start":{"line":104,"column":16},"end":{"line":104,"column":null}},"loc":{"start":{"line":107,"column":52},"end":{"line":112,"column":null}},"line":107},"3":{"name":"calculateLTV","decl":{"start":{"line":117,"column":16},"end":{"line":117,"column":null}},"loc":{"start":{"line":120,"column":10},"end":{"line":122,"column":null}},"line":120},"4":{"name":"generateAmortizationSchedule","decl":{"start":{"line":127,"column":16},"end":{"line":127,"column":null}},"loc":{"start":{"line":130,"column":20},"end":{"line":223,"column":null}},"line":130},"5":{"name":"calculateMortgage","decl":{"start":{"line":228,"column":16},"end":{"line":228,"column":null}},"loc":{"start":{"line":231,"column":19},"end":{"line":289,"column":null}},"line":231},"6":{"name":"(anonymous_6)","decl":{"start":{"line":261,"column":4},"end":{"line":261,"column":5}},"loc":{"start":{"line":261,"column":22},"end":{"line":261,"column":null}},"line":261},"7":{"name":"validateInputs","decl":{"start":{"line":294,"column":16},"end":{"line":294,"column":31}},"loc":{"start":{"line":294,"column":70},"end":{"line":321,"column":null}},"line":294}},"branchMap":{"0":{"loc":{"start":{"line":63,"column":2},"end":{"line":63,"column":null}},"type":"if","locations":[{"start":{"line":63,"column":2},"end":{"line":63,"column":null}},{"start":{},"end":{}}],"line":63},"1":{"loc":{"start":{"line":63,"column":6},"end":{"line":63,"column":44}},"type":"binary-expr","locations":[{"start":{"line":63,"column":6},"end":{"line":63,"column":24}},{"start":{"line":63,"column":24},"end":{"line":63,"column":44}}],"line":63},"2":{"loc":{"start":{"line":68,"column":2},"end":{"line":71,"column":null}},"type":"if","locations":[{"start":{"line":68,"column":2},"end":{"line":71,"column":null}},{"start":{},"end":{}}],"line":68},"3":{"loc":{"start":{"line":91,"column":2},"end":{"line":93,"column":null}},"type":"if","locations":[{"start":{"line":91,"column":2},"end":{"line":93,"column":null}},{"start":{},"end":{}}],"line":91},"4":{"loc":{"start":{"line":129,"column":2},"end":{"line":129,"column":null}},"type":"default-arg","locations":[{"start":{"line":129,"column":34},"end":{"line":129,"column":null}}],"line":129},"5":{"loc":{"start":{"line":147,"column":9},"end":{"line":147,"column":75}},"type":"binary-expr","locations":[{"start":{"line":147,"column":9},"end":{"line":147,"column":36}},{"start":{"line":147,"column":36},"end":{"line":147,"column":75}}],"line":147},"6":{"loc":{"start":{"line":155,"column":4},"end":{"line":157,"column":null}},"type":"if","locations":[{"start":{"line":155,"column":4},"end":{"line":157,"column":null}},{"start":{},"end":{}}],"line":155},"7":{"loc":{"start":{"line":162,"column":6},"end":{"line":175,"column":null}},"type":"if","locations":[{"start":{"line":162,"column":6},"end":{"line":175,"column":null}},{"start":{"line":164,"column":6},"end":{"line":175,"column":null}}],"line":162},"8":{"loc":{"start":{"line":162,"column":10},"end":{"line":162,"column":73}},"type":"binary-expr","locations":[{"start":{"line":162,"column":10},"end":{"line":162,"column":39}},{"start":{"line":162,"column":39},"end":{"line":162,"column":73}}],"line":162},"9":{"loc":{"start":{"line":164,"column":6},"end":{"line":175,"column":null}},"type":"if","locations":[{"start":{"line":164,"column":6},"end":{"line":175,"column":null}},{"start":{"line":168,"column":6},"end":{"line":175,"column":null}}],"line":164},"10":{"loc":{"start":{"line":165,"column":8},"end":{"line":167,"column":null}},"type":"if","locations":[{"start":{"line":165,"column":8},"end":{"line":167,"column":null}},{"start":{},"end":{}}],"line":165},"11":{"loc":{"start":{"line":165,"column":12},"end":{"line":165,"column":99}},"type":"binary-expr","locations":[{"start":{"line":165,"column":12},"end":{"line":165,"column":48}},{"start":{"line":165,"column":48},"end":{"line":165,"column":67}},{"start":{"line":165,"column":67},"end":{"line":165,"column":99}}],"line":165},"12":{"loc":{"start":{"line":168,"column":6},"end":{"line":175,"column":null}},"type":"if","locations":[{"start":{"line":168,"column":6},"end":{"line":175,"column":null}},{"start":{},"end":{}}],"line":168},"13":{"loc":{"start":{"line":170,"column":8},"end":{"line":174,"column":null}},"type":"if","locations":[{"start":{"line":170,"column":8},"end":{"line":174,"column":null}},{"start":{},"end":{}}],"line":170},"14":{"loc":{"start":{"line":170,"column":12},"end":{"line":170,"column":76}},"type":"binary-expr","locations":[{"start":{"line":170,"column":12},"end":{"line":170,"column":47}},{"start":{"line":170,"column":47},"end":{"line":170,"column":76}}],"line":170},"15":{"loc":{"start":{"line":171,"column":10},"end":{"line":173,"column":null}},"type":"if","locations":[{"start":{"line":171,"column":10},"end":{"line":173,"column":null}},{"start":{},"end":{}}],"line":171},"16":{"loc":{"start":{"line":171,"column":14},"end":{"line":171,"column":64}},"type":"binary-expr","locations":[{"start":{"line":171,"column":14},"end":{"line":171,"column":33}},{"start":{"line":171,"column":33},"end":{"line":171,"column":64}}],"line":171},"17":{"loc":{"start":{"line":179,"column":4},"end":{"line":181,"column":null}},"type":"if","locations":[{"start":{"line":179,"column":4},"end":{"line":181,"column":null}},{"start":{},"end":{}}],"line":179},"18":{"loc":{"start":{"line":185,"column":4},"end":{"line":185,"column":null}},"type":"if","locations":[{"start":{"line":185,"column":4},"end":{"line":185,"column":null}},{"start":{},"end":{}}],"line":185},"19":{"loc":{"start":{"line":188,"column":24},"end":{"line":188,"column":null}},"type":"binary-expr","locations":[{"start":{"line":188,"column":24},"end":{"line":188,"column":59}},{"start":{"line":188,"column":59},"end":{"line":188,"column":null}}],"line":188},"20":{"loc":{"start":{"line":190,"column":23},"end":{"line":190,"column":null}},"type":"cond-expr","locations":[{"start":{"line":190,"column":37},"end":{"line":190,"column":50}},{"start":{"line":190,"column":50},"end":{"line":190,"column":null}}],"line":190},"21":{"loc":{"start":{"line":230,"column":2},"end":{"line":230,"column":null}},"type":"default-arg","locations":[{"start":{"line":230,"column":34},"end":{"line":230,"column":null}}],"line":230},"22":{"loc":{"start":{"line":295,"column":2},"end":{"line":297,"column":null}},"type":"if","locations":[{"start":{"line":295,"column":2},"end":{"line":297,"column":null}},{"start":{},"end":{}}],"line":295},"23":{"loc":{"start":{"line":298,"column":2},"end":{"line":300,"column":null}},"type":"if","locations":[{"start":{"line":298,"column":2},"end":{"line":300,"column":null}},{"start":{},"end":{}}],"line":298},"24":{"loc":{"start":{"line":301,"column":2},"end":{"line":303,"column":null}},"type":"if","locations":[{"start":{"line":301,"column":2},"end":{"line":303,"column":null}},{"start":{},"end":{}}],"line":301},"25":{"loc":{"start":{"line":301,"column":6},"end":{"line":301,"column":59}},"type":"binary-expr","locations":[{"start":{"line":301,"column":6},"end":{"line":301,"column":32}},{"start":{"line":301,"column":32},"end":{"line":301,"column":59}}],"line":301},"26":{"loc":{"start":{"line":304,"column":2},"end":{"line":306,"column":null}},"type":"if","locations":[{"start":{"line":304,"column":2},"end":{"line":306,"column":null}},{"start":{},"end":{}}],"line":304},"27":{"loc":{"start":{"line":304,"column":6},"end":{"line":304,"column":60}},"type":"binary-expr","locations":[{"start":{"line":304,"column":6},"end":{"line":304,"column":34}},{"start":{"line":304,"column":34},"end":{"line":304,"column":60}}],"line":304},"28":{"loc":{"start":{"line":307,"column":2},"end":{"line":309,"column":null}},"type":"if","locations":[{"start":{"line":307,"column":2},"end":{"line":309,"column":null}},{"start":{},"end":{}}],"line":307},"29":{"loc":{"start":{"line":307,"column":6},"end":{"line":307,"column":61}},"type":"binary-expr","locations":[{"start":{"line":307,"column":6},"end":{"line":307,"column":34}},{"start":{"line":307,"column":34},"end":{"line":307,"column":61}}],"line":307},"30":{"loc":{"start":{"line":310,"column":2},"end":{"line":312,"column":null}},"type":"if","locations":[{"start":{"line":310,"column":2},"end":{"line":312,"column":null}},{"start":{},"end":{}}],"line":310},"31":{"loc":{"start":{"line":313,"column":2},"end":{"line":315,"column":null}},"type":"if","locations":[{"start":{"line":313,"column":2},"end":{"line":315,"column":null}},{"start":{},"end":{}}],"line":313},"32":{"loc":{"start":{"line":316,"column":2},"end":{"line":318,"column":null}},"type":"if","locations":[{"start":{"line":316,"column":2},"end":{"line":318,"column":null}},{"start":{},"end":{}}],"line":316}},"s":{"0":80,"1":4,"2":76,"3":76,"4":76,"5":2,"6":74,"7":74,"8":14323,"9":14323,"10":13235,"11":1088,"12":1088,"13":1088,"14":77,"15":77,"16":77,"17":28,"18":49,"19":49,"20":49,"21":49,"22":49,"23":49,"24":49,"25":49,"26":49,"27":49,"28":49,"29":49,"30":49,"31":14294,"32":14294,"33":14294,"34":41,"35":14294,"36":14294,"37":4758,"38":9,"39":4749,"40":1755,"41":1418,"42":2994,"43":974,"44":974,"45":80,"46":59,"47":14294,"48":8,"49":14294,"50":14294,"51":0,"52":14294,"53":14294,"54":14294,"55":14294,"56":14294,"57":14294,"58":14294,"59":14294,"60":14294,"61":14294,"62":14294,"63":49,"64":20,"65":20,"66":20,"67":20,"68":20,"69":20,"70":20,"71":20,"72":6252,"73":20,"74":20,"75":20,"76":20,"77":20,"78":23,"79":3,"80":20,"81":2,"82":18,"83":2,"84":16,"85":3,"86":13,"87":2,"88":11,"89":1,"90":10,"91":1,"92":9,"93":1,"94":8},"f":{"0":80,"1":14323,"2":77,"3":28,"4":49,"5":20,"6":6252,"7":23},"b":{"0":[4,76],"1":[80,78],"2":[2,74],"3":[13235,1088],"4":[49],"5":[49,14294],"6":[41,14253],"7":[9,4749],"8":[4758,2029],"9":[1755,2994],"10":[1418,337],"11":[1755,1743,337],"12":[974,2020],"13":[80,894],"14":[974,938],"15":[59,21],"16":[80,24],"17":[8,14286],"18":[0,14294],"19":[14294,370],"20":[370,13924],"21":[20],"22":[3,20],"23":[2,18],"24":[2,16],"25":[18,17],"26":[3,13],"27":[16,14],"28":[2,11],"29":[13,12],"30":[1,10],"31":[1,9],"32":[1,8]},"meta":{"lastBranch":33,"lastFunction":8,"lastStatement":95,"seen":{"f:58:16:58:Infinity":0,"b:63:2:63:Infinity:undefined:undefined:undefined:undefined":0,"s:63:2:63:Infinity":0,"b:63:6:63:24:63:24:63:44":1,"s:63:44:63:Infinity":1,"s:65:22:65:Infinity":2,"s:66:27:66:Infinity":3,"b:68:2:71:Infinity:undefined:undefined:undefined:undefined":2,"s:68:2:71:Infinity":4,"s:70:4:70:Infinity":5,"s:74:4:76:Infinity":6,"s:78:2:78:Infinity":7,"f:84:16:84:Infinity":1,"s:89:22:89:Infinity":8,"b:91:2:93:Infinity:undefined:undefined:undefined:undefined":3,"s:91:2:93:Infinity":9,"s:92:4:92:Infinity":10,"s:95:20:95:Infinity":11,"s:96:21:96:Infinity":12,"s:98:2:98:Infinity":13,"f:104:16:104:Infinity":2,"s:108:20:108:Infinity":14,"s:109:28:109:Infinity":15,"s:111:2:111:Infinity":16,"f:117:16:117:Infinity":3,"s:121:2:121:Infinity":17,"f:127:16:127:Infinity":4,"b:129:34:129:Infinity":4,"s:131:76:131:Infinity":18,"s:133:20:133:Infinity":19,"s:134:22:134:Infinity":20,"s:135:24:135:Infinity":21,"s:136:23:136:Infinity":22,"s:138:37:138:Infinity":23,"s:139:25:139:Infinity":24,"s:140:28:140:Infinity":25,"s:141:27:141:Infinity":26,"s:142:24:142:Infinity":27,"s:144:8:144:Infinity":28,"s:145:20:145:Infinity":29,"s:147:2:220:Infinity":30,"b:147:9:147:36:147:36:147:75":5,"s:149:28:149:Infinity":31,"s:152:27:152:Infinity":32,"b:155:4:157:Infinity:undefined:undefined:undefined:undefined":6,"s:155:4:157:Infinity":33,"s:156:6:156:Infinity":34,"s:160:25:160:Infinity":35,"s:161:4:176:Infinity":36,"b:162:6:175:Infinity:164:6:175:Infinity":7,"s:162:6:175:Infinity":37,"b:162:10:162:39:162:39:162:73":8,"s:163:8:163:Infinity":38,"b:164:6:175:Infinity:168:6:175:Infinity":9,"s:164:6:175:Infinity":39,"b:165:8:167:Infinity:undefined:undefined:undefined:undefined":10,"s:165:8:167:Infinity":40,"b:165:12:165:48:165:48:165:67:165:67:165:99":11,"s:166:10:166:Infinity":41,"b:168:6:175:Infinity:undefined:undefined:undefined:undefined":12,"s:168:6:175:Infinity":42,"s:169:33:169:Infinity":43,"b:170:8:174:Infinity:undefined:undefined:undefined:undefined":13,"s:170:8:174:Infinity":44,"b:170:12:170:47:170:47:170:76":14,"b:171:10:173:Infinity:undefined:undefined:undefined:undefined":15,"s:171:10:173:Infinity":45,"b:171:14:171:33:171:33:171:64":16,"s:172:12:172:Infinity":46,"b:179:4:181:Infinity:undefined:undefined:undefined:undefined":17,"s:179:4:181:Infinity":47,"s:180:6:180:Infinity":48,"s:184:4:184:Infinity":49,"b:185:4:185:Infinity:undefined:undefined:undefined:undefined":18,"s:185:4:185:Infinity":50,"s:185:30:185:Infinity":51,"s:188:24:188:Infinity":52,"b:188:24:188:59:188:59:188:Infinity":19,"s:189:27:189:Infinity":53,"s:190:23:190:Infinity":54,"b:190:37:190:50:190:50:190:Infinity":20,"s:193:4:193:Infinity":55,"s:194:4:194:Infinity":56,"s:195:4:195:Infinity":57,"s:198:23:198:Infinity":58,"s:199:10:199:Infinity":59,"s:200:17:200:Infinity":60,"s:203:4:217:Infinity":61,"s:219:4:219:Infinity":62,"s:222:2:222:Infinity":63,"f:228:16:228:Infinity":5,"b:230:34:230:Infinity":21,"s:232:84:232:Infinity":64,"s:235:20:239:Infinity":65,"s:242:38:242:Infinity":66,"s:245:29:245:Infinity":67,"s:246:27:246:Infinity":68,"s:250:4:254:Infinity":69,"s:257:31:257:Infinity":70,"s:260:24:263:Infinity":71,"f:261:4:261:5":6,"s:261:22:261:Infinity":72,"s:265:20:265:Infinity":73,"s:266:22:266:Infinity":74,"s:269:32:269:Infinity":75,"s:272:19:272:Infinity":76,"s:274:2:288:Infinity":77,"f:294:16:294:31":7,"b:295:2:297:Infinity:undefined:undefined:undefined:undefined":22,"s:295:2:297:Infinity":78,"s:296:4:296:Infinity":79,"b:298:2:300:Infinity:undefined:undefined:undefined:undefined":23,"s:298:2:300:Infinity":80,"s:299:4:299:Infinity":81,"b:301:2:303:Infinity:undefined:undefined:undefined:undefined":24,"s:301:2:303:Infinity":82,"b:301:6:301:32:301:32:301:59":25,"s:302:4:302:Infinity":83,"b:304:2:306:Infinity:undefined:undefined:undefined:undefined":26,"s:304:2:306:Infinity":84,"b:304:6:304:34:304:34:304:60":27,"s:305:4:305:Infinity":85,"b:307:2:309:Infinity:undefined:undefined:undefined:undefined":28,"s:307:2:309:Infinity":86,"b:307:6:307:34:307:34:307:61":29,"s:308:4:308:Infinity":87,"b:310:2:312:Infinity:undefined:undefined:undefined:undefined":30,"s:310:2:312:Infinity":88,"s:311:4:311:Infinity":89,"b:313:2:315:Infinity:undefined:undefined:undefined:undefined":31,"s:313:2:315:Infinity":90,"s:314:4:314:Infinity":91,"b:316:2:318:Infinity:undefined:undefined:undefined:undefined":32,"s:316:2:318:Infinity":92,"s:317:4:317:Infinity":93,"s:320:2:320:Infinity":94}}}
,"D:\\awsGitRepos\\model\\src\\Lib\\CalculateAverages\\CalculateAverages.ts": {"path":"D:\\awsGitRepos\\model\\src\\Lib\\CalculateAverages\\CalculateAverages.ts","statementMap":{"0":{"start":{"line":25,"column":4},"end":{"line":28,"column":null}},"1":{"start":{"line":26,"column":6},"end":{"line":26,"column":null}},"2":{"start":{"line":27,"column":6},"end":{"line":27,"column":null}},"3":{"start":{"line":29,"column":31},"end":{"line":29,"column":null}},"4":{"start":{"line":30,"column":4},"end":{"line":34,"column":null}},"5":{"start":{"line":30,"column":17},"end":{"line":30,"column":20}},"6":{"start":{"line":31,"column":29},"end":{"line":31,"column":null}},"7":{"start":{"line":33,"column":6},"end":{"line":33,"column":null}},"8":{"start":{"line":44,"column":33},"end":{"line":44,"column":null}},"9":{"start":{"line":46,"column":29},"end":{"line":46,"column":null}},"10":{"start":{"line":47,"column":4},"end":{"line":47,"column":null}},"11":{"start":{"line":50,"column":48},"end":{"line":50,"column":null}},"12":{"start":{"line":51,"column":38},"end":{"line":51,"column":null}},"13":{"start":{"line":52,"column":4},"end":{"line":52,"column":null}},"14":{"start":{"line":56,"column":4},"end":{"line":56,"column":null}},"15":{"start":{"line":59,"column":4},"end":{"line":71,"column":null}},"16":{"start":{"line":61,"column":35},"end":{"line":61,"column":null}},"17":{"start":{"line":62,"column":42},"end":{"line":62,"column":null}},"18":{"start":{"line":63,"column":6},"end":{"line":63,"column":null}},"19":{"start":{"line":65,"column":6},"end":{"line":68,"column":null}},"20":{"start":{"line":65,"column":19},"end":{"line":65,"column":22}},"21":{"start":{"line":66,"column":8},"end":{"line":66,"column":null}},"22":{"start":{"line":70,"column":6},"end":{"line":70,"column":null}},"23":{"start":{"line":74,"column":4},"end":{"line":74,"column":null}},"24":{"start":{"line":77,"column":4},"end":{"line":88,"column":null}},"25":{"start":{"line":78,"column":30},"end":{"line":78,"column":null}},"26":{"start":{"line":79,"column":37},"end":{"line":79,"column":null}},"27":{"start":{"line":80,"column":6},"end":{"line":80,"column":null}},"28":{"start":{"line":82,"column":6},"end":{"line":85,"column":null}},"29":{"start":{"line":82,"column":19},"end":{"line":82,"column":22}},"30":{"start":{"line":83,"column":8},"end":{"line":83,"column":null}},"31":{"start":{"line":87,"column":6},"end":{"line":87,"column":null}},"32":{"start":{"line":100,"column":4},"end":{"line":100,"column":null}},"33":{"start":{"line":109,"column":4},"end":{"line":112,"column":null}},"34":{"start":{"line":110,"column":6},"end":{"line":110,"column":null}},"35":{"start":{"line":111,"column":6},"end":{"line":111,"column":null}},"36":{"start":{"line":119,"column":45},"end":{"line":119,"column":null}},"37":{"start":{"line":122,"column":27},"end":{"line":122,"column":null}},"38":{"start":{"line":123,"column":23},"end":{"line":123,"column":null}},"39":{"start":{"line":126,"column":4},"end":{"line":128,"column":null}},"40":{"start":{"line":127,"column":6},"end":{"line":127,"column":null}},"41":{"start":{"line":130,"column":30},"end":{"line":130,"column":null}},"42":{"start":{"line":131,"column":4},"end":{"line":143,"column":null}},"43":{"start":{"line":131,"column":17},"end":{"line":131,"column":20}},"44":{"start":{"line":132,"column":37},"end":{"line":140,"column":null}},"45":{"start":{"line":142,"column":6},"end":{"line":142,"column":null}},"46":{"start":{"line":144,"column":4},"end":{"line":144,"column":null}},"47":{"start":{"line":149,"column":35},"end":{"line":149,"column":null}},"48":{"start":{"line":151,"column":28},"end":{"line":151,"column":null}},"49":{"start":{"line":152,"column":24},"end":{"line":152,"column":null}},"50":{"start":{"line":153,"column":4},"end":{"line":153,"column":null}},"51":{"start":{"line":157,"column":40},"end":{"line":157,"column":null}},"52":{"start":{"line":158,"column":40},"end":{"line":158,"column":null}},"53":{"start":{"line":160,"column":35},"end":{"line":160,"column":null}},"54":{"start":{"line":161,"column":27},"end":{"line":161,"column":null}},"55":{"start":{"line":163,"column":4},"end":{"line":163,"column":null}},"56":{"start":{"line":169,"column":27},"end":{"line":169,"column":null}},"57":{"start":{"line":170,"column":19},"end":{"line":170,"column":null}},"58":{"start":{"line":174,"column":4},"end":{"line":174,"column":null}},"59":{"start":{"line":178,"column":30},"end":{"line":178,"column":null}},"60":{"start":{"line":179,"column":29},"end":{"line":179,"column":null}},"61":{"start":{"line":181,"column":4},"end":{"line":187,"column":null}},"62":{"start":{"line":182,"column":6},"end":{"line":186,"column":null}},"63":{"start":{"line":182,"column":19},"end":{"line":182,"column":22}},"64":{"start":{"line":183,"column":48},"end":{"line":183,"column":null}},"65":{"start":{"line":184,"column":8},"end":{"line":184,"column":null}},"66":{"start":{"line":192,"column":4},"end":{"line":192,"column":null}},"67":{"start":{"line":197,"column":18},"end":{"line":197,"column":null}},"68":{"start":{"line":198,"column":4},"end":{"line":198,"column":null}}},"fnMap":{"0":{"name":"(anonymous_0)","decl":{"start":{"line":17,"column":2},"end":{"line":17,"column":16}},"loc":{"start":{"line":17,"column":16},"end":{"line":18,"column":null}},"line":17},"1":{"name":"(anonymous_1)","decl":{"start":{"line":21,"column":2},"end":{"line":21,"column":14}},"loc":{"start":{"line":21,"column":123},"end":{"line":101,"column":null}},"line":21},"2":{"name":"(anonymous_2)","decl":{"start":{"line":107,"column":2},"end":{"line":107,"column":17}},"loc":{"start":{"line":107,"column":170},"end":{"line":145,"column":null}},"line":107},"3":{"name":"(anonymous_3)","decl":{"start":{"line":147,"column":2},"end":{"line":147,"column":18}},"loc":{"start":{"line":147,"column":147},"end":{"line":154,"column":null}},"line":147},"4":{"name":"(anonymous_4)","decl":{"start":{"line":156,"column":2},"end":{"line":156,"column":25}},"loc":{"start":{"line":156,"column":134},"end":{"line":164,"column":null}},"line":156},"5":{"name":"(anonymous_5)","decl":{"start":{"line":166,"column":2},"end":{"line":166,"column":17}},"loc":{"start":{"line":166,"column":80},"end":{"line":175,"column":null}},"line":166},"6":{"name":"(anonymous_6)","decl":{"start":{"line":177,"column":2},"end":{"line":177,"column":30}},"loc":{"start":{"line":177,"column":120},"end":{"line":193,"column":null}},"line":177},"7":{"name":"(anonymous_7)","decl":{"start":{"line":195,"column":2},"end":{"line":195,"column":40}},"loc":{"start":{"line":196,"column":2},"end":{"line":200,"column":null}},"line":196}},"branchMap":{"0":{"loc":{"start":{"line":25,"column":4},"end":{"line":28,"column":null}},"type":"if","locations":[{"start":{"line":25,"column":4},"end":{"line":28,"column":null}},{"start":{},"end":{}}],"line":25},"1":{"loc":{"start":{"line":59,"column":4},"end":{"line":71,"column":null}},"type":"if","locations":[{"start":{"line":59,"column":4},"end":{"line":71,"column":null}},{"start":{"line":69,"column":11},"end":{"line":71,"column":null}}],"line":59},"2":{"loc":{"start":{"line":77,"column":4},"end":{"line":88,"column":null}},"type":"if","locations":[{"start":{"line":77,"column":4},"end":{"line":88,"column":null}},{"start":{"line":86,"column":11},"end":{"line":88,"column":null}}],"line":77},"3":{"loc":{"start":{"line":109,"column":4},"end":{"line":112,"column":null}},"type":"if","locations":[{"start":{"line":109,"column":4},"end":{"line":112,"column":null}},{"start":{},"end":{}}],"line":109},"4":{"loc":{"start":{"line":126,"column":4},"end":{"line":128,"column":null}},"type":"if","locations":[{"start":{"line":126,"column":4},"end":{"line":128,"column":null}},{"start":{},"end":{}}],"line":126},"5":{"loc":{"start":{"line":181,"column":4},"end":{"line":187,"column":null}},"type":"if","locations":[{"start":{"line":181,"column":4},"end":{"line":187,"column":null}},{"start":{},"end":{}}],"line":181},"6":{"loc":{"start":{"line":181,"column":9},"end":{"line":181,"column":157}},"type":"binary-expr","locations":[{"start":{"line":181,"column":9},"end":{"line":181,"column":49}},{"start":{"line":181,"column":49},"end":{"line":181,"column":102}},{"start":{"line":181,"column":102},"end":{"line":181,"column":157}}],"line":181}},"s":{"0":24,"1":1,"2":1,"3":23,"4":23,"5":23,"6":2556,"7":2556,"8":23,"9":23,"10":23,"11":23,"12":23,"13":23,"14":23,"15":23,"16":7,"17":7,"18":7,"19":7,"20":7,"21":1967,"22":15,"23":22,"24":22,"25":14,"26":14,"27":14,"28":14,"29":14,"30":2377,"31":8,"32":22,"33":9,"34":1,"35":1,"36":8,"37":8,"38":8,"39":8,"40":3,"41":5,"42":5,"43":5,"44":350,"45":350,"46":5,"47":4,"48":4,"49":4,"50":4,"51":4,"52":4,"53":4,"54":4,"55":4,"56":3,"57":3,"58":3,"59":7,"60":7,"61":7,"62":3,"63":3,"64":24,"65":24,"66":7,"67":356,"68":356},"f":{"0":52,"1":24,"2":9,"3":4,"4":4,"5":3,"6":7,"7":356},"b":{"0":[1,23],"1":[7,15],"2":[14,8],"3":[1,8],"4":[3,5],"5":[3,4],"6":[7,5,5]},"meta":{"lastBranch":7,"lastFunction":8,"lastStatement":69,"seen":{"f:17:2:17:16":0,"f:21:2:21:14":1,"b:25:4:28:Infinity:undefined:undefined:undefined:undefined":0,"s:25:4:28:Infinity":0,"s:26:6:26:Infinity":1,"s:27:6:27:Infinity":2,"s:29:31:29:Infinity":3,"s:30:4:34:Infinity":4,"s:30:17:30:20":5,"s:31:29:31:Infinity":6,"s:33:6:33:Infinity":7,"s:44:33:44:Infinity":8,"s:46:29:46:Infinity":9,"s:47:4:47:Infinity":10,"s:50:48:50:Infinity":11,"s:51:38:51:Infinity":12,"s:52:4:52:Infinity":13,"s:56:4:56:Infinity":14,"b:59:4:71:Infinity:69:11:71:Infinity":1,"s:59:4:71:Infinity":15,"s:61:35:61:Infinity":16,"s:62:42:62:Infinity":17,"s:63:6:63:Infinity":18,"s:65:6:68:Infinity":19,"s:65:19:65:22":20,"s:66:8:66:Infinity":21,"s:70:6:70:Infinity":22,"s:74:4:74:Infinity":23,"b:77:4:88:Infinity:86:11:88:Infinity":2,"s:77:4:88:Infinity":24,"s:78:30:78:Infinity":25,"s:79:37:79:Infinity":26,"s:80:6:80:Infinity":27,"s:82:6:85:Infinity":28,"s:82:19:82:22":29,"s:83:8:83:Infinity":30,"s:87:6:87:Infinity":31,"s:100:4:100:Infinity":32,"f:107:2:107:17":2,"b:109:4:112:Infinity:undefined:undefined:undefined:undefined":3,"s:109:4:112:Infinity":33,"s:110:6:110:Infinity":34,"s:111:6:111:Infinity":35,"s:119:45:119:Infinity":36,"s:122:27:122:Infinity":37,"s:123:23:123:Infinity":38,"b:126:4:128:Infinity:undefined:undefined:undefined:undefined":4,"s:126:4:128:Infinity":39,"s:127:6:127:Infinity":40,"s:130:30:130:Infinity":41,"s:131:4:143:Infinity":42,"s:131:17:131:20":43,"s:132:37:140:Infinity":44,"s:142:6:142:Infinity":45,"s:144:4:144:Infinity":46,"f:147:2:147:18":3,"s:149:35:149:Infinity":47,"s:151:28:151:Infinity":48,"s:152:24:152:Infinity":49,"s:153:4:153:Infinity":50,"f:156:2:156:25":4,"s:157:40:157:Infinity":51,"s:158:40:158:Infinity":52,"s:160:35:160:Infinity":53,"s:161:27:161:Infinity":54,"s:163:4:163:Infinity":55,"f:166:2:166:17":5,"s:169:27:169:Infinity":56,"s:170:19:170:Infinity":57,"s:174:4:174:Infinity":58,"f:177:2:177:30":6,"s:178:30:178:Infinity":59,"s:179:29:179:Infinity":60,"b:181:4:187:Infinity:undefined:undefined:undefined:undefined":5,"s:181:4:187:Infinity":61,"b:181:9:181:49:181:49:181:102:181:102:181:157":6,"s:182:6:186:Infinity":62,"s:182:19:182:22":63,"s:183:48:183:Infinity":64,"s:184:8:184:Infinity":65,"s:192:4:192:Infinity":66,"f:195:2:195:40":7,"s:197:18:197:Infinity":67,"s:198:4:198:Infinity":68}}}
,"D:\\awsGitRepos\\model\\src\\Lib\\ChartData\\BollingerBandDataPoint.ts": {"path":"D:\\awsGitRepos\\model\\src\\Lib\\ChartData\\BollingerBandDataPoint.ts","statementMap":{"0":{"start":{"line":11,"column":8},"end":{"line":11,"column":null}},"1":{"start":{"line":12,"column":8},"end":{"line":12,"column":null}},"2":{"start":{"line":13,"column":8},"end":{"line":13,"column":null}},"3":{"start":{"line":14,"column":8},"end":{"line":14,"column":null}},"4":{"start":{"line":15,"column":8},"end":{"line":15,"column":null}},"5":{"start":{"line":16,"column":8},"end":{"line":16,"column":null}},"6":{"start":{"line":17,"column":8},"end":{"line":17,"column":null}},"7":{"start":{"line":21,"column":8},"end":{"line":21,"column":null}},"8":{"start":{"line":26,"column":8},"end":{"line":26,"column":null}},"9":{"start":{"line":31,"column":8},"end":{"line":31,"column":null}},"10":{"start":{"line":36,"column":8},"end":{"line":36,"column":null}},"11":{"start":{"line":40,"column":8},"end":{"line":40,"column":null}},"12":{"start":{"line":44,"column":8},"end":{"line":44,"column":null}},"13":{"start":{"line":48,"column":8},"end":{"line":53,"column":null}}},"fnMap":{"0":{"name":"(anonymous_0)","decl":{"start":{"line":10,"column":4},"end":{"line":10,"column":16}},"loc":{"start":{"line":10,"column":167},"end":{"line":18,"column":null}},"line":10},"1":{"name":"(anonymous_1)","decl":{"start":{"line":19,"column":4},"end":{"line":19,"column":12}},"loc":{"start":{"line":20,"column":4},"end":{"line":22,"column":null}},"line":20},"2":{"name":"(anonymous_2)","decl":{"start":{"line":24,"column":4},"end":{"line":24,"column":22}},"loc":{"start":{"line":25,"column":4},"end":{"line":27,"column":null}},"line":25},"3":{"name":"(anonymous_3)","decl":{"start":{"line":29,"column":4},"end":{"line":29,"column":20}},"loc":{"start":{"line":30,"column":4},"end":{"line":32,"column":null}},"line":30},"4":{"name":"(anonymous_4)","decl":{"start":{"line":34,"column":4},"end":{"line":34,"column":21}},"loc":{"start":{"line":35,"column":4},"end":{"line":37,"column":null}},"line":35},"5":{"name":"(anonymous_5)","decl":{"start":{"line":38,"column":4},"end":{"line":38,"column":22}},"loc":{"start":{"line":39,"column":4},"end":{"line":41,"column":null}},"line":39},"6":{"name":"(anonymous_6)","decl":{"start":{"line":42,"column":4},"end":{"line":42,"column":26}},"loc":{"start":{"line":43,"column":4},"end":{"line":45,"column":null}},"line":43},"7":{"name":"(anonymous_7)","decl":{"start":{"line":47,"column":4},"end":{"line":47,"column":15}},"loc":{"start":{"line":47,"column":15},"end":{"line":54,"column":null}},"line":47}},"branchMap":{},"s":{"0":4555,"1":4555,"2":4555,"3":4555,"4":4555,"5":4555,"6":4555,"7":0,"8":0,"9":0,"10":0,"11":0,"12":0,"13":0},"f":{"0":4555,"1":0,"2":0,"3":0,"4":0,"5":0,"6":0,"7":0},"b":{},"meta":{"lastBranch":0,"lastFunction":8,"lastStatement":14,"seen":{"f:10:4:10:16":0,"s:11:8:11:Infinity":0,"s:12:8:12:Infinity":1,"s:13:8:13:Infinity":2,"s:14:8:14:Infinity":3,"s:15:8:15:Infinity":4,"s:16:8:16:Infinity":5,"s:17:8:17:Infinity":6,"f:19:4:19:12":1,"s:21:8:21:Infinity":7,"f:24:4:24:22":2,"s:26:8:26:Infinity":8,"f:29:4:29:20":3,"s:31:8:31:Infinity":9,"f:34:4:34:21":4,"s:36:8:36:Infinity":10,"f:38:4:38:22":5,"s:40:8:40:Infinity":11,"f:42:4:42:26":6,"s:44:8:44:Infinity":12,"f:47:4:47:15":7,"s:48:8:53:Infinity":13}}}
[...]
ll}},"9":{"start":{"line":14,"column":54},"end":{"line":14,"column":75}},"10":{"start":{"line":15,"column":18},"end":{"line":15,"column":null}},"11":{"start":{"line":15,"column":40},"end":{"line":15,"column":56}},"12":{"start":{"line":18,"column":26},"end":{"line":18,"column":null}},"13":{"start":{"line":19,"column":4},"end":{"line":21,"column":null}},"14":{"start":{"line":20,"column":6},"end":{"line":20,"column":null}},"15":{"start":{"line":20,"column":42},"end":{"line":20,"column":70}},"16":{"start":{"line":24,"column":23},"end":{"line":24,"column":null}},"17":{"start":{"line":24,"column":41},"end":{"line":24,"column":60}},"18":{"start":{"line":26,"column":4},"end":{"line":38,"column":null}},"19":{"start":{"line":39,"column":20},"end":{"line":39,"column":45}},"20":{"start":{"line":43,"column":2},"end":{"line":56,"column":null}},"21":{"start":{"line":44,"column":19},"end":{"line":44,"column":40}},"22":{"start":{"line":47,"column":26},"end":{"line":47,"column":null}},"23":{"start":{"line":48,"column":6},"end":{"line":48,"column":null}},"24":{"start":{"line":48,"column":29},"end":{"line":48,"column":null}},"25":{"start":{"line":51,"column":28},"end":{"line":51,"column":null}},"26":{"start":{"line":52,"column":6},"end":{"line":52,"column":null}},"27":{"start":{"line":52,"column":31},"end":{"line":52,"column":null}},"28":{"start":{"line":55,"column":6},"end":{"line":55,"column":null}},"29":{"start":{"line":68,"column":24},"end":{"line":68,"column":null}},"30":{"start":{"line":69,"column":29},"end":{"line":69,"column":null}},"31":{"start":{"line":71,"column":2},"end":{"line":77,"column":null}},"32":{"start":{"line":72,"column":23},"end":{"line":72,"column":null}},"33":{"start":{"line":73,"column":29},"end":{"line":73,"column":null}},"34":{"start":{"line":75,"column":4},"end":{"line":75,"column":null}},"35":{"start":{"line":76,"column":4},"end":{"line":76,"column":null}},"36":{"start":{"line":79,"column":34},"end":{"line":81,"column":null}},"37":{"start":{"line":83,"column":2},"end":{"line":86,"column":null}}},"fnMap":{"0":{"name":"calculateTickerSummaries","decl":{"start":{"line":3,"column":16},"end":{"line":3,"column":41}},"loc":{"start":{"line":3,"column":101},"end":{"line":40,"column":null}},"line":3},"1":{"name":"(anonymous_1)","decl":{"start":{"line":4,"column":30},"end":{"line":4,"column":31}},"loc":{"start":{"line":4,"column":44},"end":{"line":10,"column":5}},"line":4},"2":{"name":"(anonymous_2)","decl":{"start":{"line":12,"column":37},"end":{"line":12,"column":38}},"loc":{"start":{"line":12,"column":63},"end":{"line":39,"column":3}},"line":12},"3":{"name":"(anonymous_3)","decl":{"start":{"line":13,"column":42},"end":{"line":13,"column":43}},"loc":{"start":{"line":13,"column":56},"end":{"line":13,"column":74}},"line":13},"4":{"name":"(anonymous_4)","decl":{"start":{"line":14,"column":40},"end":{"line":14,"column":41}},"loc":{"start":{"line":14,"column":54},"end":{"line":14,"column":75}},"line":14},"5":{"name":"(anonymous_5)","decl":{"start":{"line":15,"column":33},"end":{"line":15,"column":40}},"loc":{"start":{"line":15,"column":40},"end":{"line":15,"column":56}},"line":15},"6":{"name":"(anonymous_6)","decl":{"start":{"line":19,"column":23},"end":{"line":19,"column":30}},"loc":{"start":{"line":19,"column":30},"end":{"line":21,"column":5}},"line":19},"7":{"name":"(anonymous_7)","decl":{"start":{"line":20,"column":29},"end":{"line":20,"column":42}},"loc":{"start":{"line":20,"column":42},"end":{"line":20,"column":70}},"line":20},"8":{"name":"(anonymous_8)","decl":{"start":{"line":24,"column":36},"end":{"line":24,"column":41}},"loc":{"start":{"line":24,"column":41},"end":{"line":24,"column":60}},"line":24},"9":{"name":"(anonymous_9)","decl":{"start":{"line":39,"column":10},"end":{"line":39,"column":11}},"loc":{"start":{"line":39,"column":20},"end":{"line":39,"column":45}},"line":39},"10":{"name":"getLotsForTicker","decl":{"start":{"line":42,"column":16},"end":{"line":42,"column":33}},"loc":{"start":{"line":42,"column":81},"end":{"line":57,"column":null}},"line":42},"11":{"name":"(anonymous_11)","decl":{"start":{"line":44,"column":12},"end":{"line":44,"column":19}},"loc":{"start":{"line":44,"column":19},"end":{"line":44,"column":40}},"line":44},"12":{"name":"(anonymous_12)","decl":{"start":{"line":45,"column":10},"end":{"line":45,"column":11}},"loc":{"start":{"line":45,"column":20},"end":{"line":56,"column":5}},"line":45},"13":{"name":"calculateDividendMetrics","decl":{"start":{"line":64,"column":16},"end":{"line":64,"column":41}},"loc":{"start":{"line":67,"column":2},"end":{"line":87,"column":null}},"line":67},"14":{"name":"(anonymous_14)","decl":{"start":{"line":71,"column":20},"end":{"line":71,"column":31}},"loc":{"start":{"line":71,"column":31},"end":{"line":77,"column":3}},"line":71}},"branchMap":{"0":{"loc":{"start":{"line":3,"column":60},"end":{"line":3,"column":101}},"type":"default-arg","locations":[{"start":{"line":3,"column":80},"end":{"line":3,"column":101}}],"line":3},"1":{"loc":{"start":{"line":5,"column":4},"end":{"line":7,"column":null}},"type":"if","locations":[{"start":{"line":5,"column":4},"end":{"line":7,"column":null}},{"start":{},"end":{}}],"line":5},"2":{"loc":{"start":{"line":28,"column":19},"end":{"line":28,"column":null}},"type":"binary-expr","locations":[{"start":{"line":28,"column":19},"end":{"line":28,"column":46}},{"start":{"line":28,"column":46},"end":{"line":28,"column":null}}],"line":28},"3":{"loc":{"start":{"line":29,"column":17},"end":{"line":29,"column":null}},"type":"binary-expr","locations":[{"start":{"line":29,"column":17},"end":{"line":29,"column":42}},{"start":{"line":29,"column":42},"end":{"line":29,"column":null}}],"line":29},"4":{"loc":{"start":{"line":30,"column":30},"end":{"line":30,"column":null}},"type":"binary-expr","locations":[{"start":{"line":30,"column":30},"end":{"line":30,"column":68}},{"start":{"line":30,"column":68},"end":{"line":30,"column":null}}],"line":30},"5":{"loc":{"start":{"line":48,"column":6},"end":{"line":48,"column":null}},"type":"if","locations":[{"start":{"line":48,"column":6},"end":{"line":48,"column":null}},{"start":{},"end":{}}],"line":48},"6":{"loc":{"start":{"line":52,"column":6},"end":{"line":52,"column":null}},"type":"if","locations":[{"start":{"line":52,"column":6},"end":{"line":52,"column":null}},{"start":{},"end":{}}],"line":52},"7":{"loc":{"start":{"line":79,"column":34},"end":{"line":81,"column":null}},"type":"cond-expr","locations":[{"start":{"line":80,"column":7},"end":{"line":80,"column":null}},{"start":{"line":81,"column":6},"end":{"line":81,"column":null}}],"line":79}},"s":{"0":8,"1":13,"2":10,"3":13,"4":13,"5":8,"6":10,"7":13,"8":10,"9":13,"10":10,"11":13,"12":10,"13":10,"14":13,"15":15,"16":10,"17":1,"18":10,"19":5,"20":6,"21":25,"22":24,"23":24,"24":12,"25":12,"26":12,"27":8,"28":4,"29":7,"30":7,"31":7,"32":9,"33":9,"34":9,"35":9,"36":7,"37":7},"f":{"0":8,"1":13,"2":10,"3":13,"4":13,"5":13,"6":13,"7":15,"8":1,"9":5,"10":6,"11":25,"12":24,"13":7,"14":9},"b":{"0":[8],"1":[10,3],"2":[10,9],"3":[10,9],"4":[10,9],"5":[12,12],"6":[8,4],"7":[6,1]},"meta":{"lastBranch":8,"lastFunction":15,"lastStatement":38,"seen":{"f:3:16:3:41":0,"b:3:80:3:101":0,"s:4:18:10:Infinity":0,"f:4:30:4:31":1,"b:5:4:7:Infinity:undefined:undefined:undefined:undefined":1,"s:5:4:7:Infinity":1,"s:6:6:6:Infinity":2,"s:8:4:8:Infinity":3,"s:9:4:9:Infinity":4,"s:12:2:39:Infinity":5,"f:12:37:12:38":2,"s:13:24:13:Infinity":6,"f:13:42:13:43":3,"s:13:56:13:74":7,"s:14:22:14:Infinity":8,"f:14:40:14:41":4,"s:14:54:14:75":9,"s:15:18:15:Infinity":10,"f:15:33:15:40":5,"s:15:40:15:56":11,"s:18:26:18:Infinity":12,"s:19:4:21:Infinity":13,"f:19:23:19:30":6,"s:20:6:20:Infinity":14,"f:20:29:20:42":7,"s:20:42:20:70":15,"s:24:23:24:Infinity":16,"f:24:36:24:41":8,"s:24:41:24:60":17,"s:26:4:38:Infinity":18,"b:28:19:28:46:28:46:28:Infinity":2,"b:29:17:29:42:29:42:29:Infinity":3,"b:30:30:30:68:30:68:30:Infinity":4,"f:39:10:39:11":9,"s:39:20:39:45":19,"f:42:16:42:33":10,"s:43:2:56:Infinity":20,"f:44:12:44:19":11,"s:44:19:44:40":21,"f:45:10:45:11":12,"s:47:26:47:Infinity":22,"b:48:6:48:Infinity:undefined:undefined:undefined:undefined":5,"s:48:6:48:Infinity":23,"s:48:29:48:Infinity":24,"s:51:28:51:Infinity":25,"b:52:6:52:Infinity:undefined:undefined:undefined:undefined":6,"s:52:6:52:Infinity":26,"s:52:31:52:Infinity":27,"s:55:6:55:Infinity":28,"f:64:16:64:41":13,"s:68:24:68:Infinity":29,"s:69:29:69:Infinity":30,"s:71:2:77:Infinity":31,"f:71:20:71:31":14,"s:72:23:72:Infinity":32,"s:73:29:73:Infinity":33,"s:75:4:75:Infinity":34,"s:76:4:76:Infinity":35,"s:79:34:81:Infinity":36,"b:80:7:80:Infinity:81:6:81:Infinity":7,"s:83:2:86:Infinity":37}}}
,"D:\\awsGitRepos\\model\\src\\utils\\tickerExporter.ts": {"path":"D:\\awsGitRepos\\model\\src\\utils\\tickerExporter.ts","statementMap":{"0":{"start":{"line":17,"column":17},"end":{"line":17,"column":null}},"1":{"start":{"line":20,"column":15},"end":{"line":36,"column":null}},"2":{"start":{"line":21,"column":23},"end":{"line":21,"column":null}},"3":{"start":{"line":22,"column":24},"end":{"line":22,"column":null}},"4":{"start":{"line":23,"column":18},"end":{"line":23,"column":null}},"5":{"start":{"line":25,"column":4},"end":{"line":35,"column":null}},"6":{"start":{"line":38,"column":2},"end":{"line":38,"column":null}},"7":{"start":{"line":48,"column":15},"end":{"line":48,"column":null}},"8":{"start":{"line":49,"column":15},"end":{"line":49,"column":null}},"9":{"start":{"line":50,"column":14},"end":{"line":50,"column":null}},"10":{"start":{"line":52,"column":2},"end":{"line":52,"column":null}},"11":{"start":{"line":53,"column":2},"end":{"line":53,"column":null}},"12":{"start":{"line":54,"column":2},"end":{"line":54,"column":null}},"13":{"start":{"line":56,"column":2},"end":{"line":56,"column":null}},"14":{"start":{"line":57,"column":2},"end":{"line":57,"column":null}},"15":{"start":{"line":58,"column":2},"end":{"line":58,"column":null}},"16":{"start":{"line":60,"column":2},"end":{"line":60,"column":null}},"17":{"start":{"line":72,"column":26},"end":{"line":79,"column":null}},"18":{"start":{"line":73,"column":19},"end":{"line":73,"column":null}},"19":{"start":{"line":74,"column":4},"end":{"line":76,"column":null}},"20":{"start":{"line":75,"column":6},"end":{"line":75,"column":null}},"21":{"start":{"line":77,"column":4},"end":{"line":77,"column":null}},"22":{"start":{"line":78,"column":4},"end":{"line":78,"column":null}},"23":{"start":{"line":82,"column":18},"end":{"line":82,"column":null}},"24":{"start":{"line":85,"column":2},"end":{"line":99,"column":null}},"25":{"start":{"line":85,"column":15},"end":{"line":85,"column":18}},"26":{"start":{"line":86,"column":19},"end":{"line":86,"column":null}},"27":{"start":{"line":87,"column":23},"end":{"line":87,"column":null}},"28":{"start":{"line":90,"column":23},"end":{"line":90,"column":null}},"29":{"start":{"line":93,"column":4},"end":{"line":93,"column":null}},"30":{"start":{"line":96,"column":4},"end":{"line":98,"column":null}},"31":{"start":{"line":97,"column":6},"end":{"line":97,"column":null}},"32":{"start":{"line":97,"column":35},"end":{"line":97,"column":59}},"33":{"start":{"line":101,"column":2},"end":{"line":101,"column":null}}},"fnMap":{"0":{"name":"generateTickerCSV","decl":{"start":{"line":15,"column":16},"end":{"line":15,"column":34}},"loc":{"start":{"line":15,"column":77},"end":{"line":39,"column":null}},"line":15},"1":{"name":"(anonymous_1)","decl":{"start":{"line":20,"column":24},"end":{"line":20,"column":31}},"loc":{"start":{"line":20,"column":31},"end":{"line":36,"column":3}},"line":20},"2":{"name":"downloadCSV","decl":{"start":{"line":47,"column":16},"end":{"line":47,"column":28}},"loc":{"start":{"line":47,"column":69},"end":{"line":61,"column":null}},"line":47},"3":{"name":"exportAllTickers","decl":{"start":{"line":70,"column":22},"end":{"line":70,"column":39}},"loc":{"start":{"line":70,"column":75},"end":{"line":102,"column":null}},"line":70},"4":{"name":"(anonymous_4)","decl":{"start":{"line":72,"column":38},"end":{"line":72,"column":39}},"loc":{"start":{"line":72,"column":52},"end":{"line":79,"column":5}},"line":72},"5":{"name":"(anonymous_5)","decl":{"start":{"line":97,"column":24},"end":{"line":97,"column":35}},"loc":{"start":{"line":97,"column":35},"end":{"line":97,"column":59}},"line":97}},"branchMap":{"0":{"loc":{"start":{"line":22,"column":24},"end":{"line":22,"column":null}},"type":"cond-expr","locations":[{"start":{"line":22,"column":61},"end":{"line":22,"column":70}},{"start":{"line":22,"column":70},"end":{"line":22,"column":null}}],"line":22},"1":{"loc":{"start":{"line":23,"column":23},"end":{"line":23,"column":40}},"type":"binary-expr","locations":[{"start":{"line":23,"column":23},"end":{"line":23,"column":36}},{"start":{"line":23,"column":36},"end":{"line":23,"column":40}}],"line":23},"2":{"loc":{"start":{"line":31,"column":6},"end":{"line":31,"column":null}},"type":"binary-expr","locations":[{"start":{"line":31,"column":6},"end":{"line":31,"column":23}},{"start":{"line":31,"column":23},"end":{"line":31,"column":null}}],"line":31},"3":{"loc":{"start":{"line":74,"column":4},"end":{"line":76,"column":null}},"type":"if","locations":[{"start":{"line":74,"column":4},"end":{"line":76,"column":null}},{"start":{},"end":{}}],"line":74},"4":{"loc":{"start":{"line":96,"column":4},"end":{"line":98,"column":null}},"type":"if","locations":[{"start":{"line":96,"column":4},"end":{"line":98,"column":null}},{"start":{},"end":{}}],"line":96}},"s":{"0":48,"1":48,"2":55,"3":55,"4":55,"5":55,"6":48,"7":31,"8":31,"9":31,"10":31,"11":31,"12":31,"13":31,"14":31,"15":31,"16":31,"17":10,"18":26,"19":26,"20":22,"21":26,"22":26,"23":10,"24":10,"25":10,"26":22,"27":22,"28":22,"29":22,"30":22,"31":13,"32":13,"33":22},"f":{"0":48,"1":55,"2":31,"3":10,"4":26,"5":13},"b":{"0":[45,10],"1":[55,42],"2":[55,17],"3":[22,4],"4":[13,9]},"meta":{"lastBranch":5,"lastFunction":6,"lastStatement":34,"seen":{"f:15:16:15:34":0,"s:17:17:17:Infinity":0,"s:20:15:36:Infinity":1,"f:20:24:20:31":1,"s:21:23:21:Infinity":2,"s:22:24:22:Infinity":3,"b:22:61:22:70:22:70:22:Infinity":0,"s:23:18:23:Infinity":4,"b:23:23:23:36:23:36:23:40":1,"s:25:4:35:Infinity":5,"b:31:6:31:23:31:23:31:Infinity":2,"s:38:2:38:Infinity":6,"f:47:16:47:28":2,"s:48:15:48:Infinity":7,"s:49:15:49:Infinity":8,"s:50:14:50:Infinity":9,"s:52:2:52:Infinity":10,"s:53:2:53:Infinity":11,"s:54:2:54:Infinity":12,"s:56:2:56:Infinity":13,"s:57:2:57:Infinity":14,"s:58:2:58:Infinity":15,"s:60:2:60:Infinity":16,"f:70:22:70:39":3,"s:72:26:79:Infinity":17,"f:72:38:72:39":4,"s:73:19:73:Infinity":18,"b:74:4:76:Infinity:undefined:undefined:undefined:undefined":3,"s:74:4:76:Infinity":19,"s:75:6:75:Infinity":20,"s:77:4:77:Infinity":21,"s:78:4:78:Infinity":22,"s:82:18:82:Infinity":23,"s:85:2:99:Infinity":24,"s:85:15:85:18":25,"s:86:19:86:Infinity":26,"s:87:23:87:Infinity":27,"s:90:23:90:Infinity":28,"s:93:4:93:Infinity":29,"b:96:4:98:Infinity:undefined:undefined:undefined:undefined":4,"s:96:4:98:Infinity":30,"s:97:6:97:Infinity":31,"f:97:24:97:35":5,"s:97:35:97:59":32,"s:101:2:101:Infinity":33}}}
,"D:\\awsGitRepos\\model\\src\\utils\\ytdCalculations.ts": {"path":"D:\\awsGitRepos\\model\\src\\utils\\ytdCalculations.ts","statementMap":{"0":{"start":{"line":31,"column":20},"end":{"line":31,"column":null}},"1":{"start":{"line":32,"column":27},"end":{"line":32,"column":null}},"2":{"start":{"line":33,"column":19},"end":{"line":33,"column":null}},"3":{"start":{"line":34,"column":23},"end":{"line":34,"column":null}},"4":{"start":{"line":37,"column":20},"end":{"line":37,"column":null}},"5":{"start":{"line":40,"column":2},"end":{"line":60,"column":null}},"6":{"start":{"line":41,"column":4},"end":{"line":41,"column":null}},"7":{"start":{"line":43,"column":25},"end":{"line":43,"column":null}},"8":{"start":{"line":44,"column":22},"end":{"line":44,"column":null}},"9":{"start":{"line":46,"column":4},"end":{"line":59,"column":null}},"10":{"start":{"line":48,"column":6},"end":{"line":55,"column":null}},"11":{"start":{"line":49,"column":8},"end":{"line":49,"column":null}},"12":{"start":{"line":52,"column":8},"end":{"line":52,"column":null}},"13":{"start":{"line":53,"column":8},"end":{"line":53,"column":null}},"14":{"start":{"line":54,"column":8},"end":{"line":54,"column":null}},"15":{"start":{"line":58,"column":6},"end":{"line":58,"column":null}},"16":{"start":{"line":62,"column":23},"end":{"line":62,"column":null}},"17":{"start":{"line":63,"column":24},"end":{"line":63,"column":null}},"18":{"start":{"line":64,"column":25},"end":{"line":66,"column":null}},"19":{"start":{"line":68,"column":2},"end":{"line":81,"column":null}},"20":{"start":{"line":94,"column":20},"end":{"line":99,"column":null}},"21":{"start":{"line":103,"column":43},"end":{"line":129,"column":null}},"22":{"start":{"line":111,"column":46},"end":{"line":125,"column":6}},"23":{"start":{"line":131,"column":2},"end":{"line":131,"column":null}}},"fnMap":{"0":{"name":"calculateTickerYTD","decl":{"start":{"line":25,"column":22},"end":{"line":25,"column":null}},"loc":{"start":{"line":30,"column":33},"end":{"line":82,"column":null}},"line":30},"1":{"name":"calculateYTDPerformance","decl":{"start":{"line":88,"column":22},"end":{"line":88,"column":null}},"loc":{"start":{"line":92,"column":36},"end":{"line":132,"column":null}},"line":92},"2":{"name":"(anonymous_2)","decl":{"start":{"line":111,"column":35},"end":{"line":111,"column":46}},"loc":{"start":{"line":111,"column":46},"end":{"line":125,"column":6}},"line":111}},"branchMap":{"0":{"loc":{"start":{"line":29,"column":2},"end":{"line":29,"column":null}},"type":"default-arg","locations":[{"start":{"line":29,"column":24},"end":{"line":29,"column":null}}],"line":29},"1":{"loc":{"start":{"line":46,"column":4},"end":{"line":59,"column":null}},"type":"if","locations":[{"start":{"line":46,"column":4},"end":{"line":59,"column":null}},{"start":{"line":56,"column":11},"end":{"line":59,"column":null}}],"line":46},"2":{"loc":{"start":{"line":48,"column":6},"end":{"line":55,"column":null}},"type":"if","locations":[{"start":{"line":48,"column":6},"end":{"line":55,"column":null}},{"start":{"line":50,"column":13},"end":{"line":55,"column":null}}],"line":48},"3":{"loc":{"start":{"line":64,"column":25},"end":{"line":66,"column":null}},"type":"cond-expr","locations":[{"start":{"line":65,"column":7},"end":{"line":65,"column":null}},{"start":{"line":66,"column":6},"end":{"line":66,"column":null}}],"line":64},"4":{"loc":{"start":{"line":80,"column":20},"end":{"line":80,"column":null}},"type":"cond-expr","locations":[{"start":{"line":80,"column":33},"end":{"line":80,"column":50}},{"start":{"line":80,"column":50},"end":{"line":80,"column":null}}],"line":80},"5":{"loc":{"start":{"line":91,"column":2},"end":{"line":91,"column":null}},"type":"default-arg","locations":[{"start":{"line":91,"column":24},"end":{"line":91,"column":null}}],"line":91}},"s":{"0":17,"1":17,"2":17,"3":17,"4":17,"5":17,"6":26,"7":26,"8":26,"9":26,"10":20,"11":18,"12":2,"13":2,"14":2,"15":6,"16":17,"17":17,"18":17,"19":17,"20":10,"21":10,"22":9,"23":10},"f":{"0":17,"1":10,"2":9},"b":{"0":[17],"1":[20,6],"2":[18,2],"3":[16,1],"4":[2,15],"5":[10]},"meta":{"lastBranch":6,"lastFunction":3,"lastStatement":24,"seen":{"f:25:22:25:Infinity":0,"b:29:24:29:Infinity":0,"s:31:20:31:Infinity":0,"s:32:27:32:Infinity":1,"s:33:19:33:Infinity":2,"s:34:23:34:Infinity":3,"s:37:20:37:Infinity":4,"s:40:2:60:Infinity":5,"s:41:4:41:Infinity":6,"s:43:25:43:Infinity":7,"s:44:22:44:Infinity":8,"b:46:4:59:Infinity:56:11:59:Infinity":1,"s:46:4:59:Infinity":9,"b:48:6:55:Infinity:50:13:55:Infinity":2,"s:48:6:55:Infinity":10,"s:49:8:49:Infinity":11,"s:52:8:52:Infinity":12,"s:53:8:53:Infinity":13,"s:54:8:54:Infinity":14,"s:58:6:58:Infinity":15,"s:62:23:62:Infinity":16,"s:63:24:63:Infinity":17,"s:64:25:66:Infinity":18,"b:65:7:65:Infinity:66:6:66:Infinity":3,"s:68:2:81:Infinity":19,"b:80:33:80:50:80:50:80:Infinity":4,"f:88:22:88:Infinity":1,"b:91:24:91:Infinity":5,"s:94:20:99:Infinity":20,"s:103:43:129:Infinity":21,"f:111:35:111:46":2,"s:111:46:125:6":22,"s:131:2:131:Infinity":23}}}
}
