TN:
SF:amplify\functions\fmp-proxy\handler.ts
FN:7,(anonymous_0)
FN:82,errorResponse
FNF:2
FNH:2
FNDA:17,(anonymous_0)
FNDA:9,errorResponse
DA:5,1
DA:7,1
DA:8,17
DA:9,17
DA:11,17
DA:12,2
DA:16,14
DA:18,14
DA:19,14
DA:20,14
DA:22,14
DA:28,14
DA:40,12
DA:45,17
DA:46,8
DA:47,8
DA:49,4
DA:52,2
DA:53,2
DA:56,12
DA:58,17
DA:59,4
DA:63,8
DA:64,8
DA:66,8
DA:67,8
DA:69,8
DA:77,1
DA:78,1
DA:83,9
LF:30
LH:30
BRDA:9,0,0,17
BRDA:9,1,0,17
BRDA:9,1,1,1
BRDA:11,2,0,2
BRDA:11,2,1,15
BRDA:41,3,0,12
BRDA:41,3,1,3
BRDA:45,4,0,8
BRDA:45,4,1,4
BRDA:45,5,0,17
BRDA:45,5,1,12
BRDA:45,5,2,9
BRDA:56,6,0,8
BRDA:56,6,1,4
BRDA:58,7,0,4
BRDA:58,7,1,13
BRF:16
BRH:16
end_of_record
TN:
SF:amplify\functions\fmp-proxy\resource.ts
FNF:0
FNH:0
DA:3,0
LF:1
LH:0
BRF:0
BRH:0
end_of_record
TN:
SF:amplify\functions\send-notification\handler.ts
FN:6,(anonymous_0)
FNF:1
FNH:0
FNDA:0,(anonymous_0)
DA:4,0
DA:6,0
DA:7,0
DA:8,0
DA:10,0
DA:11,0
DA:17,0
DA:19,0
DA:20,0
DA:23,0
DA:27,0
DA:31,0
DA:37,0
DA:39,0
DA:44,0
DA:45,0
LF:16
LH:0
BRDA:4,0,0,0
BRDA:4,0,1,0
BRDA:8,1,0,0
BRDA:8,1,1,0
BRDA:10,2,0,0
BRDA:10,2,1,0
BRDA:19,3,0,0
BRDA:19,3,1,0
BRDA:23,4,0,0
BRDA:23,4,1,0
BRDA:27,5,0,0
BRDA:27,5,1,0
BRDA:49,6,0,0
BRDA:49,6,1,0
BRF:14
BRH:0
end_of_record
TN:
SF:amplify\functions\send-notification\resource.ts
FNF:0
FNH:0
DA:3,0
LF:1
LH:0
BRF:0
BRH:0
end_of_record
TN:
SF:src\App.tsx
FN:18,App
FN:23,(anonymous_1)
FNF:2
FNH:0
FNDA:0,App
FNDA:0,(anonymous_1)
DA:21,0
DA:24,0
DA:42,0
LF:3
LH:0
BRF:0
BRH:0
end_of_record
TN:
SF:src\Components\CSVPreviewTable.tsx
FN:12,CSVPreviewTable
FN:16,(anonymous_1)
FN:17,(anonymous_2)
FN:18,(anonymous_3)
FN:20,(anonymous_4)
FN:31,(anonymous_5)
FN:99,(anonymous_6)
FN:121,(anonymous_7)
FN:139,(anonymous_8)
FNF:9
FNH:0
FNDA:0,CSVPreviewTable
FNDA:0,(anonymous_1)
FNDA:0,(anonymous_2)
FNDA:0,(anonymous_3)
FNDA:0,(anonymous_4)
FNDA:0,(anonymous_5)
FNDA:0,(anonymous_6)
FNDA:0,(anonymous_7)
FNDA:0,(anonymous_8)
DA:16,0
DA:17,0
DA:18,0
DA:20,0
DA:21,0
DA:23,0
DA:25,0
DA:27,0
DA:31,0
DA:32,0
DA:34,0
DA:36,0
DA:38,0
DA:42,0
DA:100,0
DA:122,0
DA:140,0
LF:17
LH:0
BRDA:21,0,0,0
BRDA:21,0,1,0
BRDA:21,0,2,0
BRDA:32,1,0,0
BRDA:32,1,1,0
BRDA:32,1,2,0
BRDA:70,2,0,0
BRDA:70,2,1,0
BRDA:108,3,0,0
BRDA:108,3,1,0
BRDA:111,4,0,0
BRDA:111,4,1,0
BRDA:114,5,0,0
BRDA:114,5,1,0
BRDA:117,6,0,0
BRDA:117,6,1,0
BRDA:132,7,0,0
BRDA:132,7,1,0
BRDA:137,8,0,0
BRDA:137,8,1,0
BRDA:137,8,2,0
BRDA:156,9,0,0
BRDA:156,9,1,0
BRF:23
BRH:0
end_of_record
TN:
SF:src\Components\ColumnCustomization.tsx
FN:22,ColumnCustomization
FN:25,(anonymous_1)
FN:26,(anonymous_2)
FN:27,(anonymous_3)
FN:33,(anonymous_4)
FN:40,(anonymous_5)
FN:47,(anonymous_6)
FN:52,(anonymous_7)
FN:78,(anonymous_8)
FN:87,(anonymous_9)
FN:117,(anonymous_10)
FN:125,(anonymous_11)
FNF:12
FNH:0
FNDA:0,ColumnCustomization
FNDA:0,(anonymous_1)
FNDA:0,(anonymous_2)
FNDA:0,(anonymous_3)
FNDA:0,(anonymous_4)
FNDA:0,(anonymous_5)
FNDA:0,(anonymous_6)
FNDA:0,(anonymous_7)
FNDA:0,(anonymous_8)
FNDA:0,(anonymous_9)
FNDA:0,(anonymous_10)
FNDA:0,(anonymous_11)
DA:23,0
DA:25,0
DA:26,0
DA:27,0
DA:28,0
DA:33,0
DA:34,0
DA:35,0
DA:36,0
DA:37,0
DA:40,0
DA:41,0
DA:42,0
DA:43,0
DA:44,0
DA:47,0
DA:48,0
DA:49,0
DA:52,0
DA:54,0
DA:79,0
DA:80,0
DA:87,0
DA:117,0
DA:125,0
LF:25
LH:0
BRDA:28,0,0,0
BRDA:28,0,1,0
BRDA:28,1,0,0
BRDA:28,1,1,0
BRDA:34,2,0,0
BRDA:34,2,1,0
BRDA:41,3,0,0
BRDA:41,3,1,0
BRDA:89,4,0,0
BRDA:89,4,1,0
BRDA:91,5,0,0
BRDA:91,5,1,0
BRDA:96,6,0,0
BRDA:96,6,1,0
BRDA:96,7,0,0
BRDA:96,7,1,0
BRDA:98,8,0,0
BRDA:98,8,1,0
BRDA:103,9,0,0
BRDA:103,9,1,0
BRDA:104,10,0,0
BRDA:104,10,1,0
BRDA:107,11,0,0
BRDA:107,11,1,0
BRF:24
BRH:0
end_of_record
TN:
SF:src\Components\ImportCSVModal.tsx
FN:34,ImportCSVModal
FN:57,(anonymous_1)
FN:85,(anonymous_2)
FN:97,(anonymous_3)
FN:113,(anonymous_4)
FN:122,(anonymous_5)
FN:130,(anonymous_6)
FN:170,(anonymous_7)
FN:185,(anonymous_8)
FN:219,(anonymous_9)
FNF:10
FNH:0
FNDA:0,ImportCSVModal
FNDA:0,(anonymous_1)
FNDA:0,(anonymous_2)
FNDA:0,(anonymous_3)
FNDA:0,(anonymous_4)
FNDA:0,(anonymous_5)
FNDA:0,(anonymous_6)
FNDA:0,(anonymous_7)
FNDA:0,(anonymous_8)
FNDA:0,(anonymous_9)
DA:41,0
DA:42,0
DA:44,0
DA:45,0
DA:46,0
DA:47,0
DA:48,0
DA:54,0
DA:55,0
DA:57,0
DA:58,0
DA:60,0
DA:62,0
DA:65,0
DA:68,0
DA:71,0
DA:74,0
DA:76,0
DA:77,0
DA:78,0
DA:79,0
DA:81,0
DA:85,0
DA:86,0
DA:88,0
DA:89,0
DA:91,0
DA:92,0
DA:98,0
DA:102,0
DA:103,0
DA:106,0
DA:108,0
DA:109,0
DA:113,0
DA:114,0
DA:115,0
DA:116,0
DA:117,0
DA:118,0
DA:119,0
DA:122,0
DA:123,0
DA:125,0
DA:127,0
DA:130,0
DA:131,0
DA:133,0
DA:170,0
DA:186,0
DA:187,0
DA:188,0
DA:219,0
LF:53
LH:0
BRDA:81,0,0,0
BRDA:81,0,1,0
BRDA:86,1,0,0
BRDA:86,1,1,0
BRDA:86,2,0,0
BRDA:86,2,1,0
BRDA:108,3,0,0
BRDA:108,3,1,0
BRDA:123,4,0,0
BRDA:123,4,1,0
BRDA:142,5,0,0
BRDA:142,5,1,0
BRDA:154,6,0,0
BRDA:154,6,1,0
BRDA:160,7,0,0
BRDA:160,7,1,0
BRDA:187,8,0,0
BRDA:187,8,1,0
BRDA:210,9,0,0
BRDA:210,9,1,0
BRDA:210,9,2,0
BRDA:229,10,0,0
BRDA:229,10,1,0
BRDA:234,11,0,0
BRDA:234,11,1,0
BRDA:240,12,0,0
BRDA:240,12,1,0
BRDA:244,13,0,0
BRDA:244,13,1,0
BRDA:244,13,2,0
BRF:30
BRH:0
end_of_record
TN:
SF:src\Components\ImportProgressIndicator.tsx
FN:11,ImportProgressIndicator
FNF:1
FNH:0
FNDA:0,ImportProgressIndicator
DA:12,0
LF:1
LH:0
BRF:0
BRH:0
end_of_record
TN:
SF:src\Components\ImportResultsSummary.tsx
FN:13,ImportResultsSummary
FN:86,(anonymous_1)
FN:107,(anonymous_2)
FN:108,(anonymous_3)
FNF:4
FNH:0
FNDA:0,ImportResultsSummary
FNDA:0,(anonymous_1)
FNDA:0,(anonymous_2)
FNDA:0,(anonymous_3)
DA:18,0
DA:19,0
DA:21,0
DA:87,0
DA:107,0
DA:109,0
LF:6
LH:0
BRDA:50,0,0,0
BRDA:50,0,1,0
BRDA:52,1,0,0
BRDA:52,1,1,0
BRDA:54,2,0,0
BRDA:54,2,1,0
BRDA:57,3,0,0
BRDA:57,3,1,0
BRDA:79,4,0,0
BRDA:79,4,1,0
BRDA:99,5,0,0
BRDA:99,5,1,0
BRDA:111,6,0,0
BRDA:111,6,1,0
BRF:14
BRH:0
end_of_record
TN:
SF:src\Components\NewTickerModal.tsx
FN:8,NewTickerModal
FN:28,(anonymous_1)
FN:72,(anonymous_2)
FN:84,(anonymous_3)
FN:99,(anonymous_4)
FN:102,(anonymous_5)
FN:133,(anonymous_6)
FN:150,(anonymous_7)
FN:164,(anonymous_8)
FN:178,(anonymous_9)
FN:194,(anonymous_10)
FNF:11
FNH:0
FNDA:0,NewTickerModal
FNDA:0,(anonymous_1)
FNDA:0,(anonymous_2)
FNDA:0,(anonymous_3)
FNDA:0,(anonymous_4)
FNDA:0,(anonymous_5)
FNDA:0,(anonymous_6)
FNDA:0,(anonymous_7)
FNDA:0,(anonymous_8)
FNDA:0,(anonymous_9)
FNDA:0,(anonymous_10)
DA:17,0
DA:28,0
DA:29,0
DA:30,0
DA:31,0
DA:34,0
DA:35,0
DA:36,0
DA:39,0
DA:40,0
DA:43,0
DA:45,0
DA:72,0
DA:85,0
DA:87,0
DA:100,0
DA:102,0
DA:103,0
DA:133,0
DA:150,0
DA:164,0
DA:178,0
DA:194,0
LF:23
LH:0
BRDA:22,0,0,0
BRDA:22,0,1,0
BRDA:29,1,0,0
BRDA:29,1,1,0
BRDA:29,2,0,0
BRDA:29,2,1,0
BRDA:29,2,2,0
BRDA:34,3,0,0
BRDA:34,3,1,0
BRDA:91,4,0,0
BRDA:91,4,1,0
BRDA:100,5,0,0
BRDA:100,5,1,0
BRDA:109,6,0,0
BRDA:109,6,1,0
BRDA:117,7,0,0
BRDA:117,7,1,0
BRDA:133,8,0,0
BRDA:133,8,1,0
BRDA:150,9,0,0
BRDA:150,9,1,0
BRDA:205,10,0,0
BRDA:205,10,1,0
BRF:23
BRH:0
end_of_record
TN:
SF:src\Components\PortfolioFilter.tsx
FN:14,PortfolioFilter
FN:20,(anonymous_1)
FN:21,(anonymous_2)
FN:29,(anonymous_3)
FN:33,(anonymous_4)
FN:36,(anonymous_5)
FN:72,(anonymous_6)
FN:72,(anonymous_7)
FN:78,(anonymous_8)
FNF:9
FNH:0
FNDA:0,PortfolioFilter
FNDA:0,(anonymous_1)
FNDA:0,(anonymous_2)
FNDA:0,(anonymous_3)
FNDA:0,(anonymous_4)
FNDA:0,(anonymous_5)
FNDA:0,(anonymous_6)
FNDA:0,(anonymous_7)
FNDA:0,(anonymous_8)
DA:20,0
DA:21,0
DA:22,0
DA:24,0
DA:27,0
DA:29,0
DA:30,0
DA:33,0
DA:34,0
DA:36,0
DA:39,0
DA:43,0
DA:72,0
DA:73,0
DA:75,0
DA:78,0
LF:16
LH:0
BRDA:21,0,0,0
BRDA:21,0,1,0
BRDA:34,1,0,0
BRDA:34,1,1,0
BRDA:50,2,0,0
BRDA:50,2,1,0
BRDA:62,3,0,0
BRDA:62,3,1,0
BRDA:67,4,0,0
BRDA:67,4,1,0
BRDA:80,5,0,0
BRDA:80,5,1,0
BRDA:84,6,0,0
BRDA:84,6,1,0
BRDA:86,7,0,0
BRDA:86,7,1,0
BRDA:94,8,0,0
BRDA:94,8,1,0
BRDA:94,8,2,0
BRF:19
BRH:0
end_of_record
TN:
SF:src\Components\PortfolioManager.tsx
FN:15,PortfolioManager
FN:20,(anonymous_1)
FN:28,(anonymous_2)
FN:48,(anonymous_3)
FN:58,(anonymous_4)
FN:70,(anonymous_5)
FN:74,(anonymous_6)
FN:125,(anonymous_7)
FN:137,(anonymous_8)
FN:156,(anonymous_9)
FN:171,(anonymous_10)
FNF:11
FNH:0
FNDA:0,PortfolioManager
FNDA:0,(anonymous_1)
FNDA:0,(anonymous_2)
FNDA:0,(anonymous_3)
FNDA:0,(anonymous_4)
FNDA:0,(anonymous_5)
FNDA:0,(anonymous_6)
FNDA:0,(anonymous_7)
FNDA:0,(anonymous_8)
FNDA:0,(anonymous_9)
FNDA:0,(anonymous_10)
DA:16,0
DA:17,0
DA:18,0
DA:20,0
DA:22,0
DA:23,0
DA:24,0
DA:28,0
DA:29,0
DA:30,0
DA:33,0
DA:34,0
DA:40,0
DA:41,0
DA:43,0
DA:44,0
DA:48,0
DA:50,0
DA:51,0
DA:52,0
DA:55,0
DA:57,0
DA:58,0
DA:59,0
DA:61,0
DA:63,0
DA:67,0
DA:70,0
DA:73,0
DA:74,0
DA:77,0
DA:78,0
DA:81,0
DA:88,0
DA:90,0
DA:91,0
DA:95,0
DA:125,0
DA:137,0
DA:157,0
DA:171,0
LF:41
LH:0
BRDA:22,0,0,0
BRDA:22,0,1,0
BRDA:28,1,0,0
BRDA:28,1,1,0
BRDA:50,2,0,0
BRDA:50,2,1,0
BRDA:59,3,0,0
BRDA:59,3,1,0
BRDA:63,4,0,0
BRDA:63,4,1,0
BRDA:67,5,0,0
BRDA:67,5,1,0
BRDA:77,6,0,0
BRDA:77,6,1,0
BRDA:77,7,0,0
BRDA:77,7,1,0
BRDA:165,8,0,0
BRDA:165,8,1,0
BRDA:179,9,0,0
BRDA:179,9,1,0
BRF:20
BRH:0
end_of_record
TN:
SF:src\Components\TickerDetailModal.tsx
FN:34,TickerDetailModal
FN:67,(anonymous_1)
FN:72,(anonymous_2)
FN:73,(anonymous_3)
FN:74,(anonymous_4)
FN:79,(anonymous_5)
FN:80,(anonymous_6)
FN:83,(anonymous_7)
FN:98,(anonymous_8)
FN:113,(anonymous_9)
FN:129,(anonymous_10)
FN:139,(anonymous_11)
FN:143,(anonymous_12)
FN:147,(anonymous_13)
FN:155,(anonymous_14)
FN:172,(anonymous_15)
FN:290,(anonymous_16)
FN:322,(anonymous_17)
FN:336,(anonymous_18)
FN:339,(anonymous_19)
FN:411,(anonymous_20)
FN:426,(anonymous_21)
FN:429,(anonymous_22)
FN:460,(anonymous_23)
FN:477,(anonymous_24)
FN:491,(anonymous_25)
FN:507,(anonymous_26)
FN:517,(anonymous_27)
FN:533,(anonymous_28)
FN:549,(anonymous_29)
FN:567,(anonymous_30)
FN:602,(anonymous_31)
FN:603,(anonymous_32)
FNF:33
FNH:0
FNDA:0,TickerDetailModal
FNDA:0,(anonymous_1)
FNDA:0,(anonymous_2)
FNDA:0,(anonymous_3)
FNDA:0,(anonymous_4)
FNDA:0,(anonymous_5)
FNDA:0,(anonymous_6)
FNDA:0,(anonymous_7)
FNDA:0,(anonymous_8)
FNDA:0,(anonymous_9)
FNDA:0,(anonymous_10)
FNDA:0,(anonymous_11)
FNDA:0,(anonymous_12)
FNDA:0,(anonymous_13)
FNDA:0,(anonymous_14)
FNDA:0,(anonymous_15)
FNDA:0,(anonymous_16)
FNDA:0,(anonymous_17)
FNDA:0,(anonymous_18)
FNDA:0,(anonymous_19)
FNDA:0,(anonymous_20)
FNDA:0,(anonymous_21)
FNDA:0,(anonymous_22)
FNDA:0,(anonymous_23)
FNDA:0,(anonymous_24)
FNDA:0,(anonymous_25)
FNDA:0,(anonymous_26)
FNDA:0,(anonymous_27)
FNDA:0,(anonymous_28)
FNDA:0,(anonymous_29)
FNDA:0,(anonymous_30)
FNDA:0,(anonymous_31)
FNDA:0,(anonymous_32)
DA:45,0
DA:46,0
DA:47,0
DA:48,0
DA:49,0
DA:61,0
DA:62,0
DA:65,0
DA:67,0
DA:68,0
DA:69,0
DA:72,0
DA:73,0
DA:74,0
DA:75,0
DA:79,0
DA:80,0
DA:81,0
DA:83,0
DA:84,0
DA:85,0
DA:95,0
DA:98,0
DA:99,0
DA:100,0
DA:110,0
DA:113,0
DA:114,0
DA:115,0
DA:116,0
DA:119,0
DA:120,0
DA:121,0
DA:124,0
DA:125,0
DA:126,0
DA:129,0
DA:130,0
DA:131,0
DA:132,0
DA:134,0
DA:136,0
DA:139,0
DA:140,0
DA:141,0
DA:143,0
DA:147,0
DA:148,0
DA:149,0
DA:151,0
DA:152,0
DA:155,0
DA:156,0
DA:157,0
DA:158,0
DA:159,0
DA:162,0
DA:164,0
DA:166,0
DA:167,0
DA:170,0
DA:171,0
DA:172,0
DA:173,0
DA:175,0
DA:179,0
DA:189,0
DA:194,0
DA:195,0
DA:197,0
DA:198,0
DA:200,0
DA:204,0
DA:206,0
DA:290,0
DA:323,0
DA:324,0
DA:337,0
DA:339,0
DA:340,0
DA:412,0
DA:414,0
DA:427,0
DA:429,0
DA:430,0
DA:460,0
DA:477,0
DA:491,0
DA:507,0
DA:517,0
DA:533,0
DA:549,0
DA:568,0
DA:569,0
DA:602,0
DA:603,0
LF:96
LH:0
BRDA:54,0,0,0
BRDA:54,0,1,0
BRDA:81,1,0,0
BRDA:81,1,1,0
BRDA:91,2,0,0
BRDA:91,2,1,0
BRDA:92,3,0,0
BRDA:92,3,1,0
BRDA:93,4,0,0
BRDA:93,4,1,0
BRDA:105,5,0,0
BRDA:105,5,1,0
BRDA:114,6,0,0
BRDA:114,6,1,0
BRDA:114,7,0,0
BRDA:114,7,1,0
BRDA:114,7,2,0
BRDA:119,8,0,0
BRDA:119,8,1,0
BRDA:131,9,0,0
BRDA:131,9,1,0
BRDA:140,10,0,0
BRDA:140,10,1,0
BRDA:148,11,0,0
BRDA:148,11,1,0
BRDA:149,12,0,0
BRDA:149,12,1,0
BRDA:156,13,0,0
BRDA:156,13,1,0
BRDA:157,14,0,0
BRDA:157,14,1,0
BRDA:162,15,0,0
BRDA:162,15,1,0
BRDA:173,16,0,0
BRDA:173,16,1,0
BRDA:186,17,0,0
BRDA:186,17,1,0
BRDA:187,18,0,0
BRDA:187,18,1,0
BRDA:297,19,0,0
BRDA:297,19,1,0
BRDA:310,20,0,0
BRDA:310,20,1,0
BRDA:328,21,0,0
BRDA:328,21,1,0
BRDA:337,22,0,0
BRDA:337,22,1,0
BRDA:346,23,0,0
BRDA:346,23,1,0
BRDA:354,24,0,0
BRDA:354,24,1,0
BRDA:363,25,0,0
BRDA:363,25,1,0
BRDA:365,26,0,0
BRDA:365,26,1,0
BRDA:365,27,0,0
BRDA:365,27,1,0
BRDA:370,28,0,0
BRDA:370,28,1,0
BRDA:386,29,0,0
BRDA:386,29,1,0
BRDA:390,30,0,0
BRDA:390,30,1,0
BRDA:418,31,0,0
BRDA:418,31,1,0
BRDA:427,32,0,0
BRDA:427,32,1,0
BRDA:436,33,0,0
BRDA:436,33,1,0
BRDA:444,34,0,0
BRDA:444,34,1,0
BRDA:460,35,0,0
BRDA:460,35,1,0
BRDA:477,36,0,0
BRDA:477,36,1,0
BRDA:560,37,0,0
BRDA:560,37,1,0
BRDA:580,38,0,0
BRDA:580,38,1,0
BRDA:599,39,0,0
BRDA:599,39,1,0
BRF:81
BRH:0
end_of_record
TN:
SF:src\Components\TickerLotSpreadsheet.tsx
FN:48,TickerLotSpreadsheet
FN:63,(anonymous_1)
FN:66,(anonymous_2)
FN:67,(anonymous_3)
FN:68,(anonymous_4)
FN:75,(anonymous_5)
FN:86,(anonymous_6)
FN:121,(anonymous_7)
FN:129,(anonymous_8)
FN:191,(anonymous_9)
FN:201,(anonymous_10)
FN:223,(anonymous_11)
FN:235,(anonymous_12)
FN:243,(anonymous_13)
FN:251,(anonymous_14)
FN:272,(anonymous_15)
FN:285,(anonymous_16)
FN:288,(anonymous_17)
FN:312,(anonymous_18)
FN:319,(anonymous_19)
FN:335,(anonymous_20)
FNF:21
FNH:0
FNDA:0,TickerLotSpreadsheet
FNDA:0,(anonymous_1)
FNDA:0,(anonymous_2)
FNDA:0,(anonymous_3)
FNDA:0,(anonymous_4)
FNDA:0,(anonymous_5)
FNDA:0,(anonymous_6)
FNDA:0,(anonymous_7)
FNDA:0,(anonymous_8)
FNDA:0,(anonymous_9)
FNDA:0,(anonymous_10)
FNDA:0,(anonymous_11)
FNDA:0,(anonymous_12)
FNDA:0,(anonymous_13)
FNDA:0,(anonymous_14)
FNDA:0,(anonymous_15)
FNDA:0,(anonymous_16)
FNDA:0,(anonymous_17)
FNDA:0,(anonymous_18)
FNDA:0,(anonymous_19)
FNDA:0,(anonymous_20)
DA:34,0
DA:56,0
DA:57,0
DA:58,0
DA:59,0
DA:60,0
DA:62,0
DA:63,0
DA:64,0
DA:66,0
DA:67,0
DA:68,0
DA:69,0
DA:72,0
DA:75,0
DA:76,0
DA:78,0
DA:79,0
DA:81,0
DA:82,0
DA:86,0
DA:87,0
DA:89,0
DA:91,0
DA:92,0
DA:94,0
DA:95,0
DA:97,0
DA:98,0
DA:100,0
DA:101,0
DA:103,0
DA:104,0
DA:106,0
DA:107,0
DA:109,0
DA:110,0
DA:112,0
DA:113,0
DA:115,0
DA:118,0
DA:121,0
DA:122,0
DA:124,0
DA:129,0
DA:133,0
DA:135,0
DA:136,0
DA:138,0
DA:154,0
DA:156,0
DA:158,0
DA:160,0
DA:170,0
DA:180,0
DA:186,0
DA:188,0
DA:192,0
DA:193,0
DA:202,0
DA:203,0
DA:204,0
DA:215,0
DA:219,0
DA:223,0
DA:236,0
DA:237,0
DA:243,0
DA:251,0
DA:273,0
DA:274,0
DA:285,0
DA:288,0
DA:313,0
DA:320,0
DA:335,0
LF:76
LH:0
BRDA:62,0,0,0
BRDA:62,0,1,0
BRDA:69,1,0,0
BRDA:69,1,1,0
BRDA:69,2,0,0
BRDA:69,2,1,0
BRDA:76,3,0,0
BRDA:76,3,1,0
BRDA:76,4,0,0
BRDA:76,4,1,0
BRDA:78,5,0,0
BRDA:78,5,1,0
BRDA:79,6,0,0
BRDA:79,6,1,0
BRDA:89,7,0,0
BRDA:89,7,1,0
BRDA:89,7,2,0
BRDA:89,7,3,0
BRDA:89,7,4,0
BRDA:89,7,5,0
BRDA:89,7,6,0
BRDA:89,7,7,0
BRDA:89,7,8,0
BRDA:112,8,0,0
BRDA:112,8,1,0
BRDA:112,9,0,0
BRDA:112,9,1,0
BRDA:118,10,0,0
BRDA:118,10,1,0
BRDA:122,11,0,0
BRDA:122,11,1,0
BRDA:122,11,2,0
BRDA:122,11,3,0
BRDA:122,11,4,0
BRDA:122,11,5,0
BRDA:122,11,6,0
BRDA:122,11,7,0
BRDA:122,11,8,0
BRDA:122,11,9,0
BRDA:122,11,10,0
BRDA:122,11,11,0
BRDA:142,12,0,0
BRDA:142,12,1,0
BRDA:172,13,0,0
BRDA:172,13,1,0
BRDA:176,14,0,0
BRDA:176,14,1,0
BRDA:186,15,0,0
BRDA:186,15,1,0
BRDA:203,16,0,0
BRDA:203,16,1,0
BRDA:241,17,0,0
BRDA:241,17,1,0
BRDA:242,18,0,0
BRDA:242,18,1,0
BRDA:242,19,0,0
BRDA:242,19,1,0
BRDA:245,20,0,0
BRDA:245,20,1,0
BRDA:255,21,0,0
BRDA:255,21,1,0
BRDA:257,22,0,0
BRDA:257,22,1,0
BRDA:259,23,0,0
BRDA:259,23,1,0
BRDA:260,24,0,0
BRDA:260,24,1,0
BRDA:270,25,0,0
BRDA:270,25,1,0
BRDA:274,26,0,0
BRDA:274,26,1,0
BRDA:282,27,0,0
BRDA:282,27,1,0
BRDA:304,28,0,0
BRDA:304,28,1,0
BRDA:316,29,0,0
BRDA:316,29,1,0
BRDA:320,30,0,0
BRDA:320,30,1,0
BRDA:331,31,0,0
BRDA:331,31,1,0
BRF:81
BRH:0
end_of_record
TN:
SF:src\Components\TickerSettingsModal.tsx
FN:12,TickerSettingsModal
FN:27,(anonymous_1)
FN:35,(anonymous_2)
FN:92,(anonymous_3)
FN:111,(anonymous_4)
FN:132,(anonymous_5)
FNF:6
FNH:0
FNDA:0,TickerSettingsModal
FNDA:0,(anonymous_1)
FNDA:0,(anonymous_2)
FNDA:0,(anonymous_3)
FNDA:0,(anonymous_4)
FNDA:0,(anonymous_5)
DA:18,0
DA:24,0
DA:27,0
DA:28,0
DA:35,0
DA:36,0
DA:37,0
DA:38,0
DA:46,0
DA:47,0
DA:48,0
DA:50,0
DA:51,0
DA:53,0
DA:57,0
DA:92,0
DA:111,0
DA:132,0
LF:18
LH:0
BRDA:19,0,0,0
BRDA:19,0,1,0
BRDA:20,1,0,0
BRDA:20,1,1,0
BRDA:21,2,0,0
BRDA:21,2,1,0
BRDA:29,3,0,0
BRDA:29,3,1,0
BRDA:30,4,0,0
BRDA:30,4,1,0
BRDA:31,5,0,0
BRDA:31,5,1,0
BRDA:113,6,0,0
BRDA:113,6,1,0
BRDA:134,7,0,0
BRDA:134,7,1,0
BRDA:165,8,0,0
BRDA:165,8,1,0
BRF:18
BRH:0
end_of_record
TN:
SF:src\Components\TickerSummarySpreadsheet.tsx
FN:68,TickerSummarySpreadsheet
FN:90,(anonymous_1)
FN:91,(anonymous_2)
FN:101,(anonymous_3)
FN:116,(anonymous_4)
FN:117,(anonymous_5)
FN:124,(anonymous_6)
FN:128,(anonymous_7)
FN:129,(anonymous_8)
FN:137,(anonymous_9)
FN:141,(anonymous_10)
FN:149,(anonymous_11)
FN:152,(anonymous_12)
FN:153,(anonymous_13)
FN:154,(anonymous_14)
FN:161,(anonymous_15)
FN:163,(anonymous_16)
FN:182,(anonymous_17)
FN:187,(anonymous_18)
FN:289,(anonymous_19)
FN:290,(anonymous_20)
FN:291,(anonymous_21)
FN:297,(anonymous_22)
FN:304,(anonymous_23)
FN:330,(anonymous_24)
FN:331,(anonymous_25)
FN:332,(anonymous_26)
FN:338,(anonymous_27)
FN:347,(anonymous_28)
FN:371,(anonymous_29)
FN:372,(anonymous_30)
FN:373,(anonymous_31)
FN:379,(anonymous_32)
FN:388,(anonymous_33)
FN:480,(anonymous_34)
FN:504,(anonymous_35)
FN:526,(anonymous_36)
FN:540,(anonymous_37)
FN:553,(anonymous_38)
FN:556,(anonymous_39)
FN:579,(anonymous_40)
FN:586,(anonymous_41)
FN:601,(anonymous_42)
FN:605,(anonymous_43)
FN:617,(anonymous_44)
FNF:45
FNH:0
FNDA:0,TickerSummarySpreadsheet
FNDA:0,(anonymous_1)
FNDA:0,(anonymous_2)
FNDA:0,(anonymous_3)
FNDA:0,(anonymous_4)
FNDA:0,(anonymous_5)
FNDA:0,(anonymous_6)
FNDA:0,(anonymous_7)
FNDA:0,(anonymous_8)
FNDA:0,(anonymous_9)
FNDA:0,(anonymous_10)
FNDA:0,(anonymous_11)
FNDA:0,(anonymous_12)
FNDA:0,(anonymous_13)
FNDA:0,(anonymous_14)
FNDA:0,(anonymous_15)
FNDA:0,(anonymous_16)
FNDA:0,(anonymous_17)
FNDA:0,(anonymous_18)
FNDA:0,(anonymous_19)
FNDA:0,(anonymous_20)
FNDA:0,(anonymous_21)
FNDA:0,(anonymous_22)
FNDA:0,(anonymous_23)
FNDA:0,(anonymous_24)
FNDA:0,(anonymous_25)
FNDA:0,(anonymous_26)
FNDA:0,(anonymous_27)
FNDA:0,(anonymous_28)
FNDA:0,(anonymous_29)
FNDA:0,(anonymous_30)
FNDA:0,(anonymous_31)
FNDA:0,(anonymous_32)
FNDA:0,(anonymous_33)
FNDA:0,(anonymous_34)
FNDA:0,(anonymous_35)
FNDA:0,(anonymous_36)
FNDA:0,(anonymous_37)
FNDA:0,(anonymous_38)
FNDA:0,(anonymous_39)
FNDA:0,(anonymous_40)
FNDA:0,(anonymous_41)
FNDA:0,(anonymous_42)
FNDA:0,(anonymous_43)
FNDA:0,(anonymous_44)
DA:50,0
DA:80,0
DA:81,0
DA:82,0
DA:83,0
DA:87,0
DA:90,0
DA:91,0
DA:92,0
DA:93,0
DA:94,0
DA:96,0
DA:101,0
DA:107,0
DA:113,0
DA:115,0
DA:117,0
DA:118,0
DA:119,0
DA:124,0
DA:128,0
DA:129,0
DA:131,0
DA:133,0
DA:137,0
DA:138,0
DA:141,0
DA:142,0
DA:147,0
DA:148,0
DA:149,0
DA:152,0
DA:153,0
DA:154,0
DA:155,0
DA:158,0
DA:161,0
DA:162,0
DA:163,0
DA:164,0
DA:166,0
DA:174,0
DA:175,0
DA:177,0
DA:178,0
DA:182,0
DA:183,0
DA:185,0
DA:188,0
DA:189,0
DA:198,0
DA:199,0
DA:200,0
DA:201,0
DA:203,0
DA:281,0
DA:284,0
DA:285,0
DA:289,0
DA:290,0
DA:292,0
DA:293,0
DA:297,0
DA:302,0
DA:305,0
DA:306,0
DA:307,0
DA:320,0
DA:323,0
DA:324,0
DA:330,0
DA:331,0
DA:333,0
DA:334,0
DA:338,0
DA:345,0
DA:348,0
DA:349,0
DA:350,0
DA:361,0
DA:364,0
DA:365,0
DA:371,0
DA:372,0
DA:374,0
DA:375,0
DA:379,0
DA:386,0
DA:389,0
DA:390,0
DA:391,0
DA:402,0
DA:403,0
DA:405,0
DA:421,0
DA:423,0
DA:425,0
DA:426,0
DA:427,0
DA:429,0
DA:430,0
DA:433,0
DA:434,0
DA:435,0
DA:437,0
DA:438,0
DA:439,0
DA:442,0
DA:443,0
DA:444,0
DA:447,0
DA:448,0
DA:450,0
DA:457,0
DA:459,0
DA:461,0
DA:466,0
DA:471,0
DA:478,0
DA:481,0
DA:482,0
DA:491,0
DA:495,0
DA:504,0
DA:527,0
DA:528,0
DA:541,0
DA:542,0
DA:553,0
DA:556,0
DA:580,0
DA:587,0
DA:602,0
DA:605,0
DA:610,0
DA:615,0
DA:617,0
LF:137
LH:0
BRDA:93,0,0,0
BRDA:93,0,1,0
BRDA:113,1,0,0
BRDA:113,1,1,0
BRDA:113,2,0,0
BRDA:113,2,1,0
BRDA:118,3,0,0
BRDA:118,3,1,0
BRDA:148,4,0,0
BRDA:148,4,1,0
BRDA:149,5,0,0
BRDA:149,5,1,0
BRDA:155,6,0,0
BRDA:155,6,1,0
BRDA:155,7,0,0
BRDA:155,7,1,0
BRDA:164,8,0,0
BRDA:164,8,1,0
BRDA:169,9,0,0
BRDA:169,9,1,0
BRDA:169,10,0,0
BRDA:169,10,1,0
BRDA:170,11,0,0
BRDA:170,11,1,0
BRDA:170,12,0,0
BRDA:170,12,1,0
BRDA:171,13,0,0
BRDA:171,13,1,0
BRDA:171,14,0,0
BRDA:171,14,1,0
BRDA:183,15,0,0
BRDA:183,15,1,0
BRDA:183,15,2,0
BRDA:183,15,3,0
BRDA:183,15,4,0
BRDA:183,15,5,0
BRDA:183,15,6,0
BRDA:183,15,7,0
BRDA:183,15,8,0
BRDA:183,15,9,0
BRDA:183,15,10,0
BRDA:183,15,11,0
BRDA:183,15,12,0
BRDA:183,15,13,0
BRDA:183,15,14,0
BRDA:183,15,15,0
BRDA:201,16,0,0
BRDA:201,16,1,0
BRDA:206,17,0,0
BRDA:206,17,1,0
BRDA:206,17,2,0
BRDA:215,18,0,0
BRDA:215,18,1,0
BRDA:218,19,0,0
BRDA:218,19,1,0
BRDA:220,20,0,0
BRDA:220,20,1,0
BRDA:223,21,0,0
BRDA:223,21,1,0
BRDA:225,22,0,0
BRDA:225,22,1,0
BRDA:228,23,0,0
BRDA:228,23,1,0
BRDA:230,24,0,0
BRDA:230,24,1,0
BRDA:238,25,0,0
BRDA:238,25,1,0
BRDA:246,26,0,0
BRDA:246,26,1,0
BRDA:248,27,0,0
BRDA:248,27,1,0
BRDA:251,28,0,0
BRDA:251,28,1,0
BRDA:253,29,0,0
BRDA:253,29,1,0
BRDA:260,30,0,0
BRDA:260,30,1,0
BRDA:260,30,2,0
BRDA:264,31,0,0
BRDA:264,31,1,0
BRDA:266,32,0,0
BRDA:266,32,1,0
BRDA:269,33,0,0
BRDA:269,33,1,0
BRDA:271,34,0,0
BRDA:271,34,1,0
BRDA:281,35,0,0
BRDA:281,35,1,0
BRDA:284,36,0,0
BRDA:284,36,1,0
BRDA:292,37,0,0
BRDA:292,37,1,0
BRDA:293,38,0,0
BRDA:293,38,1,0
BRDA:307,39,0,0
BRDA:307,39,1,0
BRDA:312,40,0,0
BRDA:312,40,1,0
BRDA:320,41,0,0
BRDA:320,41,1,0
BRDA:323,42,0,0
BRDA:323,42,1,0
BRDA:333,43,0,0
BRDA:333,43,1,0
BRDA:334,44,0,0
BRDA:334,44,1,0
BRDA:361,45,0,0
BRDA:361,45,1,0
BRDA:364,46,0,0
BRDA:364,46,1,0
BRDA:374,47,0,0
BRDA:374,47,1,0
BRDA:375,48,0,0
BRDA:375,48,1,0
BRDA:409,49,0,0
BRDA:409,49,1,0
BRDA:426,50,0,0
BRDA:426,50,1,0
BRDA:434,51,0,0
BRDA:434,51,1,0
BRDA:434,52,0,0
BRDA:434,52,1,0
BRDA:443,53,0,0
BRDA:443,53,1,0
BRDA:451,54,0,0
BRDA:451,54,1,0
BRDA:452,55,0,0
BRDA:452,55,1,0
BRDA:532,56,0,0
BRDA:532,56,1,0
BRDA:533,57,0,0
BRDA:533,57,1,0
BRDA:533,58,0,0
BRDA:533,58,1,0
BRDA:536,59,0,0
BRDA:536,59,1,0
BRDA:538,60,0,0
BRDA:538,60,1,0
BRDA:542,61,0,0
BRDA:542,61,1,0
BRDA:550,62,0,0
BRDA:550,62,1,0
BRDA:571,63,0,0
BRDA:571,63,1,0
BRDA:583,64,0,0
BRDA:583,64,1,0
BRDA:587,65,0,0
BRDA:587,65,1,0
BRDA:587,66,0,0
BRDA:587,66,1,0
BRDA:587,67,0,0
BRDA:587,67,1,0
BRDA:598,68,0,0
BRDA:598,68,1,0
BRF:154
BRH:0
end_of_record
TN:
SF:src\Components\VanguardTextImportModal.tsx
FN:14,VanguardTextImportModal
FN:27,(anonymous_1)
FN:58,(anonymous_2)
FN:65,(anonymous_3)
FN:70,(anonymous_4)
FN:80,(anonymous_5)
FN:89,(anonymous_6)
FN:102,(anonymous_7)
FN:145,(anonymous_8)
FN:208,(anonymous_9)
FN:238,(anonymous_10)
FN:261,(anonymous_11)
FN:302,(anonymous_12)
FNF:13
FNH:0
FNDA:0,VanguardTextImportModal
FNDA:0,(anonymous_1)
FNDA:0,(anonymous_2)
FNDA:0,(anonymous_3)
FNDA:0,(anonymous_4)
FNDA:0,(anonymous_5)
FNDA:0,(anonymous_6)
FNDA:0,(anonymous_7)
FNDA:0,(anonymous_8)
FNDA:0,(anonymous_9)
FNDA:0,(anonymous_10)
FNDA:0,(anonymous_11)
FNDA:0,(anonymous_12)
DA:17,0
DA:19,0
DA:20,0
DA:21,0
DA:22,0
DA:23,0
DA:24,0
DA:25,0
DA:27,0
DA:28,0
DA:30,0
DA:32,0
DA:33,0
DA:37,0
DA:38,0
DA:42,0
DA:43,0
DA:44,0
DA:47,0
DA:48,0
DA:51,0
DA:52,0
DA:54,0
DA:58,0
DA:59,0
DA:60,0
DA:61,0
DA:65,0
DA:66,0
DA:67,0
DA:70,0
DA:71,0
DA:72,0
DA:74,0
DA:75,0
DA:76,0
DA:80,0
DA:81,0
DA:83,0
DA:84,0
DA:85,0
DA:87,0
DA:89,0
DA:92,0
DA:95,0
DA:96,0
DA:99,0
DA:102,0
DA:103,0
DA:106,0
DA:108,0
DA:112,0
DA:145,0
DA:209,0
DA:210,0
DA:211,0
DA:212,0
DA:213,0
DA:238,0
DA:261,0
DA:303,0
LF:61
LH:0
BRDA:32,0,0,0
BRDA:32,0,1,0
BRDA:37,1,0,0
BRDA:37,1,1,0
BRDA:54,2,0,0
BRDA:54,2,1,0
BRDA:60,3,0,0
BRDA:60,3,1,0
BRDA:75,4,0,0
BRDA:75,4,1,0
BRDA:81,5,0,0
BRDA:81,5,1,0
BRDA:95,6,0,0
BRDA:95,6,1,0
BRDA:106,7,0,0
BRDA:106,7,1,0
BRDA:138,8,0,0
BRDA:138,8,1,0
BRDA:164,9,0,0
BRDA:164,9,1,0
BRDA:172,10,0,0
BRDA:172,10,1,0
BRDA:181,11,0,0
BRDA:181,11,1,0
BRDA:223,12,0,0
BRDA:223,12,1,0
BRDA:242,13,0,0
BRDA:242,13,1,0
BRDA:254,14,0,0
BRDA:254,14,1,0
BRDA:273,15,0,0
BRDA:273,15,1,0
BRDA:273,15,2,0
BRDA:337,16,0,0
BRDA:337,16,1,0
BRDA:340,17,0,0
BRDA:340,17,1,0
BRDA:343,18,0,0
BRDA:343,18,1,0
BRF:39
BRH:0
end_of_record
TN:
SF:src\Components\AnnualProjectionTable\AnnualProjectionTable.tsx
FN:8,AnnualProjectionTable
FN:51,(anonymous_1)
FNF:2
FNH:0
FNDA:0,AnnualProjectionTable
FNDA:0,(anonymous_1)
DA:12,0
DA:52,0
DA:53,0
LF:3
LH:0
BRDA:57,0,0,0
BRDA:57,0,1,0
BRDA:58,1,0,0
BRDA:58,1,1,0
BRDA:73,2,0,0
BRDA:73,2,1,0
BRDA:75,3,0,0
BRDA:75,3,1,0
BRDA:78,4,0,0
BRDA:78,4,1,0
BRDA:80,5,0,0
BRDA:80,5,1,0
BRF:12
BRH:0
end_of_record
TN:
SF:src\Components\ApiCalls\HistoricalDividendQuote.tsx
FN:15,(anonymous_0)
FN:23,(anonymous_1)
FNF:2
FNH:0
FNDA:0,(anonymous_0)
FNDA:0,(anonymous_1)
DA:15,0
DA:18,0
DA:23,0
DA:24,0
DA:25,0
DA:31,0
DA:32,0
DA:33,0
DA:37,0
DA:38,0
DA:41,0
LF:11
LH:0
BRDA:24,0,0,0
BRDA:24,0,1,0
BRDA:24,1,0,0
BRDA:24,1,1,0
BRDA:31,2,0,0
BRDA:31,2,1,0
BRDA:37,3,0,0
BRDA:37,3,1,0
BRDA:37,4,0,0
BRDA:37,4,1,0
BRF:10
BRH:0
end_of_record
TN:
SF:src\Components\ApiCalls\StatementKeyMetrics.tsx
FN:17,(anonymous_0)
FN:26,(anonymous_1)
FNF:2
FNH:0
FNDA:0,(anonymous_0)
FNDA:0,(anonymous_1)
DA:17,0
DA:20,0
DA:26,0
DA:27,0
DA:28,0
DA:34,0
DA:35,0
DA:36,0
DA:40,0
DA:41,0
DA:44,0
LF:11
LH:0
BRDA:27,0,0,0
BRDA:27,0,1,0
BRDA:27,1,0,0
BRDA:27,1,1,0
BRDA:34,2,0,0
BRDA:34,2,1,0
BRDA:40,3,0,0
BRDA:40,3,1,0
BRDA:40,4,0,0
BRDA:40,4,1,0
BRF:10
BRH:0
end_of_record
TN:
SF:src\Components\ApiKeySettings\ApiKeySettings.tsx
FN:6,ApiKeySettings
FN:14,(anonymous_1)
FN:18,(anonymous_2)
FN:31,(anonymous_3)
FN:57,(anonymous_4)
FN:104,(anonymous_5)
FN:108,(anonymous_6)
FN:119,(anonymous_7)
FNF:8
FNH:0
FNDA:0,ApiKeySettings
FNDA:0,(anonymous_1)
FNDA:0,(anonymous_2)
FNDA:0,(anonymous_3)
FNDA:0,(anonymous_4)
FNDA:0,(anonymous_5)
FNDA:0,(anonymous_6)
FNDA:0,(anonymous_7)
DA:7,0
DA:8,0
DA:9,0
DA:10,0
DA:11,0
DA:12,0
DA:14,0
DA:15,0
DA:18,0
DA:19,0
DA:20,0
DA:21,0
DA:22,0
DA:23,0
DA:24,0
DA:27,0
DA:31,0
DA:32,0
DA:33,0
DA:34,0
DA:37,0
DA:38,0
DA:40,0
DA:41,0
DA:42,0
DA:43,0
DA:44,0
DA:45,0
DA:46,0
DA:48,0
DA:53,0
DA:57,0
DA:58,0
DA:59,0
DA:62,0
DA:63,0
DA:65,0
DA:66,0
DA:67,0
DA:68,0
DA:69,0
DA:70,0
DA:71,0
DA:73,0
DA:78,0
DA:82,0
DA:105,0
DA:106,0
DA:109,0
DA:110,0
DA:111,0
DA:119,0
LF:52
LH:0
BRDA:21,0,0,0
BRDA:21,0,1,0
BRDA:32,1,0,0
BRDA:32,1,1,0
BRDA:32,2,0,0
BRDA:32,2,1,0
BRDA:50,3,0,0
BRDA:50,3,1,0
BRDA:58,4,0,0
BRDA:58,4,1,0
BRDA:75,5,0,0
BRDA:75,5,1,0
BRDA:102,6,0,0
BRDA:102,6,1,0
BRDA:103,7,0,0
BRDA:103,7,1,0
BRDA:103,8,0,0
BRDA:103,8,1,0
BRDA:109,9,0,0
BRDA:109,9,1,0
BRDA:124,10,0,0
BRDA:124,10,1,0
BRDA:141,11,0,0
BRDA:141,11,1,0
BRDA:143,12,0,0
BRDA:143,12,1,0
BRDA:160,13,0,0
BRDA:160,13,1,0
BRDA:163,14,0,0
BRDA:163,14,1,0
BRF:30
BRH:0
end_of_record
TN:
SF:src\Components\BankMetricsCalculatorModal\BankMetricsCalculatorModal.tsx
FN:37,MetricCard
FN:63,BankMetricsCalculatorModal
FN:78,(anonymous_2)
FN:79,(anonymous_3)
FN:84,(anonymous_4)
FN:90,(anonymous_5)
FN:103,(anonymous_6)
FN:108,(anonymous_7)
FN:224,(anonymous_8)
FN:229,(anonymous_9)
FN:242,(anonymous_10)
FN:252,(anonymous_11)
FNF:12
FNH:0
FNDA:0,MetricCard
FNDA:0,BankMetricsCalculatorModal
FNDA:0,(anonymous_2)
FNDA:0,(anonymous_3)
FNDA:0,(anonymous_4)
FNDA:0,(anonymous_5)
FNDA:0,(anonymous_6)
FNDA:0,(anonymous_7)
FNDA:0,(anonymous_8)
FNDA:0,(anonymous_9)
FNDA:0,(anonymous_10)
FNDA:0,(anonymous_11)
DA:38,0
DA:39,0
DA:45,0
DA:64,0
DA:66,0
DA:71,0
DA:72,0
DA:73,0
DA:74,0
DA:75,0
DA:78,0
DA:79,0
DA:80,0
DA:81,0
DA:84,0
DA:85,0
DA:89,0
DA:90,0
DA:93,0
DA:95,0
DA:96,0
DA:100,0
DA:103,0
DA:104,0
DA:105,0
DA:108,0
DA:109,0
DA:110,0
DA:111,0
DA:112,0
DA:114,0
DA:116,0
DA:117,0
DA:118,0
DA:119,0
DA:123,0
DA:136,0
DA:137,0
DA:138,0
DA:141,0
DA:142,0
DA:146,0
DA:152,0
DA:170,0
DA:172,0
DA:173,0
DA:175,0
DA:179,0
DA:224,0
DA:230,0
DA:242,0
DA:252,0
LF:52
LH:0
BRDA:38,0,0,0
BRDA:38,0,1,0
BRDA:39,1,0,0
BRDA:39,1,1,0
BRDA:41,2,0,0
BRDA:41,2,1,0
BRDA:49,3,0,0
BRDA:49,3,1,0
BRDA:54,4,0,0
BRDA:54,4,1,0
BRDA:85,5,0,0
BRDA:85,5,1,0
BRDA:104,6,0,0
BRDA:104,6,1,0
BRDA:104,7,0,0
BRDA:104,7,1,0
BRDA:104,7,2,0
BRDA:116,8,0,0
BRDA:116,8,1,0
BRDA:136,9,0,0
BRDA:136,9,1,0
BRDA:137,10,0,0
BRDA:137,10,1,0
BRDA:138,11,0,0
BRDA:138,11,1,0
BRDA:141,12,0,0
BRDA:141,12,1,0
BRDA:173,13,0,0
BRDA:173,13,1,0
BRDA:209,14,0,0
BRDA:209,14,1,0
BRDA:244,15,0,0
BRDA:244,15,1,0
BRDA:254,16,0,0
BRDA:254,16,1,0
BRDA:267,17,0,0
BRDA:267,17,1,0
BRDA:273,18,0,0
BRDA:273,18,1,0
BRDA:285,19,0,0
BRDA:285,19,1,0
BRDA:292,20,0,0
BRDA:292,20,1,0
BRDA:296,21,0,0
BRDA:296,21,1,0
BRDA:300,22,0,0
BRDA:300,22,1,0
BRF:47
BRH:0
end_of_record
TN:
SF:src\Components\BasicTickerEvaluation\BasicTickerEvaluation.tsx
FN:46,(anonymous_0)
FN:216,(anonymous_1)
FN:234,(anonymous_2)
FN:261,(anonymous_3)
FN:291,(anonymous_4)
FN:298,(anonymous_5)
FN:306,(anonymous_6)
FN:316,(anonymous_7)
FN:329,(anonymous_8)
FN:335,(anonymous_9)
FN:409,(anonymous_10)
FN:416,(anonymous_11)
FN:421,(anonymous_12)
FN:430,(anonymous_13)
FN:439,(anonymous_14)
FN:458,(anonymous_15)
FN:520,(anonymous_16)
FN:526,(anonymous_17)
FN:536,(anonymous_18)
FN:541,(anonymous_19)
FN:546,(anonymous_20)
FN:551,(anonymous_21)
FN:556,(anonymous_22)
FN:563,(anonymous_23)
FN:583,(anonymous_24)
FN:589,(anonymous_25)
FN:590,(anonymous_26)
FN:605,(anonymous_27)
FNF:28
FNH:0
FNDA:0,(anonymous_0)
FNDA:0,(anonymous_1)
FNDA:0,(anonymous_2)
FNDA:0,(anonymous_3)
FNDA:0,(anonymous_4)
FNDA:0,(anonymous_5)
FNDA:0,(anonymous_6)
FNDA:0,(anonymous_7)
FNDA:0,(anonymous_8)
FNDA:0,(anonymous_9)
FNDA:0,(anonymous_10)
FNDA:0,(anonymous_11)
FNDA:0,(anonymous_12)
FNDA:0,(anonymous_13)
FNDA:0,(anonymous_14)
FNDA:0,(anonymous_15)
FNDA:0,(anonymous_16)
FNDA:0,(anonymous_17)
FNDA:0,(anonymous_18)
FNDA:0,(anonymous_19)
FNDA:0,(anonymous_20)
FNDA:0,(anonymous_21)
FNDA:0,(anonymous_22)
FNDA:0,(anonymous_23)
FNDA:0,(anonymous_24)
FNDA:0,(anonymous_25)
FNDA:0,(anonymous_26)
FNDA:0,(anonymous_27)
DA:46,0
DA:48,0
DA:49,0
DA:50,0
DA:51,0
DA:52,0
DA:53,0
DA:54,0
DA:55,0
DA:56,0
DA:57,0
DA:58,0
DA:59,0
DA:60,0
DA:62,0
DA:64,0
DA:65,0
DA:66,0
DA:67,0
DA:68,0
DA:69,0
DA:70,0
DA:71,0
DA:72,0
DA:73,0
DA:74,0
DA:75,0
DA:92,0
DA:94,0
DA:95,0
DA:117,0
DA:131,0
DA:145,0
DA:207,0
DA:208,0
DA:209,0
DA:211,0
DA:216,0
DA:217,0
DA:218,0
DA:219,0
DA:220,0
DA:221,0
DA:223,0
DA:224,0
DA:225,0
DA:226,0
DA:227,0
DA:234,0
DA:236,0
DA:239,0
DA:241,0
DA:243,0
DA:261,0
DA:265,0
DA:273,0
DA:274,0
DA:275,0
DA:277,0
DA:278,0
DA:279,0
DA:282,0
DA:284,0
DA:285,0
DA:291,0
DA:298,0
DA:299,0
DA:306,0
DA:307,0
DA:312,0
DA:313,0
DA:314,0
DA:315,0
DA:316,0
DA:317,0
DA:318,0
DA:321,0
DA:329,0
DA:335,0
DA:337,0
DA:339,0
DA:343,0
DA:344,0
DA:346,0
DA:347,0
DA:348,0
DA:350,0
DA:351,0
DA:352,0
DA:353,0
DA:354,0
DA:357,0
DA:365,0
DA:366,0
DA:370,0
DA:371,0
DA:373,0
DA:380,0
DA:381,0
DA:383,0
DA:384,0
DA:385,0
DA:386,0
DA:391,0
DA:392,0
DA:393,0
DA:394,0
DA:395,0
DA:399,0
DA:400,0
DA:409,0
DA:411,0
DA:412,0
DA:416,0
DA:417,0
DA:418,0
DA:419,0
DA:420,0
DA:421,0
DA:422,0
DA:423,0
DA:424,0
DA:430,0
DA:436,0
DA:439,0
DA:441,0
DA:442,0
DA:443,0
DA:445,0
DA:446,0
DA:447,0
DA:448,0
DA:450,0
DA:451,0
DA:453,0
DA:458,0
DA:463,0
DA:464,0
DA:465,0
DA:466,0
DA:474,0
DA:475,0
DA:476,0
DA:477,0
DA:478,0
DA:481,0
DA:482,0
DA:483,0
DA:484,0
DA:489,0
DA:490,0
DA:491,0
DA:492,0
DA:496,0
DA:497,0
DA:498,0
DA:499,0
DA:501,0
DA:507,0
DA:511,0
DA:513,0
DA:520,0
DA:521,0
DA:524,0
DA:526,0
DA:527,0
DA:534,0
DA:536,0
DA:537,0
DA:540,0
DA:541,0
DA:542,0
DA:545,0
DA:546,0
DA:547,0
DA:550,0
DA:551,0
DA:552,0
DA:556,0
DA:557,0
DA:559,0
DA:560,0
DA:561,0
DA:563,0
DA:564,0
DA:565,0
DA:566,0
DA:567,0
DA:572,0
DA:583,0
DA:584,0
DA:589,0
DA:590,0
DA:591,0
DA:592,0
DA:595,0
DA:596,0
DA:601,0
DA:604,0
DA:605,0
DA:608,0
LF:201
LH:0
BRDA:236,0,0,0
BRDA:236,0,1,0
BRDA:277,1,0,0
BRDA:277,1,1,0
BRDA:307,2,0,0
BRDA:307,2,1,0
BRDA:307,3,0,0
BRDA:307,3,1,0
BRDA:307,3,2,0
BRDA:337,4,0,0
BRDA:337,4,1,0
BRDA:352,5,0,0
BRDA:352,5,1,0
BRDA:370,6,0,0
BRDA:370,6,1,0
BRDA:391,7,0,0
BRDA:391,7,1,0
BRDA:411,8,0,0
BRDA:411,8,1,0
BRDA:442,9,0,0
BRDA:442,9,1,0
BRDA:447,10,0,0
BRDA:447,10,1,0
BRDA:450,11,0,0
BRDA:450,11,1,0
BRDA:450,12,0,0
BRDA:450,12,1,0
BRDA:463,13,0,0
BRDA:463,13,1,0
BRDA:463,14,0,0
BRDA:463,14,1,0
BRDA:463,14,2,0
BRDA:474,15,0,0
BRDA:474,15,1,0
BRDA:474,16,0,0
BRDA:474,16,1,0
BRDA:474,16,2,0
BRDA:481,17,0,0
BRDA:481,17,1,0
BRDA:481,18,0,0
BRDA:481,18,1,0
BRDA:489,19,0,0
BRDA:489,19,1,0
BRDA:489,20,0,0
BRDA:489,20,1,0
BRDA:511,21,0,0
BRDA:511,21,1,0
BRDA:557,22,0,0
BRDA:557,22,1,0
BRDA:557,23,0,0
BRDA:557,23,1,0
BRDA:557,23,2,0
BRDA:557,23,3,0
BRDA:565,24,0,0
BRDA:565,24,1,0
BRDA:567,25,0,0
BRDA:567,25,1,0
BRDA:591,26,0,0
BRDA:591,26,1,0
BRDA:638,27,0,0
BRDA:638,27,1,0
BRDA:643,28,0,0
BRDA:643,28,1,0
BRDA:648,29,0,0
BRDA:648,29,1,0
BRDA:672,30,0,0
BRDA:672,30,1,0
BRDA:672,31,0,0
BRDA:672,31,1,0
BRDA:672,31,2,0
BRDA:696,32,0,0
BRDA:696,32,1,0
BRDA:696,33,0,0
BRDA:696,33,1,0
BRDA:696,33,2,0
BRF:75
BRH:0
end_of_record
TN:
SF:src\Components\ChartControls\ChartControls.tsx
FN:16,(anonymous_0)
FNF:1
FNH:0
FNDA:0,(anonymous_0)
DA:16,0
DA:17,0
LF:2
LH:0
BRF:0
BRH:0
end_of_record
TN:
SF:src\Components\CompanyInfoModal\CompanyInfoModal.tsx
FN:29,CompanyInfoModal
FN:46,(anonymous_1)
FN:133,(anonymous_2)
FNF:3
FNH:0
FNDA:0,CompanyInfoModal
FNDA:0,(anonymous_1)
FNDA:0,(anonymous_2)
DA:30,0
DA:31,0
DA:34,0
DA:47,0
DA:134,0
LF:5
LH:0
BRDA:30,0,0,0
BRDA:30,0,1,0
BRDA:30,1,0,0
BRDA:30,1,1,0
BRDA:30,1,2,0
BRDA:41,2,0,0
BRDA:41,2,1,0
BRDA:53,3,0,0
BRDA:53,3,1,0
BRDA:53,4,0,0
BRDA:53,4,1,0
BRDA:55,5,0,0
BRDA:55,5,1,0
BRDA:74,6,0,0
BRDA:74,6,1,0
BRDA:80,7,0,0
BRDA:80,7,1,0
BRDA:87,8,0,0
BRDA:87,8,1,0
BRDA:87,8,2,0
BRDA:105,9,0,0
BRDA:105,9,1,0
BRDA:115,10,0,0
BRDA:115,10,1,0
BRDA:132,11,0,0
BRDA:132,11,1,0
BRDA:153,12,0,0
BRDA:153,12,1,0
BRDA:153,13,0,0
BRDA:153,13,1,0
BRDA:153,13,2,0
BRDA:153,13,3,0
BRDA:157,14,0,0
BRDA:157,14,1,0
BRDA:167,15,0,0
BRDA:167,15,1,0
BRDA:169,16,0,0
BRDA:169,16,1,0
BRDA:178,17,0,0
BRDA:178,17,1,0
BRF:40
BRH:0
end_of_record
TN:
SF:src\Components\CustomRangePerformanceModal\CustomRangeBarChart.tsx
FN:25,CustomRangeBarChart
FN:26,(anonymous_1)
FN:29,(anonymous_2)
FN:42,(anonymous_3)
FN:46,(anonymous_4)
FN:55,(anonymous_5)
FN:81,(anonymous_6)
FN:103,(anonymous_7)
FN:120,(anonymous_8)
FNF:9
FNH:0
FNDA:0,CustomRangeBarChart
FNDA:0,(anonymous_1)
FNDA:0,(anonymous_2)
FNDA:0,(anonymous_3)
FNDA:0,(anonymous_4)
FNDA:0,(anonymous_5)
FNDA:0,(anonymous_6)
FNDA:0,(anonymous_7)
FNDA:0,(anonymous_8)
DA:26,0
DA:28,0
DA:29,0
DA:33,0
DA:34,0
DA:35,0
DA:36,0
DA:39,0
DA:42,0
DA:43,0
DA:46,0
DA:47,0
DA:55,0
DA:56,0
DA:57,0
DA:59,0
DA:78,0
DA:81,0
DA:82,0
DA:83,0
DA:87,0
DA:103,0
DA:121,0
LF:23
LH:0
BRDA:33,0,0,0
BRDA:33,0,1,0
BRDA:43,1,0,0
BRDA:43,1,1,0
BRDA:56,2,0,0
BRDA:56,2,1,0
BRDA:56,3,0,0
BRDA:56,3,1,0
BRDA:56,3,2,0
BRDA:63,4,0,0
BRDA:63,4,1,0
BRDA:68,5,0,0
BRDA:68,5,1,0
BRDA:82,6,0,0
BRDA:82,6,1,0
BRDA:82,7,0,0
BRDA:82,7,1,0
BRDA:123,8,0,0
BRDA:123,8,1,0
BRDA:129,9,0,0
BRDA:129,9,1,0
BRF:21
BRH:0
end_of_record
TN:
SF:src\Components\CustomRangePerformanceModal\CustomRangeLineChart.tsx
FN:25,CustomRangeLineChart
FN:26,(anonymous_1)
FN:27,(anonymous_2)
FN:39,(anonymous_3)
FN:48,(anonymous_4)
FNF:5
FNH:0
FNDA:0,CustomRangeLineChart
FNDA:0,(anonymous_1)
FNDA:0,(anonymous_2)
FNDA:0,(anonymous_3)
FNDA:0,(anonymous_4)
DA:26,0
DA:27,0
DA:35,0
DA:36,0
DA:37,0
DA:39,0
DA:40,0
DA:48,0
DA:49,0
DA:50,0
DA:51,0
DA:52,0
DA:53,0
DA:54,0
DA:56,0
DA:68,0
DA:71,0
LF:17
LH:0
BRDA:36,0,0,0
BRDA:36,0,1,0
BRDA:37,1,0,0
BRDA:37,1,1,0
BRDA:49,2,0,0
BRDA:49,2,1,0
BRDA:49,3,0,0
BRDA:49,3,1,0
BRDA:49,3,2,0
BRDA:54,4,0,0
BRDA:54,4,1,0
BRDA:62,5,0,0
BRDA:62,5,1,0
BRDA:63,6,0,0
BRDA:63,6,1,0
BRF:15
BRH:0
end_of_record
TN:
SF:src\Components\CustomRangePerformanceModal\CustomRangePerformanceModal.tsx
FN:26,CustomRangePerformanceModal
FN:34,(anonymous_1)
FN:50,(anonymous_2)
FN:76,(anonymous_3)
FN:99,(anonymous_4)
FN:101,(anonymous_5)
FN:102,(anonymous_6)
FN:108,(anonymous_7)
FN:124,(anonymous_8)
FN:125,(anonymous_9)
FN:129,(anonymous_10)
FN:136,(anonymous_11)
FN:140,(anonymous_12)
FN:147,(anonymous_13)
FN:156,(anonymous_14)
FN:161,(anonymous_15)
FN:171,(anonymous_16)
FN:233,(anonymous_17)
FN:243,(anonymous_18)
FN:253,(anonymous_19)
FN:263,(anonymous_20)
FN:273,(anonymous_21)
FN:283,(anonymous_22)
FN:293,(anonymous_23)
FN:312,(anonymous_24)
FN:327,(anonymous_25)
FN:350,(anonymous_26)
FN:375,(anonymous_27)
FN:409,(anonymous_28)
FN:417,(anonymous_29)
FN:522,(anonymous_30)
FN:527,(anonymous_31)
FN:555,(anonymous_32)
FN:560,(anonymous_33)
FN:561,(anonymous_34)
FNF:35
FNH:0
FNDA:0,CustomRangePerformanceModal
FNDA:0,(anonymous_1)
FNDA:0,(anonymous_2)
FNDA:0,(anonymous_3)
FNDA:0,(anonymous_4)
FNDA:0,(anonymous_5)
FNDA:0,(anonymous_6)
FNDA:0,(anonymous_7)
FNDA:0,(anonymous_8)
FNDA:0,(anonymous_9)
FNDA:0,(anonymous_10)
FNDA:0,(anonymous_11)
FNDA:0,(anonymous_12)
FNDA:0,(anonymous_13)
FNDA:0,(anonymous_14)
FNDA:0,(anonymous_15)
FNDA:0,(anonymous_16)
FNDA:0,(anonymous_17)
FNDA:0,(anonymous_18)
FNDA:0,(anonymous_19)
FNDA:0,(anonymous_20)
FNDA:0,(anonymous_21)
FNDA:0,(anonymous_22)
FNDA:0,(anonymous_23)
FNDA:0,(anonymous_24)
FNDA:0,(anonymous_25)
FNDA:0,(anonymous_26)
FNDA:0,(anonymous_27)
FNDA:0,(anonymous_28)
FNDA:0,(anonymous_29)
FNDA:0,(anonymous_30)
FNDA:0,(anonymous_31)
FNDA:0,(anonymous_32)
FNDA:0,(anonymous_33)
FNDA:0,(anonymous_34)
DA:34,0
DA:35,0
DA:36,0
DA:37,0
DA:38,0
DA:44,0
DA:45,0
DA:46,0
DA:47,0
DA:50,0
DA:51,0
DA:52,0
DA:53,0
DA:55,0
DA:57,0
DA:58,0
DA:60,0
DA:61,0
DA:63,0
DA:64,0
DA:66,0
DA:67,0
DA:69,0
DA:70,0
DA:72,0
DA:73,0
DA:76,0
DA:77,0
DA:78,0
DA:80,0
DA:81,0
DA:82,0
DA:83,0
DA:86,0
DA:87,0
DA:91,0
DA:92,0
DA:94,0
DA:95,0
DA:96,0
DA:99,0
DA:100,0
DA:101,0
DA:102,0
DA:104,0
DA:108,0
DA:109,0
DA:110,0
DA:115,0
DA:124,0
DA:125,0
DA:126,0
DA:128,0
DA:129,0
DA:131,0
DA:136,0
DA:137,0
DA:140,0
DA:142,0
DA:143,0
DA:147,0
DA:148,0
DA:156,0
DA:157,0
DA:161,0
DA:162,0
DA:163,0
DA:164,0
DA:165,0
DA:166,0
DA:167,0
DA:171,0
DA:172,0
DA:173,0
DA:175,0
DA:176,0
DA:177,0
DA:178,0
DA:180,0
DA:181,0
DA:183,0
DA:184,0
DA:186,0
DA:190,0
DA:197,0
DA:233,0
DA:243,0
DA:253,0
DA:263,0
DA:273,0
DA:283,0
DA:293,0
DA:313,0
DA:314,0
DA:328,0
DA:329,0
DA:351,0
DA:352,0
DA:375,0
DA:410,0
DA:417,0
DA:523,0
DA:524,0
DA:527,0
DA:555,0
DA:560,0
DA:562,0
LF:107
LH:0
BRDA:55,0,0,0
BRDA:55,0,1,0
BRDA:55,0,2,0
BRDA:55,0,3,0
BRDA:55,0,4,0
BRDA:55,0,5,0
BRDA:55,0,6,0
BRDA:78,1,0,0
BRDA:78,1,1,0
BRDA:78,2,0,0
BRDA:78,2,1,0
BRDA:80,3,0,0
BRDA:80,3,1,0
BRDA:109,4,0,0
BRDA:109,4,1,0
BRDA:109,5,0,0
BRDA:109,5,1,0
BRDA:126,6,0,0
BRDA:126,6,1,0
BRDA:128,7,0,0
BRDA:128,7,1,0
BRDA:142,8,0,0
BRDA:142,8,1,0
BRDA:157,9,0,0
BRDA:157,9,1,0
BRDA:162,10,0,0
BRDA:162,10,1,0
BRDA:162,11,0,0
BRDA:162,11,1,0
BRDA:172,12,0,0
BRDA:172,12,1,0
BRDA:172,13,0,0
BRDA:172,13,1,0
BRDA:180,14,0,0
BRDA:180,14,1,0
BRDA:183,15,0,0
BRDA:183,15,1,0
BRDA:235,16,0,0
BRDA:235,16,1,0
BRDA:245,17,0,0
BRDA:245,17,1,0
BRDA:255,18,0,0
BRDA:255,18,1,0
BRDA:265,19,0,0
BRDA:265,19,1,0
BRDA:275,20,0,0
BRDA:275,20,1,0
BRDA:285,21,0,0
BRDA:285,21,1,0
BRDA:295,22,0,0
BRDA:295,22,1,0
BRDA:339,23,0,0
BRDA:339,23,1,0
BRDA:351,24,0,0
BRDA:351,24,1,0
BRDA:351,25,0,0
BRDA:351,25,1,0
BRDA:355,26,0,0
BRDA:355,26,1,0
BRDA:357,27,0,0
BRDA:357,27,1,0
BRDA:357,28,0,0
BRDA:357,28,1,0
BRDA:362,29,0,0
BRDA:362,29,1,0
BRDA:378,30,0,0
BRDA:378,30,1,0
BRDA:383,31,0,0
BRDA:383,31,1,0
BRDA:389,32,0,0
BRDA:389,32,1,0
BRDA:429,33,0,0
BRDA:429,33,1,0
BRDA:440,34,0,0
BRDA:440,34,1,0
BRDA:448,35,0,0
BRDA:448,35,1,0
BRDA:448,35,2,0
BRDA:480,36,0,0
BRDA:480,36,1,0
BRDA:487,37,0,0
BRDA:487,37,1,0
BRDA:492,38,0,0
BRDA:492,38,1,0
BRDA:500,39,0,0
BRDA:500,39,1,0
BRDA:507,40,0,0
BRDA:507,40,1,0
BRDA:512,41,0,0
BRDA:512,41,1,0
BRDA:529,42,0,0
BRDA:529,42,1,0
BRDA:544,43,0,0
BRDA:544,43,1,0
BRDA:545,44,0,0
BRDA:545,44,1,0
BRDA:548,45,0,0
BRDA:548,45,1,0
BRDA:551,46,0,0
BRDA:551,46,1,0
BRDA:555,47,0,0
BRDA:555,47,1,0
BRDA:579,48,0,0
BRDA:579,48,1,0
BRDA:588,49,0,0
BRDA:588,49,1,0
BRDA:588,49,2,0
BRDA:588,49,3,0
BRF:108
BRH:0
end_of_record
TN:
SF:src\Components\CustomRangePerformanceModal\CustomRangePieChart.tsx
FN:38,CustomRangePieChart
FN:39,(anonymous_1)
FN:40,(anonymous_2)
FN:47,(anonymous_3)
FN:56,(anonymous_4)
FN:75,(anonymous_5)
FN:81,(anonymous_6)
FN:106,(anonymous_7)
FNF:8
FNH:0
FNDA:0,CustomRangePieChart
FNDA:0,(anonymous_1)
FNDA:0,(anonymous_2)
FNDA:0,(anonymous_3)
FNDA:0,(anonymous_4)
FNDA:0,(anonymous_5)
FNDA:0,(anonymous_6)
FNDA:0,(anonymous_7)
DA:23,0
DA:39,0
DA:40,0
DA:47,0
DA:48,0
DA:56,0
DA:57,0
DA:58,0
DA:60,0
DA:72,0
DA:75,0
DA:77,0
DA:78,0
DA:81,0
DA:82,0
DA:83,0
DA:87,0
DA:107,0
LF:18
LH:0
BRDA:57,0,0,0
BRDA:57,0,1,0
BRDA:57,1,0,0
BRDA:57,1,1,0
BRDA:57,1,2,0
BRDA:77,2,0,0
BRDA:77,2,1,0
BRDA:82,3,0,0
BRDA:82,3,1,0
BRDA:82,4,0,0
BRDA:82,4,1,0
BRDA:131,5,0,0
BRDA:131,5,1,0
BRF:13
BRH:0
end_of_record
TN:
SF:src\Components\CustomRangePerformanceModal\CustomRangeStackedAreaChart.tsx
FN:40,CustomRangeStackedAreaChart
FN:41,(anonymous_1)
FN:44,(anonymous_2)
FN:47,(anonymous_3)
FN:50,(anonymous_4)
FN:75,(anonymous_5)
FN:82,(anonymous_6)
FN:91,(anonymous_7)
FN:93,(anonymous_8)
FN:96,(anonymous_9)
FN:109,(anonymous_10)
FN:126,(anonymous_11)
FN:134,(anonymous_12)
FN:151,(anonymous_13)
FN:163,(anonymous_14)
FN:208,(anonymous_15)
FN:240,(anonymous_16)
FNF:17
FNH:0
FNDA:0,CustomRangeStackedAreaChart
FNDA:0,(anonymous_1)
FNDA:0,(anonymous_2)
FNDA:0,(anonymous_3)
FNDA:0,(anonymous_4)
FNDA:0,(anonymous_5)
FNDA:0,(anonymous_6)
FNDA:0,(anonymous_7)
FNDA:0,(anonymous_8)
FNDA:0,(anonymous_9)
FNDA:0,(anonymous_10)
FNDA:0,(anonymous_11)
FNDA:0,(anonymous_12)
FNDA:0,(anonymous_13)
FNDA:0,(anonymous_14)
FNDA:0,(anonymous_15)
FNDA:0,(anonymous_16)
DA:25,0
DA:41,0
DA:43,0
DA:44,0
DA:47,0
DA:50,0
DA:51,0
DA:56,0
DA:58,0
DA:59,0
DA:60,0
DA:62,0
DA:66,0
DA:67,0
DA:70,0
DA:74,0
DA:75,0
DA:76,0
DA:79,0
DA:82,0
DA:83,0
DA:91,0
DA:92,0
DA:93,0
DA:96,0
DA:97,0
DA:98,0
DA:99,0
DA:102,0
DA:110,0
DA:122,0
DA:126,0
DA:127,0
DA:129,0
DA:130,0
DA:132,0
DA:134,0
DA:135,0
DA:136,0
DA:137,0
DA:143,0
DA:147,0
DA:151,0
DA:152,0
DA:153,0
DA:155,0
DA:156,0
DA:159,0
DA:161,0
DA:165,0
DA:166,0
DA:167,0
DA:169,0
DA:200,0
DA:209,0
DA:241,0
LF:56
LH:0
BRDA:59,0,0,0
BRDA:59,0,1,0
BRDA:66,1,0,0
BRDA:66,1,1,0
BRDA:75,2,0,0
BRDA:75,2,1,0
BRDA:92,3,0,0
BRDA:92,3,1,0
BRDA:92,4,0,0
BRDA:92,4,1,0
BRDA:92,4,2,0
BRDA:93,5,0,0
BRDA:93,5,1,0
BRDA:104,6,0,0
BRDA:104,6,1,0
BRDA:127,7,0,0
BRDA:127,7,1,0
BRDA:135,8,0,0
BRDA:135,8,1,0
BRDA:136,9,0,0
BRDA:136,9,1,0
BRDA:153,10,0,0
BRDA:153,10,1,0
BRDA:153,11,0,0
BRDA:153,11,1,0
BRDA:156,12,0,0
BRDA:156,12,1,0
BRF:27
BRH:0
end_of_record
TN:
SF:src\Components\DrawdownCalculatorModal\DrawdownCalculatorModal.tsx
FN:35,DrawdownCalculatorModal
FN:58,(anonymous_1)
FN:68,(anonymous_2)
FN:74,(anonymous_3)
FN:90,(anonymous_4)
FN:91,(anonymous_5)
FN:101,(anonymous_6)
FN:102,(anonymous_7)
FN:107,(anonymous_8)
FN:110,(anonymous_9)
FN:119,(anonymous_10)
FN:122,(anonymous_11)
FN:131,(anonymous_12)
FN:138,(anonymous_13)
FN:142,(anonymous_14)
FN:143,(anonymous_15)
FN:143,(anonymous_16)
FN:147,(anonymous_17)
FN:148,(anonymous_18)
FN:149,(anonymous_19)
FN:186,(anonymous_20)
FN:189,(anonymous_21)
FN:220,(anonymous_22)
FN:239,(anonymous_23)
FN:249,(anonymous_24)
FN:252,(anonymous_25)
FN:271,(anonymous_26)
FN:287,(anonymous_27)
FN:290,(anonymous_28)
FN:304,(anonymous_29)
FN:333,(anonymous_30)
FN:336,(anonymous_31)
FN:345,(anonymous_32)
FN:352,(anonymous_33)
FN:355,(anonymous_34)
FN:375,(anonymous_35)
FN:378,(anonymous_36)
FN:385,(anonymous_37)
FN:400,(anonymous_38)
FN:412,(anonymous_39)
FN:416,(anonymous_40)
FN:429,(anonymous_41)
FN:441,(anonymous_42)
FN:448,(anonymous_43)
FN:544,(anonymous_44)
FN:554,(anonymous_45)
FN:564,(anonymous_46)
FN:574,(anonymous_47)
FN:618,(anonymous_48)
FNF:49
FNH:0
FNDA:0,DrawdownCalculatorModal
FNDA:0,(anonymous_1)
FNDA:0,(anonymous_2)
FNDA:0,(anonymous_3)
FNDA:0,(anonymous_4)
FNDA:0,(anonymous_5)
FNDA:0,(anonymous_6)
FNDA:0,(anonymous_7)
FNDA:0,(anonymous_8)
FNDA:0,(anonymous_9)
FNDA:0,(anonymous_10)
FNDA:0,(anonymous_11)
FNDA:0,(anonymous_12)
FNDA:0,(anonymous_13)
FNDA:0,(anonymous_14)
FNDA:0,(anonymous_15)
FNDA:0,(anonymous_16)
FNDA:0,(anonymous_17)
FNDA:0,(anonymous_18)
FNDA:0,(anonymous_19)
FNDA:0,(anonymous_20)
FNDA:0,(anonymous_21)
FNDA:0,(anonymous_22)
FNDA:0,(anonymous_23)
FNDA:0,(anonymous_24)
FNDA:0,(anonymous_25)
FNDA:0,(anonymous_26)
FNDA:0,(anonymous_27)
FNDA:0,(anonymous_28)
FNDA:0,(anonymous_29)
FNDA:0,(anonymous_30)
FNDA:0,(anonymous_31)
FNDA:0,(anonymous_32)
FNDA:0,(anonymous_33)
FNDA:0,(anonymous_34)
FNDA:0,(anonymous_35)
FNDA:0,(anonymous_36)
FNDA:0,(anonymous_37)
FNDA:0,(anonymous_38)
FNDA:0,(anonymous_39)
FNDA:0,(anonymous_40)
FNDA:0,(anonymous_41)
FNDA:0,(anonymous_42)
FNDA:0,(anonymous_43)
FNDA:0,(anonymous_44)
FNDA:0,(anonymous_45)
FNDA:0,(anonymous_46)
FNDA:0,(anonymous_47)
FNDA:0,(anonymous_48)
DA:37,0
DA:38,0
DA:39,0
DA:42,0
DA:51,0
DA:52,0
DA:53,0
DA:54,0
DA:55,0
DA:58,0
DA:59,0
DA:68,0
DA:69,0
DA:70,0
DA:74,0
DA:75,0
DA:78,0
DA:79,0
DA:80,0
DA:81,0
DA:85,0
DA:86,0
DA:90,0
DA:91,0
DA:92,0
DA:93,0
DA:94,0
DA:95,0
DA:96,0
DA:101,0
DA:102,0
DA:103,0
DA:107,0
DA:108,0
DA:109,0
DA:110,0
DA:115,0
DA:119,0
DA:120,0
DA:121,0
DA:122,0
DA:127,0
DA:131,0
DA:132,0
DA:138,0
DA:139,0
DA:142,0
DA:143,0
DA:144,0
DA:147,0
DA:148,0
DA:149,0
DA:151,0
DA:154,0
DA:187,0
DA:189,0
DA:221,0
DA:222,0
DA:240,0
DA:241,0
DA:250,0
DA:252,0
DA:272,0
DA:273,0
DA:288,0
DA:290,0
DA:305,0
DA:306,0
DA:334,0
DA:335,0
DA:336,0
DA:341,0
DA:346,0
DA:353,0
DA:354,0
DA:355,0
DA:360,0
DA:375,0
DA:379,0
DA:385,0
DA:400,0
DA:413,0
DA:416,0
DA:430,0
DA:431,0
DA:441,0
DA:448,0
DA:544,0
DA:554,0
DA:564,0
DA:574,0
DA:619,0
LF:92
LH:0
BRDA:79,0,0,0
BRDA:79,0,1,0
BRDA:92,1,0,0
BRDA:92,1,1,0
BRDA:149,2,0,0
BRDA:149,2,1,0
BRDA:219,3,0,0
BRDA:219,3,1,0
BRDA:222,4,0,0
BRDA:222,4,1,0
BRDA:238,5,0,0
BRDA:238,5,1,0
BRDA:241,6,0,0
BRDA:241,6,1,0
BRDA:270,7,0,0
BRDA:270,7,1,0
BRDA:273,8,0,0
BRDA:273,8,1,0
BRDA:292,9,0,0
BRDA:292,9,1,0
BRDA:303,10,0,0
BRDA:303,10,1,0
BRDA:306,11,0,0
BRDA:306,11,1,0
BRDA:353,12,0,0
BRDA:353,12,1,0
BRDA:385,13,0,0
BRDA:385,13,1,0
BRDA:407,14,0,0
BRDA:407,14,1,0
BRDA:410,15,0,0
BRDA:410,15,1,0
BRDA:428,16,0,0
BRDA:428,16,1,0
BRDA:431,17,0,0
BRDA:431,17,1,0
BRDA:441,18,0,0
BRDA:441,18,1,0
BRDA:477,19,0,0
BRDA:477,19,1,0
BRDA:485,20,0,0
BRDA:485,20,1,0
BRDA:494,21,0,0
BRDA:494,21,1,0
BRDA:518,22,0,0
BRDA:518,22,1,0
BRDA:523,23,0,0
BRDA:523,23,1,0
BRDA:528,24,0,0
BRDA:528,24,1,0
BRDA:531,25,0,0
BRDA:531,25,1,0
BRDA:533,26,0,0
BRDA:533,26,1,0
BRDA:546,27,0,0
BRDA:546,27,1,0
BRDA:556,28,0,0
BRDA:556,28,1,0
BRDA:566,29,0,0
BRDA:566,29,1,0
BRDA:576,30,0,0
BRDA:576,30,1,0
BRDA:586,31,0,0
BRDA:586,31,1,0
BRDA:587,32,0,0
BRDA:587,32,1,0
BRDA:588,33,0,0
BRDA:588,33,1,0
BRDA:589,34,0,0
BRDA:589,34,1,0
BRDA:622,35,0,0
BRDA:622,35,1,0
BRF:72
BRH:0
end_of_record
TN:
SF:src\Components\DrawdownCharts\BalanceOverTimeChart.tsx
FN:25,BalanceOverTimeChart
FN:30,(anonymous_1)
FN:43,(anonymous_2)
FN:55,(anonymous_3)
FN:56,(anonymous_4)
FN:70,(anonymous_5)
FN:116,(anonymous_6)
FN:117,(anonymous_7)
FN:125,(anonymous_8)
FNF:9
FNH:0
FNDA:0,BalanceOverTimeChart
FNDA:0,(anonymous_1)
FNDA:0,(anonymous_2)
FNDA:0,(anonymous_3)
FNDA:0,(anonymous_4)
FNDA:0,(anonymous_5)
FNDA:0,(anonymous_6)
FNDA:0,(anonymous_7)
FNDA:0,(anonymous_8)
DA:30,0
DA:31,0
DA:40,0
DA:43,0
DA:51,0
DA:52,0
DA:55,0
DA:56,0
DA:57,0
DA:61,0
DA:67,0
DA:70,0
DA:71,0
DA:72,0
DA:73,0
DA:87,0
DA:91,0
DA:93,0
DA:117,0
DA:118,0
DA:125,0
LF:21
LH:0
BRDA:57,0,0,0
BRDA:57,0,1,0
BRDA:62,1,0,0
BRDA:62,1,1,0
BRDA:63,2,0,0
BRDA:63,2,1,0
BRDA:64,3,0,0
BRDA:64,3,1,0
BRDA:67,4,0,0
BRDA:67,4,1,0
BRDA:71,5,0,0
BRDA:71,5,1,0
BRDA:71,6,0,0
BRDA:71,6,1,0
BRDA:71,6,2,0
BRDA:118,7,0,0
BRDA:118,7,1,0
BRDA:150,8,0,0
BRDA:150,8,1,0
BRDA:168,9,0,0
BRDA:168,9,1,0
BRDA:186,10,0,0
BRDA:186,10,1,0
BRDA:205,11,0,0
BRDA:205,11,1,0
BRDA:239,12,0,0
BRDA:239,12,1,0
BRF:27
BRH:0
end_of_record
TN:
SF:src\Components\DrawdownCharts\CumulativeWithdrawalsChart.tsx
FN:19,CumulativeWithdrawalsChart
FN:24,(anonymous_1)
FN:37,(anonymous_2)
FN:45,(anonymous_3)
FN:91,(anonymous_4)
FN:92,(anonymous_5)
FN:100,(anonymous_6)
FNF:7
FNH:0
FNDA:0,CumulativeWithdrawalsChart
FNDA:0,(anonymous_1)
FNDA:0,(anonymous_2)
FNDA:0,(anonymous_3)
FNDA:0,(anonymous_4)
FNDA:0,(anonymous_5)
FNDA:0,(anonymous_6)
DA:24,0
DA:25,0
DA:34,0
DA:37,0
DA:45,0
DA:46,0
DA:47,0
DA:48,0
DA:62,0
DA:66,0
DA:68,0
DA:92,0
DA:93,0
DA:100,0
LF:14
LH:0
BRDA:46,0,0,0
BRDA:46,0,1,0
BRDA:46,1,0,0
BRDA:46,1,1,0
BRDA:46,1,2,0
BRDA:93,2,0,0
BRDA:93,2,1,0
BRF:7
BRH:0
end_of_record
TN:
SF:src\Components\DrawdownCharts\DepletionScenariosChart.tsx
FN:19,DepletionScenariosChart
FN:25,(anonymous_1)
FN:54,(anonymous_2)
FN:63,(anonymous_3)
FN:76,(anonymous_4)
FN:142,(anonymous_5)
FN:151,(anonymous_6)
FNF:7
FNH:0
FNDA:0,DepletionScenariosChart
FNDA:0,(anonymous_1)
FNDA:0,(anonymous_2)
FNDA:0,(anonymous_3)
FNDA:0,(anonymous_4)
FNDA:0,(anonymous_5)
FNDA:0,(anonymous_6)
DA:25,0
DA:26,0
DA:35,0
DA:38,0
DA:39,0
DA:41,0
DA:42,0
DA:46,0
DA:54,0
DA:63,0
DA:64,0
DA:66,0
DA:67,0
DA:69,0
DA:70,0
DA:71,0
DA:72,0
DA:76,0
DA:77,0
DA:78,0
DA:79,0
DA:104,0
DA:107,0
DA:143,0
DA:144,0
DA:152,0
LF:26
LH:0
BRDA:56,0,0,0
BRDA:56,0,1,0
BRDA:57,1,0,0
BRDA:57,1,1,0
BRDA:64,2,0,0
BRDA:64,2,1,0
BRDA:69,3,0,0
BRDA:69,3,1,0
BRDA:70,4,0,0
BRDA:70,4,1,0
BRDA:71,5,0,0
BRDA:71,5,1,0
BRDA:77,6,0,0
BRDA:77,6,1,0
BRDA:77,7,0,0
BRDA:77,7,1,0
BRDA:77,7,2,0
BRDA:86,8,0,0
BRDA:86,8,1,0
BRDA:143,9,0,0
BRDA:143,9,1,0
BRF:21
BRH:0
end_of_record
TN:
SF:src\Components\DrawdownCharts\InterestVsDrawdownsChart.tsx
FN:18,InterestVsDrawdownsChart
FN:22,(anonymous_1)
FN:35,(anonymous_2)
FN:44,(anonymous_3)
FN:97,(anonymous_4)
FN:98,(anonymous_5)
FN:106,(anonymous_6)
FNF:7
FNH:0
FNDA:0,InterestVsDrawdownsChart
FNDA:0,(anonymous_1)
FNDA:0,(anonymous_2)
FNDA:0,(anonymous_3)
FNDA:0,(anonymous_4)
FNDA:0,(anonymous_5)
FNDA:0,(anonymous_6)
DA:22,0
DA:23,0
DA:32,0
DA:35,0
DA:44,0
DA:45,0
DA:46,0
DA:47,0
DA:64,0
DA:68,0
DA:70,0
DA:98,0
DA:99,0
DA:106,0
LF:14
LH:0
BRDA:45,0,0,0
BRDA:45,0,1,0
BRDA:45,1,0,0
BRDA:45,1,1,0
BRDA:45,1,2,0
BRDA:57,2,0,0
BRDA:57,2,1,0
BRDA:99,3,0,0
BRDA:99,3,1,0
BRF:9
BRH:0
end_of_record
TN:
SF:src\Components\ErrorBoundary\ErrorBoundary.tsx
FN:16,(anonymous_0)
FN:21,(anonymous_1)
FN:25,(anonymous_2)
FN:35,(anonymous_3)
FN:45,(anonymous_4)
FNF:5
FNH:0
FNDA:0,(anonymous_0)
FNDA:0,(anonymous_1)
FNDA:0,(anonymous_2)
FNDA:0,(anonymous_3)
FNDA:0,(anonymous_4)
DA:17,0
DA:18,0
DA:22,0
DA:26,0
DA:29,0
DA:36,0
DA:37,0
DA:45,0
DA:55,0
LF:9
LH:0
BRDA:36,0,0,0
BRDA:36,0,1,0
BRDA:42,1,0,0
BRDA:42,1,1,0
BRF:4
BRH:0
end_of_record
TN:
SF:src\Components\GeneralStockNewsModal\GeneralStockNewsModal.tsx
FN:12,GeneralStockNewsModal
FN:23,(anonymous_1)
FN:30,(anonymous_2)
FN:73,(anonymous_3)
FNF:4
FNH:0
FNDA:0,GeneralStockNewsModal
FNDA:0,(anonymous_1)
FNDA:0,(anonymous_2)
FNDA:0,(anonymous_3)
DA:13,0
DA:14,0
DA:17,0
DA:23,0
DA:24,0
DA:25,0
DA:26,0
DA:30,0
DA:31,0
DA:33,0
DA:34,0
DA:38,0
DA:41,0
DA:73,0
LF:14
LH:0
BRDA:24,0,0,0
BRDA:24,0,1,0
BRDA:24,1,0,0
BRDA:24,1,1,0
BRDA:24,1,2,0
BRDA:33,2,0,0
BRDA:33,2,1,0
BRDA:33,3,0,0
BRDA:33,3,1,0
BRDA:73,4,0,0
BRDA:73,4,1,0
BRDA:80,5,0,0
BRDA:80,5,1,0
BRDA:97,6,0,0
BRDA:97,6,1,0
BRDA:97,6,2,0
BRDA:101,7,0,0
BRDA:101,7,1,0
BRF:18
BRH:0
end_of_record
TN:
SF:src\Components\Globe3D\Clouds3D.tsx
FN:5,Clouds3D
FN:9,(anonymous_1)
FNF:2
FNH:0
FNDA:0,Clouds3D
FNDA:0,(anonymous_1)
DA:6,0
DA:9,0
DA:10,0
DA:11,0
DA:15,0
LF:5
LH:0
BRDA:10,0,0,0
BRDA:10,0,1,0
BRF:2
BRH:0
end_of_record
TN:
SF:src\Components\Globe3D\DollarRain.tsx
FN:15,DollarRain
FN:19,(anonymous_1)
FN:39,(anonymous_2)
FN:42,(anonymous_3)
FNF:4
FNH:0
FNDA:0,DollarRain
FNDA:0,(anonymous_1)
FNDA:0,(anonymous_2)
FNDA:0,(anonymous_3)
DA:16,0
DA:19,0
DA:20,0
DA:21,0
DA:22,0
DA:36,0
DA:39,0
DA:40,0
DA:42,0
DA:44,0
DA:47,0
DA:48,0
DA:49,0
DA:50,0
DA:54,0
DA:55,0
DA:58,0
DA:59,0
DA:62,0
DA:63,0
DA:66,0
DA:69,0
LF:22
LH:0
BRDA:15,0,0,0
BRDA:40,1,0,0
BRDA:40,1,1,0
BRDA:47,2,0,0
BRDA:47,2,1,0
BRF:5
BRH:0
end_of_record
TN:
SF:src\Components\Globe3D\Globe3D.tsx
FN:6,Globe3D
FN:19,(anonymous_1)
FNF:2
FNH:0
FNDA:0,Globe3D
FNDA:0,(anonymous_1)
DA:7,0
DA:10,0
DA:19,0
DA:20,0
DA:21,0
DA:25,0
LF:6
LH:0
BRDA:20,0,0,0
BRDA:20,0,1,0
BRF:2
BRH:0
end_of_record
TN:
SF:src\Components\Globe3D\GlobeScene.tsx
FN:9,GlobeScene
FNF:1
FNH:0
FNDA:0,GlobeScene
DA:10,0
DA:12,0
LF:2
LH:0
BRDA:37,0,0,0
BRDA:37,0,1,0
BRF:2
BRH:0
end_of_record
TN:
SF:src\Components\Globe3D\SantaSleigh.tsx
FN:6,SantaSleigh
FN:11,(anonymous_1)
FN:112,SantaModel
FN:116,(anonymous_3)
FN:118,(anonymous_4)
FN:139,FallbackSanta
FNF:6
FNH:0
FNDA:0,SantaSleigh
FNDA:0,(anonymous_1)
FNDA:0,SantaModel
FNDA:0,(anonymous_3)
FNDA:0,(anonymous_4)
FNDA:0,FallbackSanta
DA:7,0
DA:8,0
DA:11,0
DA:12,0
DA:13,0
DA:16,0
DA:17,0
DA:18,0
DA:19,0
DA:21,0
DA:24,0
DA:32,0
DA:114,0
DA:116,0
DA:118,0
DA:119,0
DA:120,0
DA:121,0
DA:127,0
DA:129,0
DA:140,0
DA:153,0
LF:22
LH:0
BRDA:12,0,0,0
BRDA:12,0,1,0
BRDA:119,1,0,0
BRDA:119,1,1,0
BRF:4
BRH:0
end_of_record
TN:
SF:src\Components\GrowthVisualizationChart\GrowthVisualizationChart.tsx
FN:10,GrowthVisualizationChart
FN:16,(anonymous_1)
FN:26,(anonymous_2)
FN:55,(anonymous_3)
FN:75,(anonymous_4)
FN:97,(anonymous_5)
FNF:6
FNH:0
FNDA:0,GrowthVisualizationChart
FNDA:0,(anonymous_1)
FNDA:0,(anonymous_2)
FNDA:0,(anonymous_3)
FNDA:0,(anonymous_4)
FNDA:0,(anonymous_5)
DA:16,0
DA:17,0
DA:26,0
DA:27,0
DA:28,0
DA:29,0
DA:51,0
DA:55,0
DA:57,0
DA:75,0
DA:98,0
LF:11
LH:0
BRDA:12,0,0,0
BRDA:27,1,0,0
BRDA:27,1,1,0
BRDA:27,2,0,0
BRDA:27,2,1,0
BRDA:27,2,2,0
BRDA:38,3,0,0
BRDA:38,3,1,0
BRDA:43,4,0,0
BRDA:43,4,1,0
BRDA:97,5,0,0
BRDA:97,5,1,0
BRDA:116,6,0,0
BRDA:116,6,1,0
BRDA:116,6,2,0
BRF:15
BRH:0
end_of_record
TN:
SF:src\Components\KeyMetrics\KeyMetricsTable.tsx
FN:9,(anonymous_0)
FN:26,(anonymous_1)
FN:39,(anonymous_2)
FN:49,(anonymous_3)
FNF:4
FNH:0
FNDA:0,(anonymous_0)
FNDA:0,(anonymous_1)
FNDA:0,(anonymous_2)
FNDA:0,(anonymous_3)
DA:9,0
DA:10,0
DA:11,0
DA:18,0
DA:27,0
DA:40,0
DA:50,0
LF:7
LH:0
BRDA:10,0,0,0
BRDA:10,0,1,0
BRDA:10,1,0,0
BRDA:10,1,1,0
BRDA:30,2,0,0
BRDA:30,2,1,0
BRDA:43,3,0,0
BRDA:43,3,1,0
BRDA:57,4,0,0
BRDA:57,4,1,0
BRDA:62,5,0,0
BRDA:62,5,1,0
BRF:12
BRH:0
end_of_record
TN:
SF:src\Components\MainNavigation\MainNavigation.tsx
FN:13,MainNavigation
FNF:1
FNH:0
FNDA:0,MainNavigation
DA:15,0
LF:1
LH:0
BRDA:34,0,0,0
BRDA:34,0,1,0
BRF:2
BRH:0
end_of_record
TN:
SF:src\Components\MortgageCalculatorModal\MortgageCalculatorModal.tsx
FN:39,MortgageCalculatorModal
FN:61,(anonymous_1)
FN:66,(anonymous_2)
FN:76,(anonymous_3)
FN:80,(anonymous_4)
FN:85,(anonymous_5)
FN:101,(anonymous_6)
FN:102,(anonymous_7)
FN:112,(anonymous_8)
FN:113,(anonymous_9)
FN:118,(anonymous_10)
FN:122,(anonymous_11)
FN:129,(anonymous_12)
FN:136,(anonymous_13)
FN:140,(anonymous_14)
FN:141,(anonymous_15)
FN:141,(anonymous_16)
FN:145,(anonymous_17)
FN:146,(anonymous_18)
FN:147,(anonymous_19)
FN:192,(anonymous_20)
FN:195,(anonymous_21)
FN:222,(anonymous_22)
FN:249,(anonymous_23)
FN:264,(anonymous_24)
FN:279,(anonymous_25)
FN:296,(anonymous_26)
FN:306,(anonymous_27)
FN:309,(anonymous_28)
FN:329,(anonymous_29)
FN:332,(anonymous_30)
FN:346,(anonymous_31)
FN:377,(anonymous_32)
FN:401,(anonymous_33)
FN:425,(anonymous_34)
FN:457,(anonymous_35)
FN:466,(anonymous_36)
FN:471,(anonymous_37)
FN:485,(anonymous_38)
FN:498,(anonymous_39)
FN:516,(anonymous_40)
FN:553,(anonymous_41)
FN:565,(anonymous_42)
FN:571,(anonymous_43)
FN:577,(anonymous_44)
FN:583,(anonymous_45)
FN:680,(anonymous_46)
FN:685,(anonymous_47)
FN:723,(anonymous_48)
FN:771,(anonymous_49)
FN:805,(anonymous_50)
FN:879,Calculator
FNF:52
FNH:0
FNDA:0,MortgageCalculatorModal
FNDA:0,(anonymous_1)
FNDA:0,(anonymous_2)
FNDA:0,(anonymous_3)
FNDA:0,(anonymous_4)
FNDA:0,(anonymous_5)
FNDA:0,(anonymous_6)
FNDA:0,(anonymous_7)
FNDA:0,(anonymous_8)
FNDA:0,(anonymous_9)
FNDA:0,(anonymous_10)
FNDA:0,(anonymous_11)
FNDA:0,(anonymous_12)
FNDA:0,(anonymous_13)
FNDA:0,(anonymous_14)
FNDA:0,(anonymous_15)
FNDA:0,(anonymous_16)
FNDA:0,(anonymous_17)
FNDA:0,(anonymous_18)
FNDA:0,(anonymous_19)
FNDA:0,(anonymous_20)
FNDA:0,(anonymous_21)
FNDA:0,(anonymous_22)
FNDA:0,(anonymous_23)
FNDA:0,(anonymous_24)
FNDA:0,(anonymous_25)
FNDA:0,(anonymous_26)
FNDA:0,(anonymous_27)
FNDA:0,(anonymous_28)
FNDA:0,(anonymous_29)
FNDA:0,(anonymous_30)
FNDA:0,(anonymous_31)
FNDA:0,(anonymous_32)
FNDA:0,(anonymous_33)
FNDA:0,(anonymous_34)
FNDA:0,(anonymous_35)
FNDA:0,(anonymous_36)
FNDA:0,(anonymous_37)
FNDA:0,(anonymous_38)
FNDA:0,(anonymous_39)
FNDA:0,(anonymous_40)
FNDA:0,(anonymous_41)
FNDA:0,(anonymous_42)
FNDA:0,(anonymous_43)
FNDA:0,(anonymous_44)
FNDA:0,(anonymous_45)
FNDA:0,(anonymous_46)
FNDA:0,(anonymous_47)
FNDA:0,(anonymous_48)
FNDA:0,(anonymous_49)
FNDA:0,(anonymous_50)
FNDA:0,Calculator
DA:41,0
DA:52,0
DA:53,0
DA:54,0
DA:55,0
DA:56,0
DA:57,0
DA:58,0
DA:61,0
DA:62,0
DA:66,0
DA:67,0
DA:76,0
DA:77,0
DA:80,0
DA:81,0
DA:85,0
DA:86,0
DA:89,0
DA:90,0
DA:91,0
DA:92,0
DA:96,0
DA:97,0
DA:101,0
DA:102,0
DA:103,0
DA:104,0
DA:105,0
DA:106,0
DA:107,0
DA:112,0
DA:113,0
DA:114,0
DA:118,0
DA:119,0
DA:122,0
DA:123,0
DA:124,0
DA:125,0
DA:129,0
DA:130,0
DA:136,0
DA:137,0
DA:140,0
DA:141,0
DA:142,0
DA:145,0
DA:146,0
DA:147,0
DA:149,0
DA:153,0
DA:161,0
DA:193,0
DA:195,0
DA:223,0
DA:224,0
DA:250,0
DA:251,0
DA:265,0
DA:266,0
DA:279,0
DA:297,0
DA:298,0
DA:307,0
DA:309,0
DA:330,0
DA:332,0
DA:347,0
DA:348,0
DA:349,0
DA:350,0
DA:378,0
DA:379,0
DA:402,0
DA:403,0
DA:426,0
DA:427,0
DA:457,0
DA:467,0
DA:471,0
DA:486,0
DA:487,0
DA:499,0
DA:500,0
DA:501,0
DA:502,0
DA:516,0
DA:554,0
DA:555,0
DA:565,0
DA:571,0
DA:577,0
DA:583,0
DA:681,0
DA:682,0
DA:685,0
DA:723,0
DA:773,0
DA:774,0
DA:775,0
DA:778,0
DA:779,0
DA:785,0
DA:787,0
DA:800,0
DA:802,0
DA:805,0
DA:806,0
DA:808,0
DA:880,0
LF:111
LH:0
BRDA:90,0,0,0
BRDA:90,0,1,0
BRDA:103,1,0,0
BRDA:103,1,1,0
BRDA:147,2,0,0
BRDA:147,2,1,0
BRDA:221,3,0,0
BRDA:221,3,1,0
BRDA:224,4,0,0
BRDA:224,4,1,0
BRDA:238,5,0,0
BRDA:238,5,1,0
BRDA:248,6,0,0
BRDA:248,6,1,0
BRDA:251,7,0,0
BRDA:251,7,1,0
BRDA:263,8,0,0
BRDA:263,8,1,0
BRDA:266,9,0,0
BRDA:266,9,1,0
BRDA:295,10,0,0
BRDA:295,10,1,0
BRDA:298,11,0,0
BRDA:298,11,1,0
BRDA:311,12,0,0
BRDA:311,12,1,0
BRDA:334,13,0,0
BRDA:334,13,1,0
BRDA:349,14,0,0
BRDA:349,14,1,0
BRDA:349,15,0,0
BRDA:349,15,1,0
BRDA:350,16,0,0
BRDA:350,16,1,0
BRDA:376,17,0,0
BRDA:376,17,1,0
BRDA:379,18,0,0
BRDA:379,18,1,0
BRDA:400,19,0,0
BRDA:400,19,1,0
BRDA:403,20,0,0
BRDA:403,20,1,0
BRDA:424,21,0,0
BRDA:424,21,1,0
BRDA:427,22,0,0
BRDA:427,22,1,0
BRDA:437,23,0,0
BRDA:437,23,1,0
BRDA:460,24,0,0
BRDA:460,24,1,0
BRDA:464,25,0,0
BRDA:464,25,1,0
BRDA:484,26,0,0
BRDA:484,26,1,0
BRDA:487,27,0,0
BRDA:487,27,1,0
BRDA:501,28,0,0
BRDA:501,28,1,0
BRDA:501,29,0,0
BRDA:501,29,1,0
BRDA:502,30,0,0
BRDA:502,30,1,0
BRDA:552,31,0,0
BRDA:552,31,1,0
BRDA:555,32,0,0
BRDA:555,32,1,0
BRDA:604,33,0,0
BRDA:604,33,1,0
BRDA:614,34,0,0
BRDA:614,34,1,0
BRDA:669,35,0,0
BRDA:669,35,1,0
BRDA:669,35,2,0
BRDA:688,36,0,0
BRDA:688,36,1,0
BRDA:702,37,0,0
BRDA:702,37,1,0
BRDA:705,38,0,0
BRDA:705,38,1,0
BRDA:711,39,0,0
BRDA:711,39,1,0
BRDA:714,40,0,0
BRDA:714,40,1,0
BRDA:717,41,0,0
BRDA:717,41,1,0
BRDA:746,42,0,0
BRDA:746,42,1,0
BRDA:751,43,0,0
BRDA:751,43,1,0
BRDA:754,44,0,0
BRDA:754,44,1,0
BRDA:755,45,0,0
BRDA:755,45,1,0
BRDA:756,46,0,0
BRDA:756,46,1,0
BRDA:757,47,0,0
BRDA:757,47,1,0
BRDA:758,48,0,0
BRDA:758,48,1,0
BRDA:759,49,0,0
BRDA:759,49,1,0
BRDA:760,50,0,0
BRDA:760,50,1,0
BRDA:761,51,0,0
BRDA:761,51,1,0
BRDA:774,52,0,0
BRDA:774,52,1,0
BRDA:778,53,0,0
BRDA:778,53,1,0
BRDA:787,54,0,0
BRDA:787,54,1,0
BRDA:806,55,0,0
BRDA:806,55,1,0
BRDA:810,56,0,0
BRDA:810,56,1,0
BRDA:811,57,0,0
BRDA:811,57,1,0
BRDA:812,58,0,0
BRDA:812,58,1,0
BRDA:815,59,0,0
BRDA:815,59,1,0
BRDA:818,60,0,0
BRDA:818,60,1,0
BRDA:823,61,0,0
BRDA:823,61,1,0
BRDA:825,62,0,0
BRDA:825,62,1,0
BRDA:828,63,0,0
BRDA:828,63,1,0
BRDA:831,64,0,0
BRDA:831,64,1,0
BRDA:831,64,2,0
BRDA:864,65,0,0
BRDA:864,65,1,0
BRF:134
BRH:0
end_of_record
TN:
SF:src\Components\MortgageCharts\CumulativePaymentsChart.tsx
FN:19,CumulativePaymentsChart
FN:24,(anonymous_1)
FN:37,(anonymous_2)
FN:40,(anonymous_3)
FN:66,(anonymous_4)
FN:147,(anonymous_5)
FN:148,(anonymous_6)
FN:156,(anonymous_7)
FN:165,(anonymous_8)
FNF:9
FNH:0
FNDA:0,CumulativePaymentsChart
FNDA:0,(anonymous_1)
FNDA:0,(anonymous_2)
FNDA:0,(anonymous_3)
FNDA:0,(anonymous_4)
FNDA:0,(anonymous_5)
FNDA:0,(anonymous_6)
FNDA:0,(anonymous_7)
FNDA:0,(anonymous_8)
DA:24,0
DA:25,0
DA:34,0
DA:37,0
DA:38,0
DA:40,0
DA:42,0
DA:43,0
DA:45,0
DA:46,0
DA:48,0
DA:66,0
DA:67,0
DA:68,0
DA:69,0
DA:102,0
DA:106,0
DA:108,0
DA:148,0
DA:149,0
DA:156,0
DA:166,0
DA:173,0
LF:23
LH:0
BRDA:67,0,0,0
BRDA:67,0,1,0
BRDA:67,1,0,0
BRDA:67,1,1,0
BRDA:67,1,2,0
BRDA:81,2,0,0
BRDA:81,2,1,0
BRDA:149,3,0,0
BRDA:149,3,1,0
BRDA:173,4,0,0
BRDA:173,4,1,0
BRDA:197,5,0,0
BRDA:197,5,1,0
BRDA:209,6,0,0
BRDA:209,6,1,0
BRDA:221,7,0,0
BRDA:221,7,1,0
BRF:17
BRH:0
end_of_record
TN:
SF:src\Components\MortgageCharts\InvestmentComparisonChart.tsx
FN:26,InvestmentComparisonChart
FN:33,(anonymous_1)
FN:87,(anonymous_2)
FN:106,(anonymous_3)
FN:140,(anonymous_4)
FN:189,(anonymous_5)
FN:257,(anonymous_6)
FN:258,(anonymous_7)
FN:266,(anonymous_8)
FN:275,(anonymous_9)
FNF:10
FNH:0
FNDA:0,InvestmentComparisonChart
FNDA:0,(anonymous_1)
FNDA:0,(anonymous_2)
FNDA:0,(anonymous_3)
FNDA:0,(anonymous_4)
FNDA:0,(anonymous_5)
FNDA:0,(anonymous_6)
FNDA:0,(anonymous_7)
FNDA:0,(anonymous_8)
FNDA:0,(anonymous_9)
DA:33,0
DA:34,0
DA:43,0
DA:51,0
DA:57,0
DA:58,0
DA:64,0
DA:66,0
DA:79,0
DA:80,0
DA:84,0
DA:87,0
DA:88,0
DA:89,0
DA:90,0
DA:91,0
DA:92,0
DA:94,0
DA:95,0
DA:97,0
DA:100,0
DA:106,0
DA:107,0
DA:108,0
DA:109,0
DA:110,0
DA:112,0
DA:124,0
DA:125,0
DA:126,0
DA:127,0
DA:130,0
DA:140,0
DA:141,0
DA:142,0
DA:143,0
DA:144,0
DA:146,0
DA:165,0
DA:169,0
DA:171,0
DA:190,0
DA:258,0
DA:259,0
DA:266,0
DA:276,0
DA:277,0
DA:278,0
LF:48
LH:0
BRDA:57,0,0,0
BRDA:57,0,1,0
BRDA:66,1,0,0
BRDA:66,1,1,0
BRDA:88,2,0,0
BRDA:88,2,1,0
BRDA:94,3,0,0
BRDA:94,3,1,0
BRDA:109,4,0,0
BRDA:109,4,1,0
BRDA:130,5,0,0
BRDA:130,5,1,0
BRDA:141,6,0,0
BRDA:141,6,1,0
BRDA:141,7,0,0
BRDA:141,7,1,0
BRDA:141,7,2,0
BRDA:158,8,0,0
BRDA:158,8,1,0
BRDA:159,9,0,0
BRDA:159,9,1,0
BRDA:176,10,0,0
BRDA:176,10,1,0
BRDA:178,11,0,0
BRDA:178,11,1,0
BRDA:185,12,0,0
BRDA:185,12,1,0
BRDA:197,13,0,0
BRDA:197,13,1,0
BRDA:197,13,2,0
BRDA:208,14,0,0
BRDA:208,14,1,0
BRDA:210,15,0,0
BRDA:210,15,1,0
BRDA:228,16,0,0
BRDA:228,16,1,0
BRDA:229,17,0,0
BRDA:229,17,1,0
BRDA:232,18,0,0
BRDA:232,18,1,0
BRDA:233,19,0,0
BRDA:233,19,1,0
BRDA:234,20,0,0
BRDA:234,20,1,0
BRDA:259,21,0,0
BRDA:259,21,1,0
BRDA:276,22,0,0
BRDA:276,22,1,0
BRDA:277,23,0,0
BRDA:277,23,1,0
BRDA:319,24,0,0
BRDA:319,24,1,0
BRDA:325,25,0,0
BRDA:325,25,1,0
BRDA:336,26,0,0
BRDA:336,26,1,0
BRF:56
BRH:0
end_of_record
TN:
SF:src\Components\MortgageCharts\PrincipalVsInterestChart.tsx
FN:18,PrincipalVsInterestChart
FN:20,(anonymous_1)
FN:33,(anonymous_2)
FN:42,(anonymous_3)
FN:102,(anonymous_4)
FN:103,(anonymous_5)
FN:111,(anonymous_6)
FN:120,(anonymous_7)
FNF:8
FNH:0
FNDA:0,PrincipalVsInterestChart
FNDA:0,(anonymous_1)
FNDA:0,(anonymous_2)
FNDA:0,(anonymous_3)
FNDA:0,(anonymous_4)
FNDA:0,(anonymous_5)
FNDA:0,(anonymous_6)
FNDA:0,(anonymous_7)
DA:20,0
DA:21,0
DA:30,0
DA:33,0
DA:42,0
DA:43,0
DA:44,0
DA:45,0
DA:46,0
DA:47,0
DA:48,0
DA:50,0
DA:69,0
DA:73,0
DA:75,0
DA:103,0
DA:104,0
DA:111,0
DA:121,0
DA:122,0
DA:123,0
LF:21
LH:0
BRDA:43,0,0,0
BRDA:43,0,1,0
BRDA:43,1,0,0
BRDA:43,1,1,0
BRDA:43,1,2,0
BRDA:104,2,0,0
BRDA:104,2,1,0
BRDA:121,3,0,0
BRDA:121,3,1,0
BRDA:122,4,0,0
BRDA:122,4,1,0
BRF:11
BRH:0
end_of_record
TN:
SF:src\Components\MortgageCharts\RemainingBalanceChart.tsx
FN:25,RemainingBalanceChart
FN:30,(anonymous_1)
FN:43,(anonymous_2)
FN:55,(anonymous_3)
FN:56,(anonymous_4)
FN:70,(anonymous_5)
FN:116,(anonymous_6)
FN:117,(anonymous_7)
FN:125,(anonymous_8)
FNF:9
FNH:0
FNDA:0,RemainingBalanceChart
FNDA:0,(anonymous_1)
FNDA:0,(anonymous_2)
FNDA:0,(anonymous_3)
FNDA:0,(anonymous_4)
FNDA:0,(anonymous_5)
FNDA:0,(anonymous_6)
FNDA:0,(anonymous_7)
FNDA:0,(anonymous_8)
DA:30,0
DA:31,0
DA:40,0
DA:43,0
DA:51,0
DA:52,0
DA:55,0
DA:56,0
DA:57,0
DA:61,0
DA:67,0
DA:70,0
DA:71,0
DA:72,0
DA:73,0
DA:87,0
DA:91,0
DA:93,0
DA:117,0
DA:118,0
DA:125,0
LF:21
LH:0
BRDA:57,0,0,0
BRDA:57,0,1,0
BRDA:62,1,0,0
BRDA:62,1,1,0
BRDA:63,2,0,0
BRDA:63,2,1,0
BRDA:64,3,0,0
BRDA:64,3,1,0
BRDA:67,4,0,0
BRDA:67,4,1,0
BRDA:71,5,0,0
BRDA:71,5,1,0
BRDA:71,6,0,0
BRDA:71,6,1,0
BRDA:71,6,2,0
BRDA:118,7,0,0
BRDA:118,7,1,0
BRDA:150,8,0,0
BRDA:150,8,1,0
BRDA:168,9,0,0
BRDA:168,9,1,0
BRDA:186,10,0,0
BRDA:186,10,1,0
BRDA:205,11,0,0
BRDA:205,11,1,0
BRDA:239,12,0,0
BRDA:239,12,1,0
BRF:27
BRH:0
end_of_record
TN:
SF:src\Components\MortgageCharts\TotalInterestComparisonChart.tsx
FN:19,TotalInterestComparisonChart
FN:23,(anonymous_1)
FN:34,(anonymous_2)
FN:38,(anonymous_3)
FN:53,(anonymous_4)
FN:54,(anonymous_5)
FN:59,(anonymous_6)
FN:117,(anonymous_7)
FN:126,(anonymous_8)
FN:134,(anonymous_9)
FN:140,(anonymous_10)
FN:150,(anonymous_11)
FNF:12
FNH:0
FNDA:0,TotalInterestComparisonChart
FNDA:0,(anonymous_1)
FNDA:0,(anonymous_2)
FNDA:0,(anonymous_3)
FNDA:0,(anonymous_4)
FNDA:0,(anonymous_5)
FNDA:0,(anonymous_6)
FNDA:0,(anonymous_7)
FNDA:0,(anonymous_8)
FNDA:0,(anonymous_9)
FNDA:0,(anonymous_10)
FNDA:0,(anonymous_11)
DA:23,0
DA:24,0
DA:33,0
DA:34,0
DA:35,0
DA:36,0
DA:38,0
DA:39,0
DA:40,0
DA:42,0
DA:53,0
DA:54,0
DA:55,0
DA:59,0
DA:60,0
DA:61,0
DA:62,0
DA:86,0
DA:90,0
DA:92,0
DA:117,0
DA:127,0
DA:128,0
DA:129,0
DA:135,0
DA:141,0
DA:151,0
DA:152,0
DA:158,0
DA:159,0
DA:166,0
LF:31
LH:0
BRDA:53,0,0,0
BRDA:53,0,1,0
BRDA:60,1,0,0
BRDA:60,1,1,0
BRDA:60,2,0,0
BRDA:60,2,1,0
BRDA:60,2,2,0
BRDA:77,3,0,0
BRDA:77,3,1,0
BRDA:127,4,0,0
BRDA:127,4,1,0
BRDA:128,5,0,0
BRDA:128,5,1,0
BRDA:151,6,0,0
BRDA:151,6,1,0
BRDA:158,7,0,0
BRDA:158,7,1,0
BRF:17
BRH:0
end_of_record
TN:
SF:src\Components\NotebookArticleDisplay\NotebookArticleDisplay.tsx
FN:11,NotebookArticleDisplay
FN:17,(anonymous_1)
FN:22,(anonymous_2)
FN:23,(anonymous_3)
FN:32,(anonymous_4)
FN:35,(anonymous_5)
FN:41,(anonymous_6)
FN:98,(anonymous_7)
FN:141,(anonymous_8)
FNF:9
FNH:0
FNDA:0,NotebookArticleDisplay
FNDA:0,(anonymous_1)
FNDA:0,(anonymous_2)
FNDA:0,(anonymous_3)
FNDA:0,(anonymous_4)
FNDA:0,(anonymous_5)
FNDA:0,(anonymous_6)
FNDA:0,(anonymous_7)
FNDA:0,(anonymous_8)
DA:12,0
DA:13,0
DA:14,0
DA:17,0
DA:18,0
DA:22,0
DA:23,0
DA:24,0
DA:25,0
DA:26,0
DA:27,0
DA:31,0
DA:32,0
DA:35,0
DA:36,0
DA:37,0
DA:41,0
DA:42,0
DA:43,0
DA:48,0
DA:49,0
DA:61,0
DA:62,0
DA:73,0
DA:74,0
DA:85,0
DA:99,0
DA:143,0
LF:28
LH:0
BRDA:14,0,0,0
BRDA:14,0,1,0
BRDA:24,1,0,0
BRDA:24,1,1,0
BRDA:24,2,0,0
BRDA:24,2,1,0
BRDA:26,3,0,0
BRDA:26,3,1,0
BRDA:26,4,0,0
BRDA:26,4,1,0
BRDA:36,5,0,0
BRDA:36,5,1,0
BRDA:42,6,0,0
BRDA:42,6,1,0
BRDA:48,7,0,0
BRDA:48,7,1,0
BRDA:61,8,0,0
BRDA:61,8,1,0
BRDA:73,9,0,0
BRDA:73,9,1,0
BRDA:73,10,0,0
BRDA:73,10,1,0
BRDA:109,11,0,0
BRDA:109,11,1,0
BRDA:127,12,0,0
BRDA:127,12,1,0
BRDA:136,13,0,0
BRDA:136,13,1,0
BRF:28
BRH:0
end_of_record
TN:
SF:src\Components\PEGrowthCalculatorModal\PEGrowthCalculatorModal.tsx
FN:51,PEGrowthCalculatorModal
FN:92,(anonymous_1)
FN:109,(anonymous_2)
FN:123,(anonymous_3)
FN:126,(anonymous_4)
FN:130,(anonymous_5)
FN:156,(anonymous_6)
FN:188,(anonymous_7)
FN:211,(anonymous_8)
FN:231,(anonymous_9)
FN:237,(anonymous_10)
FN:245,(anonymous_11)
FN:264,(anonymous_12)
FN:278,(anonymous_13)
FN:290,(anonymous_14)
FN:340,(anonymous_15)
FN:341,(anonymous_16)
FN:346,(anonymous_17)
FN:358,(anonymous_18)
FN:360,(anonymous_19)
FN:366,(anonymous_20)
FN:376,(anonymous_21)
FN:383,(anonymous_22)
FN:412,(anonymous_23)
FN:421,(anonymous_24)
FN:429,(anonymous_25)
FN:434,(anonymous_26)
FN:441,(anonymous_27)
FN:594,(anonymous_28)
FN:607,(anonymous_29)
FN:630,(anonymous_30)
FN:643,(anonymous_31)
FN:676,(anonymous_32)
FN:681,(anonymous_33)
FN:682,(anonymous_34)
FN:682,(anonymous_35)
FN:691,(anonymous_36)
FN:692,(anonymous_37)
FN:695,(anonymous_38)
FN:755,(anonymous_39)
FN:765,(anonymous_40)
FN:818,(anonymous_41)
FN:884,(anonymous_42)
FN:897,(anonymous_43)
FN:923,(anonymous_44)
FN:934,(anonymous_45)
FN:959,(anonymous_46)
FN:971,(anonymous_47)
FN:996,(anonymous_48)
FN:1007,(anonymous_49)
FN:1155,(anonymous_50)
FNF:51
FNH:0
FNDA:0,PEGrowthCalculatorModal
FNDA:0,(anonymous_1)
FNDA:0,(anonymous_2)
FNDA:0,(anonymous_3)
FNDA:0,(anonymous_4)
FNDA:0,(anonymous_5)
FNDA:0,(anonymous_6)
FNDA:0,(anonymous_7)
FNDA:0,(anonymous_8)
FNDA:0,(anonymous_9)
FNDA:0,(anonymous_10)
FNDA:0,(anonymous_11)
FNDA:0,(anonymous_12)
FNDA:0,(anonymous_13)
FNDA:0,(anonymous_14)
FNDA:0,(anonymous_15)
FNDA:0,(anonymous_16)
FNDA:0,(anonymous_17)
FNDA:0,(anonymous_18)
FNDA:0,(anonymous_19)
FNDA:0,(anonymous_20)
FNDA:0,(anonymous_21)
FNDA:0,(anonymous_22)
FNDA:0,(anonymous_23)
FNDA:0,(anonymous_24)
FNDA:0,(anonymous_25)
FNDA:0,(anonymous_26)
FNDA:0,(anonymous_27)
FNDA:0,(anonymous_28)
FNDA:0,(anonymous_29)
FNDA:0,(anonymous_30)
FNDA:0,(anonymous_31)
FNDA:0,(anonymous_32)
FNDA:0,(anonymous_33)
FNDA:0,(anonymous_34)
FNDA:0,(anonymous_35)
FNDA:0,(anonymous_36)
FNDA:0,(anonymous_37)
FNDA:0,(anonymous_38)
FNDA:0,(anonymous_39)
FNDA:0,(anonymous_40)
FNDA:0,(anonymous_41)
FNDA:0,(anonymous_42)
FNDA:0,(anonymous_43)
FNDA:0,(anonymous_44)
FNDA:0,(anonymous_45)
FNDA:0,(anonymous_46)
FNDA:0,(anonymous_47)
FNDA:0,(anonymous_48)
FNDA:0,(anonymous_49)
FNDA:0,(anonymous_50)
DA:52,0
DA:54,0
DA:63,0
DA:64,0
DA:65,0
DA:66,0
DA:67,0
DA:68,0
DA:71,0
DA:72,0
DA:73,0
DA:74,0
DA:77,0
DA:78,0
DA:81,0
DA:82,0
DA:83,0
DA:86,0
DA:87,0
DA:88,0
DA:89,0
DA:92,0
DA:93,0
DA:95,0
DA:96,0
DA:98,0
DA:99,0
DA:103,0
DA:104,0
DA:105,0
DA:108,0
DA:109,0
DA:113,0
DA:114,0
DA:118,0
DA:120,0
DA:121,0
DA:122,0
DA:123,0
DA:126,0
DA:130,0
DA:133,0
DA:137,0
DA:138,0
DA:140,0
DA:141,0
DA:144,0
DA:147,0
DA:148,0
DA:149,0
DA:151,0
DA:156,0
DA:157,0
DA:159,0
DA:161,0
DA:162,0
DA:166,0
DA:167,0
DA:172,0
DA:175,0
DA:177,0
DA:180,0
DA:181,0
DA:183,0
DA:188,0
DA:189,0
DA:191,0
DA:193,0
DA:194,0
DA:199,0
DA:200,0
DA:202,0
DA:205,0
DA:206,0
DA:211,0
DA:212,0
DA:214,0
DA:215,0
DA:217,0
DA:218,0
DA:228,0
DA:230,0
DA:231,0
DA:232,0
DA:235,0
DA:237,0
DA:238,0
DA:241,0
DA:244,0
DA:245,0
DA:247,0
DA:248,0
DA:251,0
DA:252,0
DA:255,0
DA:256,0
DA:257,0
DA:259,0
DA:264,0
DA:265,0
DA:267,0
DA:268,0
DA:270,0
DA:273,0
DA:274,0
DA:278,0
DA:284,0
DA:285,0
DA:286,0
DA:290,0
DA:300,0
DA:301,0
DA:303,0
DA:306,0
DA:307,0
DA:309,0
DA:313,0
DA:316,0
DA:319,0
DA:320,0
DA:323,0
DA:325,0
DA:336,0
DA:340,0
DA:341,0
DA:342,0
DA:343,0
DA:344,0
DA:346,0
DA:347,0
DA:350,0
DA:354,0
DA:358,0
DA:359,0
DA:360,0
DA:361,0
DA:362,0
DA:363,0
DA:366,0
DA:368,0
DA:369,0
DA:370,0
DA:371,0
DA:376,0
DA:377,0
DA:378,0
DA:383,0
DA:388,0
DA:389,0
DA:393,0
DA:396,0
DA:397,0
DA:401,0
DA:402,0
DA:406,0
DA:407,0
DA:412,0
DA:413,0
DA:414,0
DA:415,0
DA:417,0
DA:421,0
DA:422,0
DA:423,0
DA:424,0
DA:425,0
DA:429,0
DA:430,0
DA:433,0
DA:434,0
DA:437,0
DA:441,0
DA:442,0
DA:443,0
DA:444,0
DA:447,0
DA:448,0
DA:450,0
DA:451,0
DA:452,0
DA:455,0
DA:456,0
DA:457,0
DA:460,0
DA:461,0
DA:462,0
DA:464,0
DA:466,0
DA:468,0
DA:469,0
DA:470,0
DA:473,0
DA:474,0
DA:475,0
DA:478,0
DA:479,0
DA:480,0
DA:482,0
DA:491,0
DA:494,0
DA:495,0
DA:496,0
DA:502,0
DA:504,0
DA:505,0
DA:507,0
DA:508,0
DA:509,0
DA:512,0
DA:513,0
DA:516,0
DA:519,0
DA:520,0
DA:522,0
DA:523,0
DA:527,0
DA:538,0
DA:552,0
DA:555,0
DA:556,0
DA:557,0
DA:561,0
DA:595,0
DA:596,0
DA:608,0
DA:609,0
DA:631,0
DA:632,0
DA:644,0
DA:645,0
DA:646,0
DA:647,0
DA:677,0
DA:678,0
DA:679,0
DA:681,0
DA:682,0
DA:691,0
DA:693,0
DA:696,0
DA:697,0
DA:698,0
DA:756,0
DA:757,0
DA:758,0
DA:766,0
DA:767,0
DA:768,0
DA:819,0
DA:885,0
DA:886,0
DA:887,0
DA:888,0
DA:889,0
DA:890,0
DA:891,0
DA:894,0
DA:898,0
DA:899,0
DA:900,0
DA:924,0
DA:925,0
DA:926,0
DA:927,0
DA:928,0
DA:929,0
DA:932,0
DA:935,0
DA:936,0
DA:937,0
DA:960,0
DA:961,0
DA:962,0
DA:963,0
DA:964,0
DA:965,0
DA:966,0
DA:969,0
DA:972,0
DA:973,0
DA:974,0
DA:997,0
DA:998,0
DA:999,0
DA:1000,0
DA:1001,0
DA:1002,0
DA:1005,0
DA:1008,0
DA:1009,0
DA:1010,0
DA:1155,0
LF:292
LH:0
BRDA:93,0,0,0
BRDA:93,0,1,0
BRDA:93,1,0,0
BRDA:93,1,1,0
BRDA:103,2,0,0
BRDA:103,2,1,0
BRDA:103,3,0,0
BRDA:103,3,1,0
BRDA:103,3,2,0
BRDA:108,4,0,0
BRDA:108,4,1,0
BRDA:108,5,0,0
BRDA:108,5,1,0
BRDA:118,6,0,0
BRDA:118,6,1,0
BRDA:118,7,0,0
BRDA:118,7,1,0
BRDA:121,8,0,0
BRDA:121,8,1,0
BRDA:122,9,0,0
BRDA:122,9,1,0
BRDA:122,10,0,0
BRDA:122,10,1,0
BRDA:137,11,0,0
BRDA:137,11,1,0
BRDA:137,12,0,0
BRDA:137,12,1,0
BRDA:140,13,0,0
BRDA:140,13,1,0
BRDA:140,14,0,0
BRDA:140,14,1,0
BRDA:147,15,0,0
BRDA:147,15,1,0
BRDA:157,16,0,0
BRDA:157,16,1,0
BRDA:157,17,0,0
BRDA:157,17,1,0
BRDA:166,18,0,0
BRDA:166,18,1,0
BRDA:166,19,0,0
BRDA:166,19,1,0
BRDA:166,19,2,0
BRDA:166,19,3,0
BRDA:189,20,0,0
BRDA:189,20,1,0
BRDA:189,21,0,0
BRDA:189,21,1,0
BRDA:199,22,0,0
BRDA:199,22,1,0
BRDA:199,23,0,0
BRDA:199,23,1,0
BRDA:212,24,0,0
BRDA:212,24,1,0
BRDA:212,25,0,0
BRDA:212,25,1,0
BRDA:228,26,0,0
BRDA:228,26,1,0
BRDA:228,27,0,0
BRDA:228,27,1,0
BRDA:228,27,2,0
BRDA:235,28,0,0
BRDA:235,28,1,0
BRDA:255,29,0,0
BRDA:255,29,1,0
BRDA:265,30,0,0
BRDA:265,30,1,0
BRDA:265,31,0,0
BRDA:265,31,1,0
BRDA:268,32,0,0
BRDA:268,32,1,0
BRDA:268,33,0,0
BRDA:268,33,1,0
BRDA:284,34,0,0
BRDA:284,34,1,0
BRDA:306,35,0,0
BRDA:306,35,1,0
BRDA:306,36,0,0
BRDA:306,36,1,0
BRDA:319,37,0,0
BRDA:319,37,1,0
BRDA:344,38,0,0
BRDA:344,38,1,0
BRDA:359,39,0,0
BRDA:359,39,1,0
BRDA:377,40,0,0
BRDA:377,40,1,0
BRDA:377,41,0,0
BRDA:377,41,1,0
BRDA:388,42,0,0
BRDA:388,42,1,0
BRDA:388,43,0,0
BRDA:388,43,1,0
BRDA:388,43,2,0
BRDA:393,44,0,0
BRDA:393,44,1,0
BRDA:393,45,0,0
BRDA:393,45,1,0
BRDA:401,46,0,0
BRDA:401,46,1,0
BRDA:401,47,0,0
BRDA:401,47,1,0
BRDA:401,47,2,0
BRDA:413,48,0,0
BRDA:413,48,1,0
BRDA:413,49,0,0
BRDA:413,49,1,0
BRDA:415,50,0,0
BRDA:415,50,1,0
BRDA:417,51,0,0
BRDA:417,51,1,0
BRDA:422,52,0,0
BRDA:422,52,1,0
BRDA:424,53,0,0
BRDA:424,53,1,0
BRDA:424,54,0,0
BRDA:424,54,1,0
BRDA:430,55,0,0
BRDA:430,55,1,0
BRDA:430,56,0,0
BRDA:430,56,1,0
BRDA:437,57,0,0
BRDA:437,57,1,0
BRDA:442,58,0,0
BRDA:442,58,1,0
BRDA:442,59,0,0
BRDA:442,59,1,0
BRDA:450,60,0,0
BRDA:450,60,1,0
BRDA:450,61,0,0
BRDA:450,61,1,0
BRDA:455,62,0,0
BRDA:455,62,1,0
BRDA:455,63,0,0
BRDA:455,63,1,0
BRDA:464,64,0,0
BRDA:464,64,1,0
BRDA:468,65,0,0
BRDA:468,65,1,0
BRDA:473,66,0,0
BRDA:473,66,1,0
BRDA:494,67,0,0
BRDA:494,67,1,0
BRDA:502,68,0,0
BRDA:502,68,1,0
BRDA:502,69,0,0
BRDA:502,69,1,0
BRDA:507,70,0,0
BRDA:507,70,1,0
BRDA:507,71,0,0
BRDA:507,71,1,0
BRDA:522,72,0,0
BRDA:522,72,1,0
BRDA:555,73,0,0
BRDA:555,73,1,0
BRDA:599,74,0,0
BRDA:599,74,1,0
BRDA:612,75,0,0
BRDA:612,75,1,0
BRDA:623,76,0,0
BRDA:623,76,1,0
BRDA:635,77,0,0
BRDA:635,77,1,0
BRDA:646,78,0,0
BRDA:646,78,1,0
BRDA:652,79,0,0
BRDA:652,79,1,0
BRDA:660,80,0,0
BRDA:660,80,1,0
BRDA:667,81,0,0
BRDA:667,81,1,0
BRDA:668,82,0,0
BRDA:668,82,1,0
BRDA:688,83,0,0
BRDA:688,83,1,0
BRDA:688,83,2,0
BRDA:708,84,0,0
BRDA:708,84,1,0
BRDA:714,85,0,0
BRDA:714,85,1,0
BRDA:715,86,0,0
BRDA:715,86,1,0
BRDA:723,87,0,0
BRDA:723,87,1,0
BRDA:727,88,0,0
BRDA:727,88,1,0
BRDA:728,89,0,0
BRDA:728,89,1,0
BRDA:729,90,0,0
BRDA:729,90,1,0
BRDA:731,91,0,0
BRDA:731,91,1,0
BRDA:731,91,2,0
BRDA:738,92,0,0
BRDA:738,92,1,0
BRDA:739,93,0,0
BRDA:739,93,1,0
BRDA:740,94,0,0
BRDA:740,94,1,0
BRDA:742,95,0,0
BRDA:742,95,1,0
BRDA:742,95,2,0
BRDA:760,96,0,0
BRDA:760,96,1,0
BRDA:763,97,0,0
BRDA:763,97,1,0
BRDA:781,98,0,0
BRDA:781,98,1,0
BRDA:786,99,0,0
BRDA:786,99,1,0
BRDA:792,100,0,0
BRDA:792,100,1,0
BRDA:798,101,0,0
BRDA:798,101,1,0
BRDA:805,102,0,0
BRDA:805,102,1,0
BRDA:805,102,2,0
BRDA:814,103,0,0
BRDA:814,103,1,0
BRDA:814,103,2,0
BRDA:829,104,0,0
BRDA:829,104,1,0
BRDA:829,105,0,0
BRDA:829,105,1,0
BRDA:835,106,0,0
BRDA:835,106,1,0
BRDA:841,107,0,0
BRDA:841,107,1,0
BRDA:847,108,0,0
BRDA:847,108,1,0
BRDA:847,108,2,0
BRDA:850,109,0,0
BRDA:850,109,1,0
BRDA:857,110,0,0
BRDA:857,110,1,0
BRDA:857,110,2,0
BRDA:870,111,0,0
BRDA:870,111,1,0
BRDA:870,111,2,0
BRDA:880,112,0,0
BRDA:880,112,1,0
BRDA:880,113,0,0
BRDA:880,113,1,0
BRDA:880,113,2,0
BRDA:885,114,0,0
BRDA:885,114,1,0
BRDA:888,115,0,0
BRDA:888,115,1,0
BRDA:888,116,0,0
BRDA:888,116,1,0
BRDA:890,117,0,0
BRDA:890,117,1,0
BRDA:898,118,0,0
BRDA:898,118,1,0
BRDA:898,119,0,0
BRDA:898,119,1,0
BRDA:898,119,2,0
BRDA:903,120,0,0
BRDA:903,120,1,0
BRDA:905,121,0,0
BRDA:905,121,1,0
BRDA:905,122,0,0
BRDA:905,122,1,0
BRDA:912,123,0,0
BRDA:912,123,1,0
BRDA:926,124,0,0
BRDA:926,124,1,0
BRDA:928,125,0,0
BRDA:928,125,1,0
BRDA:928,126,0,0
BRDA:928,126,1,0
BRDA:935,127,0,0
BRDA:935,127,1,0
BRDA:935,128,0,0
BRDA:935,128,1,0
BRDA:949,129,0,0
BRDA:949,129,1,0
BRDA:949,129,2,0
BRDA:956,130,0,0
BRDA:956,130,1,0
BRDA:956,131,0,0
BRDA:956,131,1,0
BRDA:962,132,0,0
BRDA:962,132,1,0
BRDA:964,133,0,0
BRDA:964,133,1,0
BRDA:964,134,0,0
BRDA:964,134,1,0
BRDA:965,135,0,0
BRDA:965,135,1,0
BRDA:965,136,0,0
BRDA:965,136,1,0
BRDA:972,137,0,0
BRDA:972,137,1,0
BRDA:972,138,0,0
BRDA:972,138,1,0
BRDA:980,139,0,0
BRDA:980,139,1,0
BRDA:980,139,2,0
BRDA:999,140,0,0
BRDA:999,140,1,0
BRDA:1001,141,0,0
BRDA:1001,141,1,0
BRDA:1001,142,0,0
BRDA:1001,142,1,0
BRDA:1008,143,0,0
BRDA:1008,143,1,0
BRDA:1008,144,0,0
BRDA:1008,144,1,0
BRDA:1014,145,0,0
BRDA:1014,145,1,0
BRDA:1017,146,0,0
BRDA:1017,146,1,0
BRDA:1025,147,0,0
BRDA:1025,147,1,0
BRDA:1034,148,0,0
BRDA:1034,148,1,0
BRDA:1034,148,2,0
BRDA:1034,148,3,0
BRDA:1045,149,0,0
BRDA:1045,149,1,0
BRDA:1054,150,0,0
BRDA:1054,150,1,0
BRDA:1098,151,0,0
BRDA:1098,151,1,0
BRDA:1108,152,0,0
BRDA:1108,152,1,0
BRDA:1109,153,0,0
BRDA:1109,153,1,0
BRDA:1117,154,0,0
BRDA:1117,154,1,0
BRDA:1120,155,0,0
BRDA:1120,155,1,0
BRDA:1127,156,0,0
BRDA:1127,156,1,0
BRDA:1135,157,0,0
BRDA:1135,157,1,0
BRDA:1135,157,2,0
BRDA:1153,158,0,0
BRDA:1153,158,1,0
BRF:339
BRH:0
end_of_record
TN:
SF:src\Components\RuleOf72CalculatorModal\RuleOf72CalculatorModal.tsx
FN:55,RuleOf72CalculatorModal
FN:99,(anonymous_1)
FN:103,(anonymous_2)
FN:107,(anonymous_3)
FN:111,(anonymous_4)
FN:132,(anonymous_5)
FN:168,(anonymous_6)
FN:177,(anonymous_7)
FN:183,(anonymous_8)
FN:190,(anonymous_9)
FN:199,(anonymous_10)
FN:205,(anonymous_11)
FN:231,(anonymous_12)
FN:279,(anonymous_13)
FN:295,(anonymous_14)
FN:324,(anonymous_15)
FN:375,(anonymous_16)
FN:393,(anonymous_17)
FN:400,(anonymous_18)
FN:437,(anonymous_19)
FN:450,(anonymous_20)
FN:455,(anonymous_21)
FN:481,(anonymous_22)
FN:494,(anonymous_23)
FN:508,(anonymous_24)
FN:531,(anonymous_25)
FN:544,(anonymous_26)
FN:558,(anonymous_27)
FN:581,(anonymous_28)
FN:591,(anonymous_29)
FN:596,(anonymous_30)
FN:619,(anonymous_31)
FN:632,(anonymous_32)
FN:646,(anonymous_33)
FN:664,(anonymous_34)
FN:678,(anonymous_35)
FN:695,(anonymous_36)
FN:813,(anonymous_37)
FN:879,(anonymous_38)
FN:909,(anonymous_39)
FN:945,(anonymous_40)
FNF:41
FNH:0
FNDA:0,RuleOf72CalculatorModal
FNDA:0,(anonymous_1)
FNDA:0,(anonymous_2)
FNDA:0,(anonymous_3)
FNDA:0,(anonymous_4)
FNDA:0,(anonymous_5)
FNDA:0,(anonymous_6)
FNDA:0,(anonymous_7)
FNDA:0,(anonymous_8)
FNDA:0,(anonymous_9)
FNDA:0,(anonymous_10)
FNDA:0,(anonymous_11)
FNDA:0,(anonymous_12)
FNDA:0,(anonymous_13)
FNDA:0,(anonymous_14)
FNDA:0,(anonymous_15)
FNDA:0,(anonymous_16)
FNDA:0,(anonymous_17)
FNDA:0,(anonymous_18)
FNDA:0,(anonymous_19)
FNDA:0,(anonymous_20)
FNDA:0,(anonymous_21)
FNDA:0,(anonymous_22)
FNDA:0,(anonymous_23)
FNDA:0,(anonymous_24)
FNDA:0,(anonymous_25)
FNDA:0,(anonymous_26)
FNDA:0,(anonymous_27)
FNDA:0,(anonymous_28)
FNDA:0,(anonymous_29)
FNDA:0,(anonymous_30)
FNDA:0,(anonymous_31)
FNDA:0,(anonymous_32)
FNDA:0,(anonymous_33)
FNDA:0,(anonymous_34)
FNDA:0,(anonymous_35)
FNDA:0,(anonymous_36)
FNDA:0,(anonymous_37)
FNDA:0,(anonymous_38)
FNDA:0,(anonymous_39)
FNDA:0,(anonymous_40)
DA:56,0
DA:65,0
DA:66,0
DA:67,0
DA:68,0
DA:71,0
DA:91,0
DA:99,0
DA:100,0
DA:103,0
DA:104,0
DA:107,0
DA:108,0
DA:111,0
DA:117,0
DA:118,0
DA:120,0
DA:122,0
DA:123,0
DA:126,0
DA:129,0
DA:132,0
DA:138,0
DA:139,0
DA:140,0
DA:142,0
DA:143,0
DA:144,0
DA:145,0
DA:146,0
DA:148,0
DA:149,0
DA:150,0
DA:151,0
DA:152,0
DA:155,0
DA:165,0
DA:168,0
DA:169,0
DA:170,0
DA:171,0
DA:172,0
DA:173,0
DA:174,0
DA:177,0
DA:178,0
DA:179,0
DA:180,0
DA:183,0
DA:184,0
DA:185,0
DA:186,0
DA:187,0
DA:190,0
DA:191,0
DA:199,0
DA:200,0
DA:201,0
DA:202,0
DA:205,0
DA:206,0
DA:208,0
DA:209,0
DA:212,0
DA:213,0
DA:214,0
DA:218,0
DA:219,0
DA:220,0
DA:224,0
DA:225,0
DA:228,0
DA:231,0
DA:232,0
DA:233,0
DA:234,0
DA:235,0
DA:238,0
DA:240,0
DA:242,0
DA:244,0
DA:245,0
DA:246,0
DA:248,0
DA:258,0
DA:259,0
DA:261,0
DA:265,0
DA:266,0
DA:268,0
DA:275,0
DA:279,0
DA:285,0
DA:287,0
DA:288,0
DA:290,0
DA:294,0
DA:295,0
DA:296,0
DA:297,0
DA:298,0
DA:299,0
DA:301,0
DA:312,0
DA:313,0
DA:316,0
DA:317,0
DA:319,0
DA:324,0
DA:325,0
DA:332,0
DA:339,0
DA:346,0
DA:376,0
DA:394,0
DA:395,0
DA:397,0
DA:401,0
DA:402,0
DA:403,0
DA:437,0
DA:451,0
DA:452,0
DA:455,0
DA:481,0
DA:494,0
DA:508,0
DA:531,0
DA:544,0
DA:558,0
DA:581,0
DA:592,0
DA:597,0
DA:598,0
DA:599,0
DA:619,0
DA:632,0
DA:646,0
DA:664,0
DA:678,0
DA:695,0
DA:814,0
DA:880,0
DA:910,0
DA:945,0
LF:145
LH:0
BRDA:122,0,0,0
BRDA:122,0,1,0
BRDA:136,1,0,0
BRDA:149,2,0,0
BRDA:149,2,1,0
BRDA:169,3,0,0
BRDA:169,3,1,0
BRDA:170,4,0,0
BRDA:170,4,1,0
BRDA:171,5,0,0
BRDA:171,5,1,0
BRDA:172,6,0,0
BRDA:172,6,1,0
BRDA:173,7,0,0
BRDA:173,7,1,0
BRDA:178,8,0,0
BRDA:178,8,1,0
BRDA:179,9,0,0
BRDA:179,9,1,0
BRDA:184,10,0,0
[...]
DA:127,5
DA:129,4
DA:133,138
DA:134,138
DA:136,138
DA:138,138
DA:150,135
DA:151,135
DA:156,3
DA:157,3
DA:158,3
DA:166,34
DA:168,0
DA:169,0
DA:172,34
DA:182,68
DA:183,34
DA:185,34
DA:186,138
DA:187,148
DA:188,14
DA:193,34
DA:200,8
DA:202,8
DA:203,8
DA:204,8
DA:205,8
DA:206,8
DA:207,8
DA:208,3
DA:210,8
DA:211,8
DA:212,8
DA:213,8
DA:215,8
DA:216,2
DA:217,2
DA:220,8
LF:77
LH:75
BRDA:36,0,0,14
BRDA:36,0,1,350
BRDA:86,1,0,23
BRDA:86,1,1,112
BRDA:92,2,0,112
BRDA:92,2,1,0
BRDA:97,3,0,112
BRDA:97,3,1,1
BRDA:98,4,0,112
BRDA:98,4,1,1
BRDA:112,5,0,4
BRDA:112,5,1,142
BRDA:122,6,0,4
BRDA:122,6,1,138
BRDA:144,7,0,138
BRDA:144,7,1,138
BRDA:145,8,0,146
BRDA:145,8,1,1
BRDA:146,9,0,146
BRDA:146,9,1,1
BRDA:161,10,0,2
BRDA:161,10,1,1
BRDA:187,11,0,14
BRDA:187,11,1,134
BRDA:187,12,0,148
BRDA:187,12,1,15
BRDA:207,13,0,3
BRDA:207,13,1,5
BRDA:215,14,0,2
BRDA:215,14,1,6
BRF:30
BRH:29
end_of_record
TN:
SF:src\utils\csvParser.ts
FN:60,parseCSVFile
FN:68,parseCSVText
FN:69,(anonymous_2)
FN:117,parseCSVLine
FN:153,normalizeHeaders
FN:171,validateRequiredColumns
FN:192,parseRow
FN:199,(anonymous_7)
FN:237,parseDateField
FN:272,parsePortfolioField
FN:278,(anonymous_10)
FN:279,(anonymous_11)
FN:287,parseBooleanField
FN:301,validateFileSize
FN:315,validateRowCount
FNF:15
FNH:15
FNDA:1,parseCSVFile
FNDA:56,parseCSVText
FNDA:115,(anonymous_2)
FNDA:112,parseCSVLine
FNDA:54,normalizeHeaders
FNDA:54,validateRequiredColumns
FNDA:47,parseRow
FNDA:474,(anonymous_7)
FNDA:47,parseDateField
FNDA:54,parsePortfolioField
FNDA:67,(anonymous_10)
FNDA:67,(anonymous_11)
FNDA:94,parseBooleanField
FNDA:3,validateFileSize
FNDA:4,validateRowCount
DA:9,1
DA:61,1
DA:62,1
DA:69,115
DA:71,56
DA:72,2
DA:76,54
DA:77,54
DA:78,54
DA:81,54
DA:84,54
DA:85,54
DA:86,47
DA:87,47
DA:89,47
DA:90,47
DA:91,47
DA:92,47
DA:95,0
DA:107,43
DA:118,112
DA:119,112
DA:120,112
DA:122,112
DA:123,4378
DA:124,4378
DA:126,4378
DA:127,24
DA:129,2
DA:130,2
DA:133,22
DA:135,4354
DA:137,462
DA:138,462
DA:140,3892
DA:145,112
DA:147,112
DA:154,54
DA:156,54
DA:157,280
DA:158,280
DA:160,280
DA:161,280
DA:165,54
DA:172,54
DA:173,54
DA:175,54
DA:176,270
DA:177,13
DA:181,54
DA:182,11
DA:199,47
DA:200,474
DA:201,474
DA:205,47
DA:206,47
DA:207,47
DA:208,47
DA:209,47
DA:212,47
DA:213,47
DA:214,47
DA:215,47
DA:216,47
DA:218,47
DA:238,47
DA:240,47
DA:243,47
DA:244,42
DA:248,5
DA:249,5
DA:250,3
DA:251,3
DA:252,3
DA:253,3
DA:257,2
DA:258,2
DA:259,1
DA:260,1
DA:261,1
DA:262,1
DA:266,1
DA:273,54
DA:276,53
DA:278,67
DA:279,67
DA:281,53
DA:288,94
DA:290,13
DA:292,13
DA:293,7
DA:295,2
DA:302,3
DA:304,3
DA:305,2
DA:316,4
DA:318,4
DA:319,2
LF:98
LH:97
BRDA:71,0,0,2
BRDA:71,0,1,54
BRDA:87,1,0,0
BRDA:87,1,1,47
BRDA:126,2,0,24
BRDA:126,2,1,4354
BRDA:127,3,0,2
BRDA:127,3,1,22
BRDA:127,4,0,24
BRDA:127,4,1,13
BRDA:135,5,0,462
BRDA:135,5,1,3892
BRDA:135,6,0,4354
BRDA:135,6,1,463
BRDA:160,7,0,280
BRDA:160,7,1,0
BRDA:176,8,0,13
BRDA:176,8,1,257
BRDA:181,9,0,11
BRDA:181,9,1,43
BRDA:201,10,0,264
BRDA:201,10,1,210
BRDA:201,11,0,264
BRDA:201,11,1,1
BRDA:212,12,0,47
BRDA:212,12,1,43
BRDA:213,13,0,4
BRDA:213,13,1,43
BRDA:216,14,0,47
BRDA:216,14,1,44
BRDA:238,15,0,0
BRDA:238,15,1,47
BRDA:243,16,0,42
BRDA:243,16,1,5
BRDA:249,17,0,3
BRDA:249,17,1,2
BRDA:258,18,0,1
BRDA:258,18,1,1
BRDA:273,19,0,1
BRDA:273,19,1,53
BRDA:288,20,0,81
BRDA:288,20,1,13
BRDA:292,21,0,6
BRDA:292,21,1,7
BRDA:292,22,0,13
BRDA:292,22,1,10
BRDA:292,22,2,8
BRDA:293,23,0,5
BRDA:293,23,1,2
BRDA:293,24,0,7
BRDA:293,24,1,4
BRDA:293,24,2,3
BRDA:304,25,0,2
BRDA:304,25,1,1
BRDA:318,26,0,2
BRDA:318,26,1,2
BRF:56
BRH:53
end_of_record
TN:
SF:src\utils\csvValidator.ts
FN:19,validateCSVData
FN:25,(anonymous_1)
FN:63,validateRow
FN:116,(anonymous_3)
FN:140,validateDateField
FN:181,isDuplicateLot
FN:182,(anonymous_6)
FN:196,getValidationSummary
FN:205,(anonymous_8)
FN:206,(anonymous_9)
FN:207,(anonymous_10)
FN:221,getMissingPortfolios
FN:225,(anonymous_12)
FN:242,getUniqueTickers
FN:257,tickerExists
FN:258,(anonymous_15)
FNF:16
FNH:16
FNDA:4,validateCSVData
FNDA:8,(anonymous_1)
FNDA:40,validateRow
FNDA:38,(anonymous_3)
FNDA:40,validateDateField
FNDA:12,isDuplicateLot
FNDA:16,(anonymous_6)
FNDA:2,getValidationSummary
FNDA:4,(anonymous_8)
FNDA:4,(anonymous_9)
FNDA:4,(anonymous_10)
FNDA:4,getMissingPortfolios
FNDA:8,(anonymous_12)
FNDA:37,getUniqueTickers
FNDA:140,tickerExists
FNDA:253,(anonymous_15)
DA:24,4
DA:25,8
DA:27,4
DA:28,5
DA:31,5
DA:34,5
DA:35,2
DA:38,3
DA:39,3
DA:40,1
DA:41,1
DA:42,1
DA:44,2
DA:48,5
DA:57,4
DA:67,40
DA:70,40
DA:71,3
DA:75,37
DA:76,4
DA:83,40
DA:84,6
DA:91,40
DA:92,5
DA:99,40
DA:100,40
DA:101,7
DA:108,40
DA:109,3
DA:115,37
DA:116,38
DA:118,37
DA:125,40
DA:126,4
DA:127,2
DA:134,40
DA:141,40
DA:142,1
DA:146,39
DA:147,3
DA:151,36
DA:152,36
DA:154,36
DA:159,1
DA:163,35
DA:164,35
DA:166,35
DA:167,1
DA:171,34
DA:172,1
DA:175,33
DA:182,12
DA:184,16
DA:185,16
DA:186,16
DA:187,16
DA:189,16
DA:203,2
DA:205,4
DA:206,4
DA:207,4
DA:209,2
DA:225,8
DA:226,4
DA:228,4
DA:229,6
DA:230,13
DA:231,7
DA:236,4
DA:243,37
DA:245,37
DA:246,144
DA:247,143
DA:251,37
DA:258,253
LF:75
LH:75
BRDA:34,0,0,2
BRDA:34,0,1,3
BRDA:39,1,0,1
BRDA:39,1,1,2
BRDA:70,2,0,3
BRDA:70,2,1,37
BRDA:70,3,0,40
BRDA:70,3,1,37
BRDA:75,4,0,4
BRDA:75,4,1,33
BRDA:83,5,0,6
BRDA:83,5,1,34
BRDA:83,6,0,40
BRDA:83,6,1,39
BRDA:91,7,0,5
BRDA:91,7,1,35
BRDA:91,8,0,40
BRDA:91,8,1,39
BRDA:100,9,0,7
BRDA:100,9,1,33
BRDA:108,10,0,3
BRDA:108,10,1,37
BRDA:108,11,0,40
BRDA:108,11,1,40
BRDA:118,12,0,2
BRDA:118,12,1,35
BRDA:125,13,0,4
BRDA:125,13,1,36
BRDA:126,14,0,2
BRDA:126,14,1,2
BRDA:126,15,0,4
BRDA:126,15,1,3
BRDA:141,16,0,1
BRDA:141,16,1,39
BRDA:141,17,0,40
BRDA:141,17,1,39
BRDA:146,18,0,3
BRDA:146,18,1,36
BRDA:154,19,0,1
BRDA:154,19,1,35
BRDA:155,20,0,36
BRDA:155,20,1,36
BRDA:155,20,2,35
BRDA:166,21,0,1
BRDA:166,21,1,34
BRDA:171,22,0,1
BRDA:171,22,1,33
BRDA:189,23,0,16
BRDA:189,23,1,8
BRDA:189,23,2,7
BRDA:189,23,3,6
BRDA:230,24,0,7
BRDA:230,24,1,6
BRDA:230,25,0,13
BRDA:230,25,1,9
BRDA:246,26,0,143
BRDA:246,26,1,1
BRDA:246,27,0,144
BRDA:246,27,1,143
BRF:59
BRH:59
end_of_record
TN:
SF:src\utils\currentHoldingsCalculations.ts
FN:17,calculateCurrentHoldings
FN:23,(anonymous_1)
FN:24,(anonymous_2)
FN:28,(anonymous_3)
FN:38,(anonymous_4)
FN:40,(anonymous_5)
FN:44,(anonymous_6)
FN:49,(anonymous_7)
FN:53,(anonymous_8)
FN:70,(anonymous_9)
FN:70,(anonymous_10)
FN:71,(anonymous_11)
FN:75,(anonymous_12)
FN:76,(anonymous_13)
FNF:14
FNH:14
FNDA:18,calculateCurrentHoldings
FNDA:29,(anonymous_1)
FNDA:29,(anonymous_2)
FNDA:27,(anonymous_3)
FNDA:24,(anonymous_4)
FNDA:27,(anonymous_5)
FNDA:27,(anonymous_6)
FNDA:25,(anonymous_7)
FNDA:39,(anonymous_8)
FNDA:54,(anonymous_9)
FNDA:65,(anonymous_10)
FNDA:54,(anonymous_11)
FNDA:24,(anonymous_12)
FNDA:6,(anonymous_13)
DA:23,18
DA:24,29
DA:28,18
DA:29,27
DA:30,27
DA:31,24
DA:33,27
DA:34,27
DA:38,18
DA:40,27
DA:41,24
DA:44,27
DA:45,24
DA:48,24
DA:49,25
DA:53,39
DA:54,24
DA:56,24
DA:66,18
DA:69,18
DA:70,65
DA:71,54
DA:74,18
DA:75,24
DA:76,6
DA:79,18
LF:26
LH:26
BRDA:30,0,0,24
BRDA:30,0,1,3
BRDA:45,1,0,23
BRDA:45,1,1,1
BRDA:54,2,0,24
BRDA:54,2,1,5
BRF:6
BRH:6
end_of_record
TN:
SF:src\utils\dateRangeCalculations.ts
FN:33,formatDate
FN:43,formatDateShort
FN:54,fetchHistoricalPriceForDate
FN:88,(anonymous_3)
FN:110,fetchHistoricalPriceRange
FN:135,(anonymous_5)
FN:153,calculateTickerDateRangePerformance
FN:216,calculateDateRangePerformance
FN:223,(anonymous_8)
FN:271,(anonymous_9)
FN:275,(anonymous_10)
FN:285,(anonymous_11)
FN:326,calculateDailyPortfolioValues
FN:369,(anonymous_13)
FNF:14
FNH:14
FNDA:40,formatDate
FNDA:18,formatDateShort
FNDA:21,fetchHistoricalPriceForDate
FNDA:2,(anonymous_3)
FNDA:14,fetchHistoricalPriceRange
FNDA:8,(anonymous_5)
FNDA:13,calculateTickerDateRangePerformance
FNDA:8,calculateDateRangePerformance
FNDA:11,(anonymous_8)
FNDA:8,(anonymous_9)
FNDA:8,(anonymous_10)
FNDA:10,(anonymous_11)
FNDA:7,calculateDailyPortfolioValues
FNDA:19,(anonymous_13)
DA:20,2
DA:27,2
DA:28,2
DA:34,40
DA:35,40
DA:36,40
DA:37,40
DA:44,18
DA:45,18
DA:47,18
DA:59,21
DA:60,21
DA:61,21
DA:62,9
DA:65,12
DA:67,12
DA:68,12
DA:69,12
DA:71,12
DA:72,12
DA:74,12
DA:82,11
DA:83,2
DA:84,2
DA:88,9
DA:89,2
DA:92,9
DA:95,9
DA:100,9
DA:102,1
DA:103,1
DA:115,14
DA:118,14
DA:119,14
DA:120,6
DA:123,8
DA:124,8
DA:132,7
DA:135,14
DA:138,14
DA:143,14
DA:145,1
DA:146,1
DA:160,13
DA:161,13
DA:162,13
DA:163,13
DA:166,13
DA:169,13
DA:170,14
DA:172,14
DA:173,14
DA:175,14
DA:177,11
DA:178,10
DA:181,1
DA:182,1
DA:183,1
DA:187,3
DA:191,13
DA:192,13
DA:193,13
DA:197,13
DA:223,11
DA:225,8
DA:226,1
DA:242,7
DA:243,7
DA:244,10
DA:245,9
DA:247,10
DA:251,7
DA:252,7
DA:253,9
DA:254,9
DA:255,1
DA:256,1
DA:259,8
DA:266,8
DA:270,7
DA:271,8
DA:274,7
DA:275,8
DA:278,7
DA:279,7
DA:284,8
DA:285,10
DA:288,8
DA:289,8
DA:294,8
DA:295,8
DA:301,7
DA:308,7
DA:336,7
DA:339,7
DA:340,7
DA:341,9
DA:342,9
DA:346,7
DA:347,7
DA:348,9
DA:349,13
DA:354,7
DA:361,7
DA:363,7
DA:364,11
DA:365,11
DA:367,11
DA:368,13
DA:369,19
DA:371,13
DA:373,0
DA:378,13
DA:379,13
DA:380,16
DA:381,16
DA:383,16
DA:384,15
DA:388,13
DA:389,13
DA:390,13
DA:394,11
DA:395,11
DA:403,7
LF:124
LH:123
BRDA:61,0,0,9
BRDA:61,0,1,12
BRDA:61,1,0,21
BRDA:61,1,1,9
BRDA:82,2,0,2
BRDA:82,2,1,9
BRDA:82,3,0,11
BRDA:82,3,1,11
BRDA:119,4,0,6
BRDA:119,4,1,8
BRDA:119,5,0,14
BRDA:119,5,1,6
BRDA:132,6,0,7
BRDA:132,6,1,0
BRDA:158,7,0,13
BRDA:175,8,0,11
BRDA:175,8,1,3
BRDA:177,9,0,10
BRDA:177,9,1,1
BRDA:193,10,0,12
BRDA:193,10,1,1
BRDA:209,11,0,1
BRDA:209,11,1,12
BRDA:220,12,0,8
BRDA:225,13,0,1
BRDA:225,13,1,7
BRDA:244,14,0,9
BRDA:244,14,1,1
BRDA:254,15,0,1
BRDA:254,15,1,8
BRDA:279,16,0,6
BRDA:279,16,1,1
BRDA:289,17,0,7
BRDA:289,17,1,0
BRDA:295,18,0,8
BRDA:295,18,1,0
BRDA:368,19,0,13
BRDA:368,19,1,0
BRDA:371,20,0,0
BRDA:371,20,1,13
BRDA:383,21,0,15
BRDA:383,21,1,1
BRDA:389,22,0,13
BRDA:389,22,1,0
BRDA:394,23,0,11
BRDA:394,23,1,0
BRF:46
BRH:39
end_of_record
TN:
SF:src\utils\devTools.ts
FN:12,(anonymous_0)
FNF:1
FNH:0
FNDA:0,(anonymous_0)
DA:11,0
DA:12,0
DA:13,0
DA:14,0
DA:17,0
LF:5
LH:0
BRDA:11,0,0,0
BRDA:11,0,1,0
BRF:2
BRH:0
end_of_record
TN:
SF:src\utils\fmpApiClient.ts
FN:7,getAmplifyClient
FN:19,callFmpApi
FN:58,getUserFmpApiKey
FN:63,setUserFmpApiKey
FN:84,deleteUserFmpApiKey
FNF:5
FNH:5
FNDA:30,getAmplifyClient
FNDA:22,callFmpApi
FNDA:20,getUserFmpApiKey
FNDA:8,setUserFmpApiKey
FNDA:6,deleteUserFmpApiKey
DA:5,2
DA:8,30
DA:9,1
DA:11,30
DA:20,22
DA:23,22
DA:25,22
DA:26,1
DA:29,21
DA:30,20
DA:32,22
DA:33,3
DA:36,17
DA:49,16
DA:50,3
DA:51,2
DA:54,13
DA:55,12
DA:59,20
DA:60,17
DA:64,8
DA:65,7
DA:67,7
DA:68,3
DA:75,4
DA:85,6
DA:86,5
DA:87,3
LF:28
LH:28
BRDA:8,0,0,1
BRDA:8,0,1,29
BRDA:20,1,0,22
BRDA:23,2,0,22
BRDA:23,2,1,1
BRDA:25,3,0,1
BRDA:25,3,1,21
BRDA:32,4,0,3
BRDA:32,4,1,19
BRDA:49,5,0,3
BRDA:49,5,1,13
BRDA:51,6,0,2
BRDA:51,6,1,1
BRDA:60,7,0,8
BRDA:60,7,1,9
BRDA:60,8,0,17
BRDA:60,8,1,14
BRDA:67,9,0,3
BRDA:67,9,1,4
BRDA:86,10,0,3
BRDA:86,10,1,2
BRF:21
BRH:21
end_of_record
TN:
SF:src\utils\holidayCheck.ts
FN:9,getThanksgivingDate
FN:25,isHolidaySeason
FN:44,getHolidaySeasonDates
FNF:3
FNH:3
FNDA:28,getThanksgivingDate
FNDA:17,isHolidaySeason
FNDA:11,getHolidaySeasonDates
DA:10,28
DA:13,28
DA:14,28
DA:17,28
DA:18,28
DA:26,17
DA:27,17
DA:30,17
DA:31,17
DA:32,17
DA:35,17
DA:38,17
DA:45,11
DA:46,11
DA:47,11
DA:48,11
DA:50,11
DA:52,11
LF:18
LH:18
BRDA:14,0,0,2
BRDA:14,0,1,26
BRDA:38,1,0,17
BRDA:38,1,1,14
BRF:4
BRH:4
end_of_record
TN:
SF:src\utils\localStorage.ts
FN:41,loadFromLocalStorage
FN:77,saveToLocalStorage
FN:103,removeFromLocalStorage
FNF:3
FNH:3
FNDA:28,loadFromLocalStorage
FNDA:23,saveToLocalStorage
FNDA:5,removeFromLocalStorage
DA:10,1
DA:19,1
DA:46,28
DA:47,28
DA:48,28
DA:50,28
DA:51,5
DA:54,22
DA:57,22
DA:58,1
DA:59,1
DA:62,20
DA:64,2
DA:65,2
DA:82,23
DA:83,23
DA:84,23
DA:89,23
DA:90,23
DA:92,1
DA:93,1
DA:104,5
DA:105,5
DA:106,5
DA:108,1
DA:109,1
LF:26
LH:26
BRDA:50,0,0,5
BRDA:50,0,1,23
BRDA:57,1,0,1
BRDA:57,1,1,21
BRF:4
BRH:4
end_of_record
TN:
SF:src\utils\logger.ts
FN:80,logApiRequest
FN:87,logApiResponse
FN:94,logApiError
FN:101,logCalculation
FN:108,logUserAction
FNF:5
FNH:0
FNDA:0,logApiRequest
FNDA:0,logApiResponse
FNDA:0,logApiError
FNDA:0,logCalculation
FNDA:0,logUserAction
DA:29,6
DA:34,6
DA:81,0
DA:88,0
DA:95,0
DA:102,0
DA:109,0
LF:7
LH:2
BRDA:35,0,0,0
BRDA:35,0,1,6
BRDA:44,1,0,0
BRDA:44,1,1,6
BRF:4
BRH:2
end_of_record
TN:
SF:src\utils\marketHours.ts
FN:112,getEasternTime
FN:126,isMarketHoliday
FN:131,(anonymous_2)
FN:143,isTradingDay
FN:165,shouldShowAfterHoursPricing
FN:202,getCurrentMarketPeriod
FNF:6
FNH:6
FNDA:30,getEasternTime
FNDA:63,isMarketHoliday
FNDA:2541,(anonymous_2)
FNDA:39,isTradingDay
FNDA:12,shouldShowAfterHoursPricing
FNDA:16,getCurrentMarketPeriod
DA:16,1
DA:26,1
DA:35,1
DA:113,30
DA:115,30
DA:118,30
DA:128,63
DA:131,63
DA:132,2541
DA:133,2541
DA:144,39
DA:147,39
DA:150,39
DA:152,39
DA:166,12
DA:169,12
DA:170,3
DA:174,9
DA:175,9
DA:176,9
DA:179,9
DA:180,9
DA:182,9
DA:189,1
DA:203,16
DA:206,16
DA:207,3
DA:211,13
DA:212,13
DA:213,13
DA:215,13
DA:216,3
DA:217,10
DA:218,5
DA:220,5
LF:35
LH:35
BRDA:147,0,0,39
BRDA:147,0,1,36
BRDA:152,1,0,39
BRDA:152,1,1,33
BRDA:169,2,0,3
BRDA:169,2,1,9
BRDA:182,3,0,9
BRDA:182,3,1,7
BRDA:206,4,0,3
BRDA:206,4,1,13
BRDA:215,5,0,3
BRDA:215,5,1,10
BRDA:217,6,0,5
BRDA:217,6,1,5
BRF:14
BRH:14
end_of_record
TN:
SF:src\utils\purchaseIndicators.ts
FN:22,groupLotsByDate
FN:23,(anonymous_1)
FN:41,(anonymous_2)
FN:45,(anonymous_3)
FN:57,matchPurchasesWithChartData
FN:67,(anonymous_5)
FN:88,formatPurchaseTooltip
FNF:7
FNH:7
FNDA:8,groupLotsByDate
FNDA:15,(anonymous_1)
FNDA:10,(anonymous_2)
FNDA:5,(anonymous_3)
FNDA:11,matchPurchasesWithChartData
FNDA:16,(anonymous_5)
FNDA:6,formatPurchaseTooltip
DA:23,8
DA:24,15
DA:25,15
DA:26,10
DA:34,15
DA:35,15
DA:36,15
DA:37,15
DA:41,8
DA:42,10
DA:45,8
DA:46,5
DA:62,11
DA:64,11
DA:66,14
DA:67,16
DA:71,14
DA:72,8
DA:80,11
DA:89,6
DA:91,6
DA:92,3
DA:93,3
DA:95,3
LF:24
LH:24
BRDA:25,0,0,10
BRDA:25,0,1,5
BRDA:71,1,0,8
BRDA:71,1,1,6
BRDA:71,2,0,14
BRDA:71,2,1,11
BRDA:71,2,2,9
BRDA:91,3,0,3
BRDA:91,3,1,3
BRF:9
BRH:9
end_of_record
TN:
SF:src\utils\sendNotification.ts
FN:8,sendNotification
FNF:1
FNH:1
FNDA:36,sendNotification
DA:9,36
DA:13,36
DA:15,36
DA:16,3
DA:17,3
DA:20,33
DA:28,27
DA:29,7
DA:32,20
DA:34,13
LF:10
LH:10
BRDA:15,0,0,3
BRDA:15,0,1,33
BRDA:28,1,0,7
BRDA:28,1,1,20
BRF:4
BRH:4
end_of_record
TN:
SF:src\utils\taskMonitor.ts
FN:14,(anonymous_0)
FN:21,(anonymous_1)
FN:22,(anonymous_2)
FN:31,(anonymous_3)
FNF:4
FNH:4
FNDA:37,(anonymous_0)
FNDA:37,(anonymous_1)
FNDA:19,(anonymous_2)
FNDA:18,(anonymous_3)
DA:12,37
DA:15,37
DA:16,37
DA:17,37
DA:18,37
DA:22,37
DA:23,19
DA:24,19
DA:32,18
DA:33,18
DA:36,18
DA:38,18
DA:39,14
LF:13
LH:13
BRDA:14,0,0,37
BRDA:31,1,0,18
BRDA:32,2,0,18
BRDA:32,2,1,0
BRDA:38,3,0,14
BRDA:38,3,1,4
BRDA:40,4,0,12
BRDA:40,4,1,2
BRDA:41,5,0,12
BRDA:41,5,1,2
BRF:10
BRH:9
end_of_record
TN:
SF:src\utils\tickerCalculations.ts
FN:3,calculateTickerSummaries
FN:4,(anonymous_1)
FN:12,(anonymous_2)
FN:13,(anonymous_3)
FN:14,(anonymous_4)
FN:15,(anonymous_5)
FN:19,(anonymous_6)
FN:20,(anonymous_7)
FN:24,(anonymous_8)
FN:39,(anonymous_9)
FN:42,getLotsForTicker
FN:44,(anonymous_11)
FN:45,(anonymous_12)
FN:64,calculateDividendMetrics
FN:71,(anonymous_14)
FNF:15
FNH:15
FNDA:8,calculateTickerSummaries
FNDA:13,(anonymous_1)
FNDA:10,(anonymous_2)
FNDA:13,(anonymous_3)
FNDA:13,(anonymous_4)
FNDA:13,(anonymous_5)
FNDA:13,(anonymous_6)
FNDA:15,(anonymous_7)
FNDA:1,(anonymous_8)
FNDA:5,(anonymous_9)
FNDA:6,getLotsForTicker
FNDA:25,(anonymous_11)
FNDA:24,(anonymous_12)
FNDA:7,calculateDividendMetrics
FNDA:9,(anonymous_14)
DA:4,8
DA:5,13
DA:6,10
DA:8,13
DA:9,13
DA:12,8
DA:13,13
DA:14,13
DA:15,13
DA:18,10
DA:19,10
DA:20,15
DA:24,10
DA:26,10
DA:39,5
DA:43,6
DA:44,25
DA:47,24
DA:48,24
DA:51,12
DA:52,12
DA:55,4
DA:68,7
DA:69,7
DA:71,7
DA:72,9
DA:73,9
DA:75,9
DA:76,9
DA:79,7
DA:83,7
LF:31
LH:31
BRDA:3,0,0,8
BRDA:5,1,0,10
BRDA:5,1,1,3
BRDA:28,2,0,10
BRDA:28,2,1,9
BRDA:29,3,0,10
BRDA:29,3,1,9
BRDA:30,4,0,10
BRDA:30,4,1,9
BRDA:48,5,0,12
BRDA:48,5,1,12
BRDA:52,6,0,8
BRDA:52,6,1,4
BRDA:79,7,0,6
BRDA:79,7,1,1
BRF:15
BRH:15
end_of_record
TN:
SF:src\utils\tickerExporter.ts
FN:15,generateTickerCSV
FN:20,(anonymous_1)
FN:47,downloadCSV
FN:70,exportAllTickers
FN:72,(anonymous_4)
FN:97,(anonymous_5)
FNF:6
FNH:6
FNDA:48,generateTickerCSV
FNDA:55,(anonymous_1)
FNDA:31,downloadCSV
FNDA:10,exportAllTickers
FNDA:26,(anonymous_4)
FNDA:13,(anonymous_5)
DA:17,48
DA:20,48
DA:21,55
DA:22,55
DA:23,55
DA:25,55
DA:38,48
DA:48,31
DA:49,31
DA:50,31
DA:52,31
DA:53,31
DA:54,31
DA:56,31
DA:57,31
DA:58,31
DA:60,31
DA:72,10
DA:73,26
DA:74,26
DA:75,22
DA:77,26
DA:78,26
DA:82,10
DA:85,10
DA:86,22
DA:87,22
DA:90,22
DA:93,22
DA:96,22
DA:97,13
DA:101,22
LF:32
LH:32
BRDA:22,0,0,45
BRDA:22,0,1,10
BRDA:23,1,0,55
BRDA:23,1,1,42
BRDA:31,2,0,55
BRDA:31,2,1,17
BRDA:74,3,0,22
BRDA:74,3,1,4
BRDA:96,4,0,13
BRDA:96,4,1,9
BRF:10
BRH:10
end_of_record
TN:
SF:src\utils\vanguardTextParser.ts
FN:31,parseVanguardText
FN:167,(anonymous_1)
FNF:2
FNH:0
FNDA:0,parseVanguardText
FNDA:0,(anonymous_1)
DA:32,0
DA:33,0
DA:34,0
DA:36,0
DA:37,0
DA:38,0
DA:39,0
DA:40,0
DA:42,0
DA:43,0
DA:46,0
DA:47,0
DA:56,0
DA:58,0
DA:59,0
DA:60,0
DA:61,0
DA:62,0
DA:65,0
DA:69,0
DA:70,0
DA:71,0
DA:72,0
DA:73,0
DA:74,0
DA:81,0
DA:83,0
DA:86,0
DA:87,0
DA:88,0
DA:89,0
DA:95,0
DA:97,0
DA:99,0
DA:100,0
DA:101,0
DA:107,0
DA:108,0
DA:112,0
DA:113,0
DA:117,0
DA:118,0
DA:119,0
DA:123,0
DA:124,0
DA:128,0
DA:129,0
DA:134,0
DA:136,0
DA:137,0
DA:139,0
DA:140,0
DA:141,0
DA:142,0
DA:148,0
DA:149,0
DA:150,0
DA:151,0
DA:154,0
DA:155,0
DA:157,0
DA:158,0
DA:159,0
DA:160,0
DA:161,0
DA:162,0
DA:166,0
DA:167,0
DA:171,0
DA:172,0
DA:173,0
DA:174,0
DA:175,0
DA:177,0
DA:178,0
DA:179,0
DA:180,0
DA:181,0
DA:182,0
DA:183,0
DA:185,0
DA:186,0
DA:189,0
DA:190,0
DA:192,0
DA:193,0
DA:194,0
DA:195,0
DA:197,0
DA:198,0
DA:199,0
DA:202,0
DA:206,0
DA:222,0
DA:224,0
DA:225,0
DA:226,0
DA:231,0
LF:98
LH:0
BRDA:46,0,0,0
BRDA:46,0,1,0
BRDA:56,1,0,0
BRDA:56,1,1,0
BRDA:56,2,0,0
BRDA:56,2,1,0
BRDA:59,3,0,0
BRDA:59,3,1,0
BRDA:61,4,0,0
BRDA:61,4,1,0
BRDA:69,5,0,0
BRDA:69,5,1,0
BRDA:69,6,0,0
BRDA:69,6,1,0
BRDA:81,7,0,0
BRDA:81,7,1,0
BRDA:81,8,0,0
BRDA:81,8,1,0
BRDA:81,8,2,0
BRDA:83,9,0,0
BRDA:83,9,1,0
BRDA:83,10,0,0
BRDA:83,10,1,0
BRDA:83,10,2,0
BRDA:83,10,3,0
BRDA:83,10,4,0
BRDA:83,10,5,0
BRDA:95,11,0,0
BRDA:95,11,1,0
BRDA:97,12,0,0
BRDA:97,12,1,0
BRDA:97,13,0,0
BRDA:97,13,1,0
BRDA:97,13,2,0
BRDA:97,13,3,0
BRDA:97,13,4,0
BRDA:107,14,0,0
BRDA:107,14,1,0
BRDA:112,15,0,0
BRDA:112,15,1,0
BRDA:112,16,0,0
BRDA:112,16,1,0
BRDA:112,16,2,0
BRDA:117,17,0,0
BRDA:117,17,1,0
BRDA:123,18,0,0
BRDA:123,18,1,0
BRDA:123,19,0,0
BRDA:123,19,1,0
BRDA:123,19,2,0
BRDA:128,20,0,0
BRDA:128,20,1,0
BRDA:128,21,0,0
BRDA:128,21,1,0
BRDA:134,22,0,0
BRDA:134,22,1,0
BRDA:134,23,0,0
BRDA:134,23,1,0
BRDA:139,24,0,0
BRDA:139,24,1,0
BRDA:149,25,0,0
BRDA:149,25,1,0
BRDA:157,26,0,0
BRDA:157,26,1,0
BRDA:160,27,0,0
BRDA:160,27,1,0
BRDA:177,28,0,0
BRDA:177,28,1,0
BRDA:180,29,0,0
BRDA:180,29,1,0
BRDA:181,30,0,0
BRDA:181,30,1,0
BRDA:183,31,0,0
BRDA:183,31,1,0
BRDA:190,32,0,0
BRDA:190,32,1,0
BRDA:193,33,0,0
BRDA:193,33,1,0
BRDA:194,34,0,0
BRDA:194,34,1,0
BRDA:194,34,2,0
BRDA:195,35,0,0
BRDA:195,35,1,0
BRDA:199,36,0,0
BRDA:199,36,1,0
BRDA:222,37,0,0
BRDA:222,37,1,0
BRF:87
BRH:0
end_of_record
TN:
SF:src\utils\vanguardTextToCsv.ts
FN:10,convertToCSV
FN:55,downloadCSV
FNF:2
FNH:0
FNDA:0,convertToCSV
FNDA:0,downloadCSV
DA:11,0
DA:28,0
DA:30,0
DA:31,0
DA:46,0
DA:49,0
DA:56,0
DA:57,0
DA:59,0
DA:60,0
DA:61,0
DA:62,0
DA:63,0
DA:64,0
DA:65,0
DA:66,0
DA:67,0
LF:17
LH:0
BRDA:59,0,0,0
BRDA:59,0,1,0
BRF:2
BRH:0
end_of_record
TN:
SF:src\utils\ytdCalculations.ts
FN:25,calculateTickerYTD
FN:88,calculateYTDPerformance
FN:111,(anonymous_2)
FNF:3
FNH:3
FNDA:17,calculateTickerYTD
FNDA:10,calculateYTDPerformance
FNDA:9,(anonymous_2)
DA:31,17
DA:32,17
DA:33,17
DA:34,17
DA:37,17
DA:40,17
DA:41,26
DA:43,26
DA:44,26
DA:46,26
DA:48,20
DA:49,18
DA:52,2
DA:53,2
DA:54,2
DA:58,6
DA:62,17
DA:63,17
DA:64,17
DA:68,17
DA:94,10
DA:103,10
DA:111,9
DA:131,10
LF:24
LH:24
BRDA:29,0,0,17
BRDA:46,1,0,20
BRDA:46,1,1,6
BRDA:48,2,0,18
BRDA:48,2,1,2
BRDA:64,3,0,16
BRDA:64,3,1,1
BRDA:80,4,0,2
BRDA:80,4,1,15
BRDA:91,5,0,10
BRF:10
BRH:10
end_of_record
